#
# There is insufficient memory for the Java Runtime Environment to continue.
# Native memory allocation (malloc) failed to allocate 1008656 bytes for Chunk::new
# Possible reasons:
#   The system is out of physical RAM or swap space
#   The process is running with CompressedOops enabled, and the Java Heap may be blocking the growth of the native heap
# Possible solutions:
#   Reduce memory load on the system
#   Increase physical memory or swap space
#   Check if swap backing store is full
#   Decrease Java heap size (-Xmx/-Xms)
#   Decrease number of Java threads
#   Decrease Java thread stack sizes (-Xss)
#   Set larger code cache with -XX:ReservedCodeCacheSize=
#   JVM is running with Unscaled Compressed Oops mode in which the Java heap is
#     placed in the first 4GB address space. The Java Heap base address is the
#     maximum limit for the native heap growth. Please use -XX:HeapBaseMinAddress
#     to set the Java Heap base and to place the Java Heap above 4GB virtual address.
# This output file may be truncated or incomplete.
#
#  Out of Memory Error (arena.cpp:189), pid=11132, tid=16132
#
# JRE version: OpenJDK Runtime Environment (17.0.6) (build 17.0.6+0-b2043.56-10027231)
# Java VM: OpenJDK 64-Bit Server VM (17.0.6+0-b2043.56-10027231, mixed mode, tiered, compressed oops, compressed class ptrs, g1 gc, windows-amd64)
# No core dump will be written. Minidumps are not enabled by default on client versions of Windows
#

---------------  S U M M A R Y ------------

Command Line: --add-opens=java.base/java.util=ALL-UNNAMED --add-opens=java.base/java.lang=ALL-UNNAMED --add-opens=java.base/java.lang.invoke=ALL-UNNAMED --add-opens=java.prefs/java.util.prefs=ALL-UNNAMED --add-opens=java.base/java.nio.charset=ALL-UNNAMED --add-opens=java.base/java.net=ALL-UNNAMED --add-opens=java.base/java.util.concurrent.atomic=ALL-UNNAMED -Xmx2048m -Dfile.encoding=UTF-8 -Duser.country=RU -Duser.language=ru -Duser.variant org.gradle.launcher.daemon.bootstrap.GradleDaemon 8.0

Host: AMD Athlon Gold 3150U with Radeon Graphics     , 4 cores, 5G,  Windows 10 , 64 bit Build 19041 (10.0.19041.3636)
Time: Sat Dec  2 23:46:31 2023 RTZ 4 (s 10 , 64 bit Build 19041 (10.0.19041.3636) elapsed time: 43.973082 seconds (0d 0h 0m 43s)

---------------  T H R E A D  ---------------

Current thread (0x0000019e4702d7c0):  JavaThread "C2 CompilerThread0" daemon [_thread_in_native, id=16132, stack(0x00000059e3100000,0x00000059e3200000)]


Current CompileTask:
C2:  43973 6761       4       org.objectweb.asm.SymbolTable::addConstantMemberReference (147 bytes)

Stack: [0x00000059e3100000,0x00000059e3200000]
Native frames: (J=compiled Java code, j=interpreted, Vv=VM code, C=native code)
V  [jvm.dll+0x683c9a]
V  [jvm.dll+0x8427a4]
V  [jvm.dll+0x843f9e]
V  [jvm.dll+0x844603]
V  [jvm.dll+0x249b75]
V  [jvm.dll+0xabcac]
V  [jvm.dll+0xac27c]
V  [jvm.dll+0x2b0eef]
V  [jvm.dll+0x58a267]
V  [jvm.dll+0x2243b2]
V  [jvm.dll+0x21dd02]
V  [jvm.dll+0x21b51b]
V  [jvm.dll+0x1a4fdd]
V  [jvm.dll+0x22b098]
V  [jvm.dll+0x229159]
V  [jvm.dll+0x7f81ec]
V  [jvm.dll+0x7f274a]
V  [jvm.dll+0x682ad5]
C  [ucrtbase.dll+0x21bb2]
C  [KERNEL32.DLL+0x17344]
C  [ntdll.dll+0x526b1]


---------------  P R O C E S S  ---------------

Threads class SMR info:
_java_thread_list=0x0000019e4848c8f0, length=81, elements={
0x0000019e2d03a7a0, 0x0000019e465e14f0, 0x0000019e465e2270, 0x0000019e46628250,
0x0000019e4662bb30, 0x0000019e4662c3f0, 0x0000019e466310f0, 0x0000019e4702d7c0,
0x0000019e4663ea30, 0x0000019e47086300, 0x0000019e4719b080, 0x0000019e471880e0,
0x0000019e480f4060, 0x0000019e48981bc0, 0x0000019e485fb4a0, 0x0000019e475f1fc0,
0x0000019e475b9480, 0x0000019e47639c10, 0x0000019e4756d640, 0x0000019e4745ec00,
0x0000019e4745dd90, 0x0000019e4745c0b0, 0x0000019e4745d3f0, 0x0000019e4745f5a0,
0x0000019e4745e260, 0x0000019e4745cf20, 0x0000019e4745bbe0, 0x0000019e4745c580,
0x0000019e4745ca50, 0x0000019e4745d8c0, 0x0000019e4745e730, 0x0000019e4745f0d0,
0x0000019e494207c0, 0x0000019e49420c90, 0x0000019e4941f480, 0x0000019e49421b00,
0x0000019e4941f950, 0x0000019e4941fe20, 0x0000019e494202f0, 0x0000019e49421160,
0x0000019e49421630, 0x0000019e4e1c66a0, 0x0000019e4e1c14d0, 0x0000019e4e1c5d00,
0x0000019e4e1c0190, 0x0000019e4e1c3680, 0x0000019e4e1c3b50, 0x0000019e4e1c61d0,
0x0000019e4e1c19a0, 0x0000019e4e1bfcc0, 0x0000019e4e1c0660, 0x0000019e4e1c4020,
0x0000019e4e1c44f0, 0x0000019e4e1c1e70, 0x0000019e4e1c4e90, 0x0000019e4e1c2340,
0x0000019e4e1c6b70, 0x0000019e4e1c49c0, 0x0000019e4e1c0b30, 0x0000019e4e1c1000,
0x0000019e4e1c5360, 0x0000019e4e1c2810, 0x0000019e4e1bf7f0, 0x0000019e4e1c2ce0,
0x0000019e4e1c31b0, 0x0000019e4e1c5830, 0x0000019e4e1c7040, 0x0000019e473bf550,
0x0000019e473c2570, 0x0000019e473bfa20, 0x0000019e473c03c0, 0x0000019e473c2f10,
0x0000019e473bfef0, 0x0000019e473bd870, 0x0000019e473bd3a0, 0x0000019e473be210,
0x0000019e473c33e0, 0x0000019e473c20a0, 0x0000019e473bced0, 0x0000019e473c0890,
0x0000019e473bdd40
}

Java Threads: ( => current thread )
  0x0000019e2d03a7a0 JavaThread "main" [_thread_blocked, id=6148, stack(0x00000059e2400000,0x00000059e2500000)]
  0x0000019e465e14f0 JavaThread "Reference Handler" daemon [_thread_blocked, id=17372, stack(0x00000059e2b00000,0x00000059e2c00000)]
  0x0000019e465e2270 JavaThread "Finalizer" daemon [_thread_blocked, id=980, stack(0x00000059e2c00000,0x00000059e2d00000)]
  0x0000019e46628250 JavaThread "Signal Dispatcher" daemon [_thread_blocked, id=19332, stack(0x00000059e2d00000,0x00000059e2e00000)]
  0x0000019e4662bb30 JavaThread "Attach Listener" daemon [_thread_blocked, id=16748, stack(0x00000059e2e00000,0x00000059e2f00000)]
  0x0000019e4662c3f0 JavaThread "Service Thread" daemon [_thread_blocked, id=5080, stack(0x00000059e2f00000,0x00000059e3000000)]
  0x0000019e466310f0 JavaThread "Monitor Deflation Thread" daemon [_thread_blocked, id=2240, stack(0x00000059e3000000,0x00000059e3100000)]
=>0x0000019e4702d7c0 JavaThread "C2 CompilerThread0" daemon [_thread_in_native, id=16132, stack(0x00000059e3100000,0x00000059e3200000)]
  0x0000019e4663ea30 JavaThread "C1 CompilerThread0" daemon [_thread_blocked, id=2312, stack(0x00000059e3200000,0x00000059e3300000)]
  0x0000019e47086300 JavaThread "Sweeper thread" daemon [_thread_blocked, id=19704, stack(0x00000059e3300000,0x00000059e3400000)]
  0x0000019e4719b080 JavaThread "Common-Cleaner" daemon [_thread_blocked, id=16116, stack(0x00000059e3400000,0x00000059e3500000)]
  0x0000019e471880e0 JavaThread "Notification Thread" daemon [_thread_blocked, id=19552, stack(0x00000059e3500000,0x00000059e3600000)]
  0x0000019e480f4060 JavaThread "Daemon health stats" [_thread_blocked, id=10220, stack(0x00000059e3a00000,0x00000059e3b00000)]
  0x0000019e48981bc0 JavaThread "Incoming local TCP Connector on port 49720" [_thread_in_native, id=15972, stack(0x00000059e3b00000,0x00000059e3c00000)]
  0x0000019e485fb4a0 JavaThread "Daemon periodic checks" [_thread_blocked, id=10252, stack(0x00000059e3c00000,0x00000059e3d00000)]
  0x0000019e475f1fc0 JavaThread "Daemon" [_thread_blocked, id=5828, stack(0x00000059e3d00000,0x00000059e3e00000)]
  0x0000019e475b9480 JavaThread "Handler for socket connection from /127.0.0.1:49720 to /127.0.0.1:49721" [_thread_in_native, id=2116, stack(0x00000059e3e00000,0x00000059e3f00000)]
  0x0000019e47639c10 JavaThread "Cancel handler" [_thread_blocked, id=15996, stack(0x00000059e3f00000,0x00000059e4000000)]
  0x0000019e4756d640 JavaThread "Daemon worker" [_thread_in_vm, id=16352, stack(0x00000059e4000000,0x00000059e4100000)]
  0x0000019e4745ec00 JavaThread "Asynchronous log dispatcher for DefaultDaemonConnection: socket connection from /127.0.0.1:49720 to /127.0.0.1:49721" [_thread_blocked, id=18612, stack(0x00000059e4100000,0x00000059e4200000)]
  0x0000019e4745dd90 JavaThread "Stdin handler" [_thread_blocked, id=22288, stack(0x00000059e4200000,0x00000059e4300000)]
  0x0000019e4745c0b0 JavaThread "Daemon client event forwarder" [_thread_blocked, id=8812, stack(0x00000059e4300000,0x00000059e4400000)]
  0x0000019e4745d3f0 JavaThread "Cache worker for journal cache (C:\Users\Вачя\.gradle\caches\journal-1)" [_thread_blocked, id=21372, stack(0x00000059e4400000,0x00000059e4500000)]
  0x0000019e4745f5a0 JavaThread "File lock request listener" [_thread_in_native, id=18176, stack(0x00000059e4500000,0x00000059e4600000)]
  0x0000019e4745e260 JavaThread "Cache worker for file hash cache (C:\Users\Вачя\.gradle\caches\8.0\fileHashes)" [_thread_blocked, id=14060, stack(0x00000059e4600000,0x00000059e4700000)]
  0x0000019e4745cf20 JavaThread "File lock release action executor" [_thread_blocked, id=13296, stack(0x00000059e4700000,0x00000059e4800000)]
  0x0000019e4745bbe0 JavaThread "File watcher server" daemon [_thread_in_native, id=19692, stack(0x00000059e4800000,0x00000059e4900000)]
  0x0000019e4745c580 JavaThread "File watcher consumer" daemon [_thread_blocked, id=12804, stack(0x00000059e4900000,0x00000059e4a00000)]
  0x0000019e4745ca50 JavaThread "jar transforms" [_thread_blocked, id=9648, stack(0x00000059e4a00000,0x00000059e4b00000)]
  0x0000019e4745d8c0 JavaThread "jar transforms Thread 2" [_thread_blocked, id=20076, stack(0x00000059e4b00000,0x00000059e4c00000)]
  0x0000019e4745e730 JavaThread "jar transforms Thread 3" [_thread_blocked, id=18800, stack(0x00000059e4c00000,0x00000059e4d00000)]
  0x0000019e4745f0d0 JavaThread "jar transforms Thread 4" [_thread_blocked, id=22308, stack(0x00000059e4d00000,0x00000059e4e00000)]
  0x0000019e494207c0 JavaThread "Cache worker for checksums cache (C:\android\RecipeBook\.gradle\8.0\checksums)" [_thread_blocked, id=3916, stack(0x00000059e4e00000,0x00000059e4f00000)]
  0x0000019e49420c90 JavaThread "Cache worker for cache directory md-rule (C:\Users\Вачя\.gradle\caches\8.0\md-rule)" [_thread_blocked, id=13636, stack(0x00000059e4f00000,0x00000059e5000000)]
  0x0000019e4941f480 JavaThread "Cache worker for file content cache (C:\Users\Вачя\.gradle\caches\8.0\fileContent)" [_thread_blocked, id=21044, stack(0x00000059e5000000,0x00000059e5100000)]
  0x0000019e49421b00 JavaThread "Cache worker for file hash cache (C:\android\RecipeBook\.gradle\8.0\fileHashes)" [_thread_blocked, id=17120, stack(0x00000059e5100000,0x00000059e5200000)]
  0x0000019e4941f950 JavaThread "Cache worker for cache directory md-supplier (C:\Users\Вачя\.gradle\caches\8.0\md-supplier)" [_thread_blocked, id=17996, stack(0x00000059e5200000,0x00000059e5300000)]
  0x0000019e4941fe20 JavaThread "Cache worker for execution history cache (C:\Users\Вачя\.gradle\caches\8.0\executionHistory)" [_thread_blocked, id=20012, stack(0x00000059e5300000,0x00000059e5400000)]
  0x0000019e494202f0 JavaThread "Cache worker for kotlin-dsl (C:\Users\Вачя\.gradle\caches\8.0\kotlin-dsl)" [_thread_blocked, id=15256, stack(0x00000059e5400000,0x00000059e5500000)]
  0x0000019e49421160 JavaThread "Cache worker for dependencies-accessors (C:\android\RecipeBook\.gradle\8.0\dependencies-accessors)" [_thread_blocked, id=2220, stack(0x00000059e5500000,0x00000059e5600000)]
  0x0000019e49421630 JavaThread "Cache worker for Build Output Cleanup Cache (C:\android\RecipeBook\.gradle\buildOutputCleanup)" [_thread_blocked, id=4652, stack(0x00000059e5600000,0x00000059e5700000)]
  0x0000019e4e1c66a0 JavaThread "Unconstrained build operations" [_thread_blocked, id=2120, stack(0x00000059e5900000,0x00000059e5a00000)]
  0x0000019e4e1c14d0 JavaThread "Unconstrained build operations Thread 2" [_thread_blocked, id=2420, stack(0x00000059e5a00000,0x00000059e5b00000)]
  0x0000019e4e1c5d00 JavaThread "Unconstrained build operations Thread 3" [_thread_blocked, id=14696, stack(0x00000059e5b00000,0x00000059e5c00000)]
  0x0000019e4e1c0190 JavaThread "Unconstrained build operations Thread 4" [_thread_blocked, id=14180, stack(0x00000059e5c00000,0x00000059e5d00000)]
  0x0000019e4e1c3680 JavaThread "Unconstrained build operations Thread 5" [_thread_blocked, id=20276, stack(0x00000059e5d00000,0x00000059e5e00000)]
  0x0000019e4e1c3b50 JavaThread "Unconstrained build operations Thread 6" [_thread_blocked, id=20556, stack(0x00000059e5e00000,0x00000059e5f00000)]
  0x0000019e4e1c61d0 JavaThread "Unconstrained build operations Thread 7" [_thread_blocked, id=17812, stack(0x00000059e5f00000,0x00000059e6000000)]
  0x0000019e4e1c19a0 JavaThread "Unconstrained build operations Thread 8" [_thread_blocked, id=22464, stack(0x00000059e6000000,0x00000059e6100000)]
  0x0000019e4e1bfcc0 JavaThread "Unconstrained build operations Thread 9" [_thread_blocked, id=5660, stack(0x00000059e6100000,0x00000059e6200000)]
  0x0000019e4e1c0660 JavaThread "Unconstrained build operations Thread 10" [_thread_blocked, id=20464, stack(0x00000059e6200000,0x00000059e6300000)]
  0x0000019e4e1c4020 JavaThread "Unconstrained build operations Thread 11" [_thread_blocked, id=2108, stack(0x00000059e6300000,0x00000059e6400000)]
  0x0000019e4e1c44f0 JavaThread "Unconstrained build operations Thread 12" [_thread_blocked, id=228, stack(0x00000059e6400000,0x00000059e6500000)]
  0x0000019e4e1c1e70 JavaThread "Unconstrained build operations Thread 13" [_thread_blocked, id=21116, stack(0x00000059e6500000,0x00000059e6600000)]
  0x0000019e4e1c4e90 JavaThread "Unconstrained build operations Thread 14" [_thread_blocked, id=3412, stack(0x00000059e6600000,0x00000059e6700000)]
  0x0000019e4e1c2340 JavaThread "Unconstrained build operations Thread 15" [_thread_blocked, id=4884, stack(0x00000059e6700000,0x00000059e6800000)]
  0x0000019e4e1c6b70 JavaThread "Unconstrained build operations Thread 16" [_thread_blocked, id=12036, stack(0x00000059e6800000,0x00000059e6900000)]
  0x0000019e4e1c49c0 JavaThread "Unconstrained build operations Thread 17" [_thread_blocked, id=10244, stack(0x00000059e6900000,0x00000059e6a00000)]
  0x0000019e4e1c0b30 JavaThread "Unconstrained build operations Thread 18" [_thread_blocked, id=14312, stack(0x00000059e6a00000,0x00000059e6b00000)]
  0x0000019e4e1c1000 JavaThread "Unconstrained build operations Thread 19" [_thread_blocked, id=21888, stack(0x00000059e6b00000,0x00000059e6c00000)]
  0x0000019e4e1c5360 JavaThread "Unconstrained build operations Thread 20" [_thread_blocked, id=9992, stack(0x00000059e6c00000,0x00000059e6d00000)]
  0x0000019e4e1c2810 JavaThread "Unconstrained build operations Thread 21" [_thread_blocked, id=12768, stack(0x00000059e6d00000,0x00000059e6e00000)]
  0x0000019e4e1bf7f0 JavaThread "Unconstrained build operations Thread 22" [_thread_blocked, id=18808, stack(0x00000059e6e00000,0x00000059e6f00000)]
  0x0000019e4e1c2ce0 JavaThread "Unconstrained build operations Thread 23" [_thread_blocked, id=13656, stack(0x00000059e6f00000,0x00000059e7000000)]
  0x0000019e4e1c31b0 JavaThread "Unconstrained build operations Thread 24" [_thread_blocked, id=6668, stack(0x00000059e7000000,0x00000059e7100000)]
  0x0000019e4e1c5830 JavaThread "Unconstrained build operations Thread 25" [_thread_blocked, id=6656, stack(0x00000059e7100000,0x00000059e7200000)]
  0x0000019e4e1c7040 JavaThread "Unconstrained build operations Thread 26" [_thread_blocked, id=19828, stack(0x00000059e7200000,0x00000059e7300000)]
  0x0000019e473bf550 JavaThread "Unconstrained build operations Thread 27" [_thread_blocked, id=6236, stack(0x00000059e7300000,0x00000059e7400000)]
  0x0000019e473c2570 JavaThread "Unconstrained build operations Thread 28" [_thread_blocked, id=10412, stack(0x00000059e7400000,0x00000059e7500000)]
  0x0000019e473bfa20 JavaThread "Unconstrained build operations Thread 29" [_thread_blocked, id=12352, stack(0x00000059e7500000,0x00000059e7600000)]
  0x0000019e473c03c0 JavaThread "Unconstrained build operations Thread 30" [_thread_blocked, id=22388, stack(0x00000059e7600000,0x00000059e7700000)]
  0x0000019e473c2f10 JavaThread "Unconstrained build operations Thread 31" [_thread_blocked, id=6724, stack(0x00000059e7700000,0x00000059e7800000)]
  0x0000019e473bfef0 JavaThread "Unconstrained build operations Thread 32" [_thread_blocked, id=7124, stack(0x00000059e7800000,0x00000059e7900000)]
  0x0000019e473bd870 JavaThread "Unconstrained build operations Thread 33" [_thread_blocked, id=13740, stack(0x00000059e7900000,0x00000059e7a00000)]
  0x0000019e473bd3a0 JavaThread "Unconstrained build operations Thread 34" [_thread_blocked, id=14396, stack(0x00000059e7a00000,0x00000059e7b00000)]
  0x0000019e473be210 JavaThread "Unconstrained build operations Thread 35" [_thread_blocked, id=21588, stack(0x00000059e7b00000,0x00000059e7c00000)]
  0x0000019e473c33e0 JavaThread "Unconstrained build operations Thread 36" [_thread_blocked, id=16208, stack(0x00000059e7c00000,0x00000059e7d00000)]
  0x0000019e473c20a0 JavaThread "Unconstrained build operations Thread 37" [_thread_blocked, id=12336, stack(0x00000059e7d00000,0x00000059e7e00000)]
  0x0000019e473bced0 JavaThread "Unconstrained build operations Thread 38" [_thread_blocked, id=12756, stack(0x00000059e7e00000,0x00000059e7f00000)]
  0x0000019e473c0890 JavaThread "Unconstrained build operations Thread 39" [_thread_blocked, id=3796, stack(0x00000059e7f00000,0x00000059e8000000)]
  0x0000019e473bdd40 JavaThread "Unconstrained build operations Thread 40" [_thread_blocked, id=13364, stack(0x00000059e8000000,0x00000059e8100000)]

Other Threads:
  0x0000019e4658c180 VMThread "VM Thread" [stack: 0x00000059e2a00000,0x00000059e2b00000] [id=18884]
  0x0000019e4719b960 WatcherThread [stack: 0x00000059e3600000,0x00000059e3700000] [id=20164]
  0x0000019e2d098af0 GCTaskThread "GC Thread#0" [stack: 0x00000059e2500000,0x00000059e2600000] [id=4684]
  0x0000019e4723f440 GCTaskThread "GC Thread#1" [stack: 0x00000059e3700000,0x00000059e3800000] [id=19936]
  0x0000019e4736bc00 GCTaskThread "GC Thread#2" [stack: 0x00000059e3800000,0x00000059e3900000] [id=13140]
  0x0000019e47cfe270 GCTaskThread "GC Thread#3" [stack: 0x00000059e3900000,0x00000059e3a00000] [id=19904]
  0x0000019e2d0a9940 ConcurrentGCThread "G1 Main Marker" [stack: 0x00000059e2600000,0x00000059e2700000] [id=19636]
  0x0000019e2d0aa260 ConcurrentGCThread "G1 Conc#0" [stack: 0x00000059e2700000,0x00000059e2800000] [id=18488]
  0x0000019e2d108f60 ConcurrentGCThread "G1 Refine#0" [stack: 0x00000059e2800000,0x00000059e2900000] [id=4556]
  0x0000019e2d10a8a0 ConcurrentGCThread "G1 Service" [stack: 0x00000059e2900000,0x00000059e2a00000] [id=13716]

Threads with active compile tasks:
C2 CompilerThread0    44043 6761       4       org.objectweb.asm.SymbolTable::addConstantMemberReference (147 bytes)

VM state: not at safepoint (normal execution)

VM Mutex/Monitor currently owned by a thread: None

Heap address: 0x0000000080000000, size: 2048 MB, Compressed Oops mode: 32-bit

CDS archive(s) not mapped
Compressed class space mapped at: 0x0000000100000000-0x0000000140000000, reserved size: 1073741824
Narrow klass base: 0x0000000000000000, Narrow klass shift: 3, Narrow klass range: 0x140000000

GC Precious Log:
 CPUs: 4 total, 4 available
 Memory: 6063M
 Large Page Support: Disabled
 NUMA Support: Disabled
 Compressed Oops: Enabled (32-bit)
 Heap Region Size: 1M
 Heap Min Capacity: 8M
 Heap Initial Capacity: 96M
 Heap Max Capacity: 2G
 Pre-touch: Disabled
 Parallel Workers: 4
 Concurrent Workers: 1
 Concurrent Refinement Workers: 4
 Periodic GC: Disabled

Heap:
 garbage-first heap   total 138240K, used 106829K [0x0000000080000000, 0x0000000100000000)
  region size 1024K, 27 young (27648K), 4 survivors (4096K)
 Metaspace       used 58547K, committed 59200K, reserved 1105920K
  class space    used 7829K, committed 8128K, reserved 1048576K

Heap Regions: E=young(eden), S=young(survivor), O=old, HS=humongous(starts), HC=humongous(continues), CS=collection set, F=free, OA=open archive, CA=closed archive, TAMS=top-at-mark-start (previous, next)
|   0|0x0000000080000000, 0x0000000080100000, 0x0000000080100000|100%|HS|  |TAMS 0x0000000080100000, 0x0000000080000000| Complete 
|   1|0x0000000080100000, 0x0000000080200000, 0x0000000080200000|100%|HC|  |TAMS 0x0000000080200000, 0x0000000080100000| Complete 
|   2|0x0000000080200000, 0x0000000080300000, 0x0000000080300000|100%|HC|  |TAMS 0x0000000080300000, 0x0000000080200000| Complete 
|   3|0x0000000080300000, 0x0000000080400000, 0x0000000080400000|100%|HC|  |TAMS 0x0000000080400000, 0x0000000080300000| Complete 
|   4|0x0000000080400000, 0x0000000080500000, 0x0000000080500000|100%| O|  |TAMS 0x0000000080500000, 0x0000000080400000| Untracked 
|   5|0x0000000080500000, 0x0000000080600000, 0x0000000080600000|100%| O|  |TAMS 0x0000000080600000, 0x0000000080500000| Untracked 
|   6|0x0000000080600000, 0x0000000080700000, 0x0000000080700000|100%| O|  |TAMS 0x0000000080700000, 0x0000000080600000| Untracked 
|   7|0x0000000080700000, 0x0000000080800000, 0x0000000080800000|100%| O|  |TAMS 0x0000000080800000, 0x0000000080700000| Untracked 
|   8|0x0000000080800000, 0x0000000080900000, 0x0000000080900000|100%| O|  |TAMS 0x0000000080900000, 0x0000000080800000| Untracked 
|   9|0x0000000080900000, 0x0000000080a00000, 0x0000000080a00000|100%| O|  |TAMS 0x0000000080a00000, 0x0000000080900000| Untracked 
|  10|0x0000000080a00000, 0x0000000080b00000, 0x0000000080b00000|100%| O|  |TAMS 0x0000000080b00000, 0x0000000080a00000| Untracked 
|  11|0x0000000080b00000, 0x0000000080c00000, 0x0000000080c00000|100%| O|  |TAMS 0x0000000080c00000, 0x0000000080b00000| Untracked 
|  12|0x0000000080c00000, 0x0000000080c9ec00, 0x0000000080d00000| 62%| O|  |TAMS 0x0000000080c9ec00, 0x0000000080c00000| Complete 
|  13|0x0000000080d00000, 0x0000000080e00000, 0x0000000080e00000|100%| O|  |TAMS 0x0000000080e00000, 0x0000000080d00000| Untracked 
|  14|0x0000000080e00000, 0x0000000080f00000, 0x0000000080f00000|100%| O|  |TAMS 0x0000000080f00000, 0x0000000080e00000| Untracked 
|  15|0x0000000080f00000, 0x0000000081000000, 0x0000000081000000|100%| O|  |TAMS 0x0000000081000000, 0x0000000080f00000| Untracked 
|  16|0x0000000081000000, 0x0000000081100000, 0x0000000081100000|100%| O|  |TAMS 0x0000000081100000, 0x0000000081000000| Untracked 
|  17|0x0000000081100000, 0x0000000081200000, 0x0000000081200000|100%| O|  |TAMS 0x0000000081200000, 0x0000000081100000| Untracked 
|  18|0x0000000081200000, 0x0000000081300000, 0x0000000081300000|100%| O|  |TAMS 0x0000000081300000, 0x0000000081200000| Untracked 
|  19|0x0000000081300000, 0x0000000081400000, 0x0000000081400000|100%|HS|  |TAMS 0x0000000081400000, 0x0000000081300000| Complete 
|  20|0x0000000081400000, 0x0000000081500000, 0x0000000081500000|100%|HC|  |TAMS 0x0000000081500000, 0x0000000081400000| Complete 
|  21|0x0000000081500000, 0x0000000081600000, 0x0000000081600000|100%|HS|  |TAMS 0x0000000081600000, 0x0000000081500000| Complete 
|  22|0x0000000081600000, 0x0000000081700000, 0x0000000081700000|100%|HC|  |TAMS 0x0000000081700000, 0x0000000081600000| Complete 
|  23|0x0000000081700000, 0x0000000081800000, 0x0000000081800000|100%|HC|  |TAMS 0x0000000081800000, 0x0000000081700000| Complete 
|  24|0x0000000081800000, 0x0000000081900000, 0x0000000081900000|100%| O|  |TAMS 0x0000000081900000, 0x0000000081800000| Untracked 
|  25|0x0000000081900000, 0x0000000081a00000, 0x0000000081a00000|100%| O|  |TAMS 0x0000000081a00000, 0x0000000081900000| Untracked 
|  26|0x0000000081a00000, 0x0000000081b00000, 0x0000000081b00000|100%| O|  |TAMS 0x0000000081b00000, 0x0000000081a00000| Untracked 
|  27|0x0000000081b00000, 0x0000000081c00000, 0x0000000081c00000|100%|HS|  |TAMS 0x0000000081c00000, 0x0000000081b00000| Complete 
|  28|0x0000000081c00000, 0x0000000081d00000, 0x0000000081d00000|100%|HC|  |TAMS 0x0000000081d00000, 0x0000000081c00000| Complete 
|  29|0x0000000081d00000, 0x0000000081e00000, 0x0000000081e00000|100%|HC|  |TAMS 0x0000000081e00000, 0x0000000081d00000| Complete 
|  30|0x0000000081e00000, 0x0000000081f00000, 0x0000000081f00000|100%| O|  |TAMS 0x0000000081f00000, 0x0000000081e00000| Untracked 
|  31|0x0000000081f00000, 0x0000000082000000, 0x0000000082000000|100%| O|  |TAMS 0x0000000082000000, 0x0000000081f00000| Untracked 
|  32|0x0000000082000000, 0x0000000082100000, 0x0000000082100000|100%| O|  |TAMS 0x0000000082000000, 0x0000000082000000| Untracked 
|  33|0x0000000082100000, 0x0000000082200000, 0x0000000082200000|100%|HS|  |TAMS 0x0000000082200000, 0x0000000082100000| Complete 
|  34|0x0000000082200000, 0x0000000082300000, 0x0000000082300000|100%|HC|  |TAMS 0x0000000082300000, 0x0000000082200000| Complete 
|  35|0x0000000082300000, 0x0000000082400000, 0x0000000082400000|100%| O|  |TAMS 0x0000000082400000, 0x0000000082300000| Untracked 
|  36|0x0000000082400000, 0x0000000082500000, 0x0000000082500000|100%| O|  |TAMS 0x0000000082500000, 0x0000000082400000| Untracked 
|  37|0x0000000082500000, 0x0000000082600000, 0x0000000082600000|100%| O|  |TAMS 0x0000000082600000, 0x0000000082500000| Untracked 
|  38|0x0000000082600000, 0x0000000082700000, 0x0000000082700000|100%| O|  |TAMS 0x0000000082700000, 0x0000000082600000| Untracked 
|  39|0x0000000082700000, 0x0000000082800000, 0x0000000082800000|100%| O|  |TAMS 0x0000000082800000, 0x0000000082700000| Untracked 
|  40|0x0000000082800000, 0x0000000082900000, 0x0000000082900000|100%| O|  |TAMS 0x0000000082900000, 0x0000000082800000| Untracked 
|  41|0x0000000082900000, 0x0000000082a00000, 0x0000000082a00000|100%| O|  |TAMS 0x0000000082a00000, 0x0000000082900000| Untracked 
|  42|0x0000000082a00000, 0x0000000082b00000, 0x0000000082b00000|100%|HS|  |TAMS 0x0000000082b00000, 0x0000000082a00000| Complete 
|  43|0x0000000082b00000, 0x0000000082c00000, 0x0000000082c00000|100%|HC|  |TAMS 0x0000000082c00000, 0x0000000082b00000| Complete 
|  44|0x0000000082c00000, 0x0000000082d00000, 0x0000000082d00000|100%|HC|  |TAMS 0x0000000082d00000, 0x0000000082c00000| Complete 
|  45|0x0000000082d00000, 0x0000000082e00000, 0x0000000082e00000|100%|HC|  |TAMS 0x0000000082e00000, 0x0000000082d00000| Complete 
|  46|0x0000000082e00000, 0x0000000082f00000, 0x0000000082f00000|100%|HC|  |TAMS 0x0000000082f00000, 0x0000000082e00000| Complete 
|  47|0x0000000082f00000, 0x0000000083000000, 0x0000000083000000|100%|HC|  |TAMS 0x0000000083000000, 0x0000000082f00000| Complete 
|  48|0x0000000083000000, 0x0000000083100000, 0x0000000083100000|100%|HC|  |TAMS 0x0000000083100000, 0x0000000083000000| Complete 
|  49|0x0000000083100000, 0x0000000083200000, 0x0000000083200000|100%|HC|  |TAMS 0x0000000083200000, 0x0000000083100000| Complete 
|  50|0x0000000083200000, 0x0000000083300000, 0x0000000083300000|100%|HC|  |TAMS 0x0000000083300000, 0x0000000083200000| Complete 
|  51|0x0000000083300000, 0x0000000083400000, 0x0000000083400000|100%|HC|  |TAMS 0x0000000083400000, 0x0000000083300000| Complete 
|  52|0x0000000083400000, 0x0000000083500000, 0x0000000083500000|100%|HC|  |TAMS 0x0000000083500000, 0x0000000083400000| Complete 
|  53|0x0000000083500000, 0x0000000083600000, 0x0000000083600000|100%|HC|  |TAMS 0x0000000083600000, 0x0000000083500000| Complete 
|  54|0x0000000083600000, 0x0000000083700000, 0x0000000083700000|100%|HS|  |TAMS 0x0000000083700000, 0x0000000083600000| Complete 
|  55|0x0000000083700000, 0x0000000083800000, 0x0000000083800000|100%|HC|  |TAMS 0x0000000083800000, 0x0000000083700000| Complete 
|  56|0x0000000083800000, 0x0000000083900000, 0x0000000083900000|100%|HC|  |TAMS 0x0000000083900000, 0x0000000083800000| Complete 
|  57|0x0000000083900000, 0x0000000083a00000, 0x0000000083a00000|100%| O|  |TAMS 0x0000000083a00000, 0x0000000083900000| Untracked 
|  58|0x0000000083a00000, 0x0000000083b00000, 0x0000000083b00000|100%| O|  |TAMS 0x0000000083b00000, 0x0000000083a00000| Untracked 
|  59|0x0000000083b00000, 0x0000000083c00000, 0x0000000083c00000|100%|HS|  |TAMS 0x0000000083c00000, 0x0000000083b00000| Complete 
|  60|0x0000000083c00000, 0x0000000083d00000, 0x0000000083d00000|100%|HC|  |TAMS 0x0000000083d00000, 0x0000000083c00000| Complete 
|  61|0x0000000083d00000, 0x0000000083e00000, 0x0000000083e00000|100%|HC|  |TAMS 0x0000000083e00000, 0x0000000083d00000| Complete 
|  62|0x0000000083e00000, 0x0000000083f00000, 0x0000000083f00000|100%| O|  |TAMS 0x0000000083f00000, 0x0000000083e00000| Untracked 
|  63|0x0000000083f00000, 0x0000000084000000, 0x0000000084000000|100%| O|  |TAMS 0x0000000084000000, 0x0000000083f00000| Untracked 
|  64|0x0000000084000000, 0x0000000084100000, 0x0000000084100000|100%| O|  |TAMS 0x0000000084100000, 0x0000000084000000| Untracked 
|  65|0x0000000084100000, 0x0000000084200000, 0x0000000084200000|100%| O|  |TAMS 0x0000000084200000, 0x0000000084100000| Untracked 
|  66|0x0000000084200000, 0x0000000084300000, 0x0000000084300000|100%| O|  |TAMS 0x0000000084300000, 0x0000000084200000| Untracked 
|  67|0x0000000084300000, 0x0000000084400000, 0x0000000084400000|100%| O|  |TAMS 0x0000000084400000, 0x0000000084300000| Untracked 
|  68|0x0000000084400000, 0x0000000084500000, 0x0000000084500000|100%| O|  |TAMS 0x0000000084500000, 0x0000000084400000| Untracked 
|  69|0x0000000084500000, 0x0000000084600000, 0x0000000084600000|100%| O|  |TAMS 0x00000000845cf600, 0x0000000084500000| Untracked 
|  70|0x0000000084600000, 0x0000000084681e00, 0x0000000084700000| 50%| O|  |TAMS 0x0000000084600000, 0x0000000084600000| Untracked 
|  71|0x0000000084700000, 0x0000000084800000, 0x0000000084800000|100%|HS|  |TAMS 0x0000000084700000, 0x0000000084700000| Complete 
|  72|0x0000000084800000, 0x0000000084900000, 0x0000000084900000|100%|HS|  |TAMS 0x0000000084800000, 0x0000000084800000| Complete 
|  73|0x0000000084900000, 0x0000000084a00000, 0x0000000084a00000|100%|HS|  |TAMS 0x0000000084900000, 0x0000000084900000| Complete 
|  74|0x0000000084a00000, 0x0000000084b00000, 0x0000000084b00000|100%|HC|  |TAMS 0x0000000084a00000, 0x0000000084a00000| Complete 
|  75|0x0000000084b00000, 0x0000000084c00000, 0x0000000084c00000|100%|HS|  |TAMS 0x0000000084b00000, 0x0000000084b00000| Complete 
|  76|0x0000000084c00000, 0x0000000084d00000, 0x0000000084d00000|100%|HS|  |TAMS 0x0000000084c00000, 0x0000000084c00000| Complete 
|  77|0x0000000084d00000, 0x0000000084e00000, 0x0000000084e00000|100%|HC|  |TAMS 0x0000000084d00000, 0x0000000084d00000| Complete 
|  78|0x0000000084e00000, 0x0000000084f00000, 0x0000000084f00000|100%|HC|  |TAMS 0x0000000084e00000, 0x0000000084e00000| Complete 
|  79|0x0000000084f00000, 0x0000000085000000, 0x0000000085000000|100%|HC|  |TAMS 0x0000000084f00000, 0x0000000084f00000| Complete 
|  80|0x0000000085000000, 0x0000000085100000, 0x0000000085100000|100%|HS|  |TAMS 0x0000000085000000, 0x0000000085000000| Complete 
|  81|0x0000000085100000, 0x0000000085100000, 0x0000000085200000|  0%| F|  |TAMS 0x0000000085100000, 0x0000000085100000| Untracked 
|  82|0x0000000085200000, 0x0000000085200000, 0x0000000085300000|  0%| F|  |TAMS 0x0000000085200000, 0x0000000085200000| Untracked 
|  83|0x0000000085300000, 0x0000000085300000, 0x0000000085400000|  0%| F|  |TAMS 0x0000000085300000, 0x0000000085300000| Untracked 
|  84|0x0000000085400000, 0x0000000085400000, 0x0000000085500000|  0%| F|  |TAMS 0x0000000085400000, 0x0000000085400000| Untracked 
|  85|0x0000000085500000, 0x0000000085500000, 0x0000000085600000|  0%| F|  |TAMS 0x0000000085500000, 0x0000000085500000| Untracked 
|  86|0x0000000085600000, 0x0000000085600000, 0x0000000085700000|  0%| F|  |TAMS 0x0000000085600000, 0x0000000085600000| Untracked 
|  87|0x0000000085700000, 0x0000000085700000, 0x0000000085800000|  0%| F|  |TAMS 0x0000000085700000, 0x0000000085700000| Untracked 
|  88|0x0000000085800000, 0x0000000085800000, 0x0000000085900000|  0%| F|  |TAMS 0x0000000085800000, 0x0000000085800000| Untracked 
|  89|0x0000000085900000, 0x0000000085900000, 0x0000000085a00000|  0%| F|  |TAMS 0x0000000085900000, 0x0000000085900000| Untracked 
|  90|0x0000000085a00000, 0x0000000085a00000, 0x0000000085b00000|  0%| F|  |TAMS 0x0000000085a00000, 0x0000000085a00000| Untracked 
|  91|0x0000000085b00000, 0x0000000085b00000, 0x0000000085c00000|  0%| F|  |TAMS 0x0000000085b00000, 0x0000000085b00000| Untracked 
|  92|0x0000000085c00000, 0x0000000085c00000, 0x0000000085d00000|  0%| F|  |TAMS 0x0000000085c00000, 0x0000000085c00000| Untracked 
|  93|0x0000000085d00000, 0x0000000085d32c90, 0x0000000085e00000| 19%| S|CS|TAMS 0x0000000085d00000, 0x0000000085d00000| Complete 
|  94|0x0000000085e00000, 0x0000000085f00000, 0x0000000085f00000|100%| S|CS|TAMS 0x0000000085e00000, 0x0000000085e00000| Complete 
|  95|0x0000000085f00000, 0x0000000086000000, 0x0000000086000000|100%| S|CS|TAMS 0x0000000085f00000, 0x0000000085f00000| Complete 
|  96|0x0000000086000000, 0x0000000086100000, 0x0000000086100000|100%| S|CS|TAMS 0x0000000086000000, 0x0000000086000000| Complete 
|  97|0x0000000086100000, 0x0000000086100000, 0x0000000086200000|  0%| F|  |TAMS 0x0000000086100000, 0x0000000086100000| Untracked 
|  98|0x0000000086200000, 0x0000000086200000, 0x0000000086300000|  0%| F|  |TAMS 0x0000000086200000, 0x0000000086200000| Untracked 
|  99|0x0000000086300000, 0x0000000086300000, 0x0000000086400000|  0%| F|  |TAMS 0x0000000086300000, 0x0000000086300000| Untracked 
| 100|0x0000000086400000, 0x0000000086400000, 0x0000000086500000|  0%| F|  |TAMS 0x0000000086400000, 0x0000000086400000| Untracked 
| 101|0x0000000086500000, 0x0000000086500000, 0x0000000086600000|  0%| F|  |TAMS 0x0000000086500000, 0x0000000086500000| Untracked 
| 102|0x0000000086600000, 0x0000000086600000, 0x0000000086700000|  0%| F|  |TAMS 0x0000000086600000, 0x0000000086600000| Untracked 
| 103|0x0000000086700000, 0x0000000086700000, 0x0000000086800000|  0%| F|  |TAMS 0x0000000086700000, 0x0000000086700000| Untracked 
| 104|0x0000000086800000, 0x0000000086800000, 0x0000000086900000|  0%| F|  |TAMS 0x0000000086800000, 0x0000000086800000| Untracked 
| 105|0x0000000086900000, 0x0000000086900000, 0x0000000086a00000|  0%| F|  |TAMS 0x0000000086900000, 0x0000000086900000| Untracked 
| 106|0x0000000086a00000, 0x0000000086a00000, 0x0000000086b00000|  0%| F|  |TAMS 0x0000000086a00000, 0x0000000086a00000| Untracked 
| 107|0x0000000086b00000, 0x0000000086b00000, 0x0000000086c00000|  0%| F|  |TAMS 0x0000000086b00000, 0x0000000086b00000| Untracked 
| 108|0x0000000086c00000, 0x0000000086c00000, 0x0000000086d00000|  0%| F|  |TAMS 0x0000000086c00000, 0x0000000086c00000| Untracked 
| 109|0x0000000086d00000, 0x0000000086d00000, 0x0000000086e00000|  0%| F|  |TAMS 0x0000000086d00000, 0x0000000086d00000| Untracked 
| 110|0x0000000086e00000, 0x0000000086e00000, 0x0000000086f00000|  0%| F|  |TAMS 0x0000000086e00000, 0x0000000086e00000| Untracked 
| 111|0x0000000086f00000, 0x0000000086f00000, 0x0000000087000000|  0%| F|  |TAMS 0x0000000086f00000, 0x0000000086f00000| Untracked 
| 112|0x0000000087000000, 0x00000000870b0c08, 0x0000000087100000| 69%| E|  |TAMS 0x0000000087000000, 0x0000000087000000| Complete 
| 113|0x0000000087100000, 0x0000000087200000, 0x0000000087200000|100%| E|CS|TAMS 0x0000000087100000, 0x0000000087100000| Complete 
| 114|0x0000000087200000, 0x0000000087300000, 0x0000000087300000|100%| E|CS|TAMS 0x0000000087200000, 0x0000000087200000| Complete 
| 115|0x0000000087300000, 0x0000000087400000, 0x0000000087400000|100%| E|CS|TAMS 0x0000000087300000, 0x0000000087300000| Complete 
| 116|0x0000000087400000, 0x0000000087500000, 0x0000000087500000|100%| E|CS|TAMS 0x0000000087400000, 0x0000000087400000| Complete 
| 117|0x0000000087500000, 0x0000000087600000, 0x0000000087600000|100%| E|CS|TAMS 0x0000000087500000, 0x0000000087500000| Complete 
| 118|0x0000000087600000, 0x0000000087700000, 0x0000000087700000|100%| E|CS|TAMS 0x0000000087600000, 0x0000000087600000| Complete 
| 119|0x0000000087700000, 0x0000000087800000, 0x0000000087800000|100%| E|CS|TAMS 0x0000000087700000, 0x0000000087700000| Complete 
| 120|0x0000000087800000, 0x0000000087900000, 0x0000000087900000|100%| E|CS|TAMS 0x0000000087800000, 0x0000000087800000| Complete 
| 121|0x0000000087900000, 0x0000000087a00000, 0x0000000087a00000|100%| E|CS|TAMS 0x0000000087900000, 0x0000000087900000| Complete 
| 122|0x0000000087a00000, 0x0000000087b00000, 0x0000000087b00000|100%| E|CS|TAMS 0x0000000087a00000, 0x0000000087a00000| Complete 
| 123|0x0000000087b00000, 0x0000000087c00000, 0x0000000087c00000|100%| E|CS|TAMS 0x0000000087b00000, 0x0000000087b00000| Complete 
| 124|0x0000000087c00000, 0x0000000087d00000, 0x0000000087d00000|100%| E|CS|TAMS 0x0000000087c00000, 0x0000000087c00000| Complete 
| 125|0x0000000087d00000, 0x0000000087e00000, 0x0000000087e00000|100%| E|CS|TAMS 0x0000000087d00000, 0x0000000087d00000| Complete 
| 126|0x0000000087e00000, 0x0000000087f00000, 0x0000000087f00000|100%| E|CS|TAMS 0x0000000087e00000, 0x0000000087e00000| Complete 
| 127|0x0000000087f00000, 0x0000000088000000, 0x0000000088000000|100%| E|CS|TAMS 0x0000000087f00000, 0x0000000087f00000| Complete 
| 128|0x0000000088000000, 0x0000000088100000, 0x0000000088100000|100%| E|CS|TAMS 0x0000000088000000, 0x0000000088000000| Complete 
| 129|0x0000000088100000, 0x0000000088200000, 0x0000000088200000|100%| E|CS|TAMS 0x0000000088100000, 0x0000000088100000| Complete 
| 130|0x0000000088200000, 0x0000000088300000, 0x0000000088300000|100%| E|CS|TAMS 0x0000000088200000, 0x0000000088200000| Complete 
| 131|0x0000000088300000, 0x0000000088400000, 0x0000000088400000|100%| E|CS|TAMS 0x0000000088300000, 0x0000000088300000| Complete 
| 132|0x0000000088400000, 0x0000000088500000, 0x0000000088500000|100%| E|CS|TAMS 0x0000000088400000, 0x0000000088400000| Complete 
| 133|0x0000000088500000, 0x0000000088600000, 0x0000000088600000|100%| E|  |TAMS 0x0000000088500000, 0x0000000088500000| Complete 
| 134|0x0000000088600000, 0x0000000088700000, 0x0000000088700000|100%| E|CS|TAMS 0x0000000088600000, 0x0000000088600000| Complete 

Card table byte_map: [0x0000019e3f910000,0x0000019e3fd10000] _byte_map_base: 0x0000019e3f510000

Marking Bits (Prev, Next): (CMBitMap*) 0x0000019e2d099010, (CMBitMap*) 0x0000019e2d099050
 Prev Bits: [0x0000019e40110000, 0x0000019e42110000)
 Next Bits: [0x0000019e42110000, 0x0000019e44110000)

Polling page: 0x0000019e2b1c0000

Metaspace:

Usage:
  Non-class:     49.57 MB used.
      Class:      7.65 MB used.
       Both:     57.22 MB used.

Virtual space:
  Non-class space:       56.00 MB reserved,      49.88 MB ( 89%) committed,  7 nodes.
      Class space:        1.00 GB reserved,       7.94 MB ( <1%) committed,  1 nodes.
             Both:        1.05 GB reserved,      57.81 MB (  5%) committed. 

Chunk freelists:
   Non-Class:  1.52 MB
       Class:  3.98 MB
        Both:  5.49 MB

MaxMetaspaceSize: unlimited
CompressedClassSpaceSize: 1.00 GB
Initial GC threshold: 21.00 MB
Current GC threshold: 93.38 MB
CDS: off
MetaspaceReclaimPolicy: balanced
 - commit_granule_bytes: 65536.
 - commit_granule_words: 8192.
 - virtual_space_node_default_size: 1048576.
 - enlarge_chunks_in_place: 1.
 - new_chunks_are_fully_committed: 0.
 - uncommit_free_chunks: 1.
 - use_allocation_guard: 0.
 - handle_deallocations: 1.


Internal statistics:

num_allocs_failed_limit: 3.
num_arena_births: 696.
num_arena_deaths: 0.
num_vsnodes_births: 8.
num_vsnodes_deaths: 0.
num_space_committed: 925.
num_space_uncommitted: 0.
num_chunks_returned_to_freelist: 3.
num_chunks_taken_from_freelist: 2689.
num_chunk_merges: 3.
num_chunk_splits: 1762.
num_chunks_enlarged: 1171.
num_purges: 0.
num_inconsistent_stats: 0.

CodeHeap 'non-profiled nmethods': size=120000Kb used=2964Kb max_used=3300Kb free=117035Kb
 bounds [0x0000019e37fe0000, 0x0000019e38320000, 0x0000019e3f510000]
CodeHeap 'profiled nmethods': size=120000Kb used=11548Kb max_used=11548Kb free=108451Kb
 bounds [0x0000019e30510000, 0x0000019e31060000, 0x0000019e37a40000]
CodeHeap 'non-nmethods': size=5760Kb used=2326Kb max_used=2366Kb free=3433Kb
 bounds [0x0000019e37a40000, 0x0000019e37cb0000, 0x0000019e37fe0000]
 total_blobs=6824 nmethods=5978 adapters=757
 compilation: enabled
              stopped_count=0, restarted_count=0
 full_count=0

Compilation events (20 events):
Event: 43.463 Thread 0x0000019e4702d7c0 nmethod 6750 0x0000019e3825cb90 code [0x0000019e3825cd20, 0x0000019e3825d078]
Event: 43.463 Thread 0x0000019e4663ea30 6753       3       com.google.common.reflect.TypeResolver$TypeTable::<init> (12 bytes)
Event: 43.463 Thread 0x0000019e4663ea30 nmethod 6753 0x0000019e31048410 code [0x0000019e310485c0, 0x0000019e310487f8]
Event: 43.463 Thread 0x0000019e4663ea30 6754       3       com.google.common.reflect.TypeResolver::<init> (10 bytes)
Event: 43.464 Thread 0x0000019e4663ea30 nmethod 6754 0x0000019e31048910 code [0x0000019e31048aa0, 0x0000019e31048c58]
Event: 43.469 Thread 0x0000019e4663ea30 6755       3       sun.reflect.annotation.AnnotationParser::skipMemberValue (11 bytes)
Event: 43.469 Thread 0x0000019e4663ea30 nmethod 6755 0x0000019e31048d10 code [0x0000019e31048ec0, 0x0000019e31049098]
Event: 43.469 Thread 0x0000019e4663ea30 6756       3       sun.reflect.annotation.AnnotationParser::skipMemberValue (65 bytes)
Event: 43.470 Thread 0x0000019e4663ea30 nmethod 6756 0x0000019e31049190 code [0x0000019e310493c0, 0x0000019e31049ab8]
Event: 43.801 Thread 0x0000019e4702d7c0 6757       4       java.util.stream.ReferencePipeline$3$1::accept (23 bytes)
Event: 43.801 Thread 0x0000019e4702d7c0 nmethod 6757 0x0000019e3825c810 code [0x0000019e3825c9a0, 0x0000019e3825ca78]
Event: 43.821 Thread 0x0000019e4702d7c0 6758       4       sun.invoke.util.VerifyAccess::isTypeVisible (118 bytes)
Event: 43.832 Thread 0x0000019e4702d7c0 nmethod 6758 0x0000019e3825be90 code [0x0000019e3825c040, 0x0000019e3825c3c8]
Event: 43.839 Thread 0x0000019e4663ea30 6759       3       java.lang.invoke.LambdaFormEditor::bindArgumentType (101 bytes)
Event: 43.839 Thread 0x0000019e4663ea30 nmethod 6759 0x0000019e31049d10 code [0x0000019e31049ec0, 0x0000019e3104a0e8]
Event: 43.839 Thread 0x0000019e4663ea30 6760       3       java.lang.invoke.LambdaFormEditor::bindArgumentForm (269 bytes)
Event: 43.841 Thread 0x0000019e4663ea30 nmethod 6760 0x0000019e3104a210 code [0x0000019e3104a5c0, 0x0000019e3104bdc8]
Event: 43.868 Thread 0x0000019e4702d7c0 6761       4       org.objectweb.asm.SymbolTable::addConstantMemberReference (147 bytes)
Event: 43.898 Thread 0x0000019e4663ea30 6763       3       com.google.common.collect.AbstractMapBasedMultimap$WrappedCollection$WrappedIterator::validateIterator (30 bytes)
Event: 43.898 Thread 0x0000019e4663ea30 nmethod 6763 0x0000019e3104c810 code [0x0000019e3104c9c0, 0x0000019e3104cc98]

GC Heap History (20 events):
Event: 27.345 GC heap before
{Heap before GC invocations=16 (full 0):
 garbage-first heap   total 94208K, used 64926K [0x0000000080000000, 0x0000000100000000)
  region size 1024K, 14 young (14336K), 3 survivors (3072K)
 Metaspace       used 42399K, committed 42816K, reserved 1089536K
  class space    used 5640K, committed 5824K, reserved 1048576K
}
Event: 27.348 GC heap after
{Heap after GC invocations=17 (full 0):
 garbage-first heap   total 94208K, used 56752K [0x0000000080000000, 0x0000000100000000)
  region size 1024K, 2 young (2048K), 2 survivors (2048K)
 Metaspace       used 42399K, committed 42816K, reserved 1089536K
  class space    used 5640K, committed 5824K, reserved 1048576K
}
Event: 28.685 GC heap before
{Heap before GC invocations=18 (full 0):
 garbage-first heap   total 102400K, used 78256K [0x0000000080000000, 0x0000000100000000)
  region size 1024K, 20 young (20480K), 2 survivors (2048K)
 Metaspace       used 45443K, committed 45824K, reserved 1089536K
  class space    used 5999K, committed 6144K, reserved 1048576K
}
Event: 28.691 GC heap after
{Heap after GC invocations=19 (full 0):
 garbage-first heap   total 102400K, used 57592K [0x0000000080000000, 0x0000000100000000)
  region size 1024K, 2 young (2048K), 2 survivors (2048K)
 Metaspace       used 45443K, committed 45824K, reserved 1089536K
  class space    used 5999K, committed 6144K, reserved 1048576K
}
Event: 30.290 GC heap before
{Heap before GC invocations=19 (full 0):
 garbage-first heap   total 102400K, used 70904K [0x0000000080000000, 0x0000000100000000)
  region size 1024K, 16 young (16384K), 2 survivors (2048K)
 Metaspace       used 46825K, committed 47296K, reserved 1097728K
  class space    used 6204K, committed 6400K, reserved 1048576K
}
Event: 30.295 GC heap after
{Heap after GC invocations=20 (full 0):
 garbage-first heap   total 102400K, used 59427K [0x0000000080000000, 0x0000000100000000)
  region size 1024K, 4 young (4096K), 4 survivors (4096K)
 Metaspace       used 46825K, committed 47296K, reserved 1097728K
  class space    used 6204K, committed 6400K, reserved 1048576K
}
Event: 30.712 GC heap before
{Heap before GC invocations=21 (full 0):
 garbage-first heap   total 114688K, used 74787K [0x0000000080000000, 0x0000000100000000)
  region size 1024K, 15 young (15360K), 4 survivors (4096K)
 Metaspace       used 47543K, committed 47936K, reserved 1097728K
  class space    used 6286K, committed 6464K, reserved 1048576K
}
Event: 30.718 GC heap after
{Heap after GC invocations=22 (full 0):
 garbage-first heap   total 114688K, used 67816K [0x0000000080000000, 0x0000000100000000)
  region size 1024K, 4 young (4096K), 4 survivors (4096K)
 Metaspace       used 47543K, committed 47936K, reserved 1097728K
  class space    used 6286K, committed 6464K, reserved 1048576K
}
Event: 32.942 GC heap before
{Heap before GC invocations=23 (full 0):
 garbage-first heap   total 117760K, used 88296K [0x0000000080000000, 0x0000000100000000)
  region size 1024K, 23 young (23552K), 4 survivors (4096K)
 Metaspace       used 49841K, committed 50368K, reserved 1097728K
  class space    used 6518K, committed 6720K, reserved 1048576K
}
Event: 32.948 GC heap after
{Heap after GC invocations=24 (full 0):
 garbage-first heap   total 117760K, used 68780K [0x0000000080000000, 0x0000000100000000)
  region size 1024K, 2 young (2048K), 2 survivors (2048K)
 Metaspace       used 49841K, committed 50368K, reserved 1097728K
  class space    used 6518K, committed 6720K, reserved 1048576K
}
Event: 35.484 GC heap before
{Heap before GC invocations=24 (full 0):
 garbage-first heap   total 117760K, used 91308K [0x0000000080000000, 0x0000000100000000)
  region size 1024K, 24 young (24576K), 2 survivors (2048K)
 Metaspace       used 50985K, committed 51520K, reserved 1097728K
  class space    used 6720K, committed 6976K, reserved 1048576K
}
Event: 35.488 GC heap after
{Heap after GC invocations=25 (full 0):
 garbage-first heap   total 117760K, used 69262K [0x0000000080000000, 0x0000000100000000)
  region size 1024K, 1 young (1024K), 1 survivors (1024K)
 Metaspace       used 50985K, committed 51520K, reserved 1097728K
  class space    used 6720K, committed 6976K, reserved 1048576K
}
Event: 37.368 GC heap before
{Heap before GC invocations=26 (full 0):
 garbage-first heap   total 122880K, used 92814K [0x0000000080000000, 0x0000000100000000)
  region size 1024K, 24 young (24576K), 1 survivors (1024K)
 Metaspace       used 53316K, committed 53952K, reserved 1097728K
  class space    used 7135K, committed 7424K, reserved 1048576K
}
Event: 37.372 GC heap after
{Heap after GC invocations=27 (full 0):
 garbage-first heap   total 122880K, used 70741K [0x0000000080000000, 0x0000000100000000)
  region size 1024K, 3 young (3072K), 3 survivors (3072K)
 Metaspace       used 53316K, committed 53952K, reserved 1097728K
  class space    used 7135K, committed 7424K, reserved 1048576K
}
Event: 37.447 GC heap before
{Heap before GC invocations=27 (full 0):
 garbage-first heap   total 122880K, used 73813K [0x0000000080000000, 0x0000000100000000)
  region size 1024K, 6 young (6144K), 3 survivors (3072K)
 Metaspace       used 53775K, committed 54336K, reserved 1097728K
  class space    used 7209K, committed 7488K, reserved 1048576K
}
Event: 37.452 GC heap after
{Heap after GC invocations=28 (full 0):
 garbage-first heap   total 122880K, used 70437K [0x0000000080000000, 0x0000000100000000)
  region size 1024K, 1 young (1024K), 1 survivors (1024K)
 Metaspace       used 53775K, committed 54336K, reserved 1097728K
  class space    used 7209K, committed 7488K, reserved 1048576K
}
Event: 40.858 GC heap before
{Heap before GC invocations=28 (full 0):
 garbage-first heap   total 122880K, used 98085K [0x0000000080000000, 0x0000000100000000)
  region size 1024K, 28 young (28672K), 1 survivors (1024K)
 Metaspace       used 56204K, committed 56768K, reserved 1105920K
  class space    used 7541K, committed 7808K, reserved 1048576K
}
Event: 40.864 GC heap after
{Heap after GC invocations=29 (full 0):
 garbage-first heap   total 122880K, used 72654K [0x0000000080000000, 0x0000000100000000)
  region size 1024K, 3 young (3072K), 3 survivors (3072K)
 Metaspace       used 56204K, committed 56768K, reserved 1105920K
  class space    used 7541K, committed 7808K, reserved 1048576K
}
Event: 42.497 GC heap before
{Heap before GC invocations=30 (full 0):
 garbage-first heap   total 124928K, used 96206K [0x0000000080000000, 0x0000000100000000)
  region size 1024K, 28 young (28672K), 3 survivors (3072K)
 Metaspace       used 56763K, committed 57344K, reserved 1105920K
  class space    used 7586K, committed 7872K, reserved 1048576K
}
Event: 42.507 GC heap after
{Heap after GC invocations=31 (full 0):
 garbage-first heap   total 124928K, used 75085K [0x0000000080000000, 0x0000000100000000)
  region size 1024K, 4 young (4096K), 4 survivors (4096K)
 Metaspace       used 56763K, committed 57344K, reserved 1105920K
  class space    used 7586K, committed 7872K, reserved 1048576K
}

Dll operation events (2 events):
Event: 0.107 Loaded shared library C:\Program Files\Android\Android Studio\jbr\bin\java.dll
Event: 2.756 Loaded shared library C:\Program Files\Android\Android Studio\jbr\bin\verify.dll

Deoptimization events (20 events):
Event: 42.315 Thread 0x0000019e4756d640 DEOPT PACKING pc=0x0000019e30ff0b89 sp=0x00000059e40f8530
Event: 42.315 Thread 0x0000019e4756d640 DEOPT UNPACKING pc=0x0000019e37a97143 sp=0x00000059e40f7a28 mode 0
Event: 42.317 Thread 0x0000019e4756d640 DEOPT PACKING pc=0x0000019e30feb8d1 sp=0x00000059e40f8600
Event: 42.317 Thread 0x0000019e4756d640 DEOPT UNPACKING pc=0x0000019e37a97143 sp=0x00000059e40f7af8 mode 0
Event: 42.318 Thread 0x0000019e4756d640 DEOPT PACKING pc=0x0000019e30ff0baa sp=0x00000059e40f8530
Event: 42.318 Thread 0x0000019e4756d640 DEOPT UNPACKING pc=0x0000019e37a97143 sp=0x00000059e40f7a28 mode 0
Event: 42.319 Thread 0x0000019e4756d640 DEOPT PACKING pc=0x0000019e30feb8d1 sp=0x00000059e40f85b0
Event: 42.319 Thread 0x0000019e4756d640 DEOPT UNPACKING pc=0x0000019e37a97143 sp=0x00000059e40f7aa8 mode 0
Event: 42.488 Thread 0x0000019e4756d640 Uncommon trap: trap_request=0xfffffff4 fr.pc=0x0000019e380458dc relative=0x00000000000007fc
Event: 42.488 Thread 0x0000019e4756d640 Uncommon trap: reason=null_check action=make_not_entrant pc=0x0000019e380458dc method=org.gradle.util.internal.SimpleMapInterner.intern(Ljava/lang/Object;)Ljava/lang/Object; @ 2 c2
Event: 42.488 Thread 0x0000019e4756d640 DEOPT PACKING pc=0x0000019e380458dc sp=0x00000059e40f8980
Event: 42.488 Thread 0x0000019e4756d640 DEOPT UNPACKING pc=0x0000019e37a969a3 sp=0x00000059e40f8938 mode 2
Event: 42.488 Thread 0x0000019e4756d640 Uncommon trap: trap_request=0xffffff45 fr.pc=0x0000019e381e16ac relative=0x00000000000007ec
Event: 42.488 Thread 0x0000019e4756d640 Uncommon trap: reason=unstable_if action=reinterpret pc=0x0000019e381e16ac method=org.gradle.util.internal.SimpleMapInterner.intern(Ljava/lang/String;)Ljava/lang/String; @ 1 c2
Event: 42.488 Thread 0x0000019e4756d640 DEOPT PACKING pc=0x0000019e381e16ac sp=0x00000059e40f8910
Event: 42.488 Thread 0x0000019e4756d640 DEOPT UNPACKING pc=0x0000019e37a969a3 sp=0x00000059e40f88c8 mode 2
Event: 42.602 Thread 0x0000019e4756d640 Uncommon trap: trap_request=0xffffff45 fr.pc=0x0000019e380448d0 relative=0x0000000000000610
Event: 42.602 Thread 0x0000019e4756d640 Uncommon trap: reason=unstable_if action=reinterpret pc=0x0000019e380448d0 method=java.util.jar.Manifest$FastInputStream.readLine([BII)I @ 130 c2
Event: 42.602 Thread 0x0000019e4756d640 DEOPT PACKING pc=0x0000019e380448d0 sp=0x00000059e40f7eb0
Event: 42.602 Thread 0x0000019e4756d640 DEOPT UNPACKING pc=0x0000019e37a969a3 sp=0x00000059e40f7e40 mode 2

Classes unloaded (0 events):
No events

Classes redefined (0 events):
No events

Internal exceptions (20 events):
Event: 35.608 Thread 0x0000019e4756d640 Exception <a 'java/lang/IncompatibleClassChangeError'{0x000000008708f9d8}: Found class java.lang.Object, but interface was expected> (0x000000008708f9d8) 
thrown [s\src\hotspot\share\interpreter\linkResolver.cpp, line 838]
Event: 36.331 Thread 0x0000019e4756d640 Exception <a 'java/lang/ClassNotFoundException'{0x0000000087344188}: org/jetbrains/plugins/gradle/model/web/WebConfigurationBeanInfo> (0x0000000087344188) 
thrown [s\src\hotspot\share\classfile\systemDictionary.cpp, line 256]
Event: 36.344 Thread 0x0000019e4756d640 Exception <a 'java/lang/ClassNotFoundException'{0x000000008734c510}: org/jetbrains/plugins/gradle/model/web/WebConfigurationCustomizer> (0x000000008734c510) 
thrown [s\src\hotspot\share\classfile\systemDictionary.cpp, line 256]
Event: 36.365 Thread 0x0000019e4756d640 Exception <a 'java/lang/ClassNotFoundException'{0x000000008736bf58}: org/jetbrains/plugins/gradle/model/scala/ScalaModelBeanInfo> (0x000000008736bf58) 
thrown [s\src\hotspot\share\classfile\systemDictionary.cpp, line 256]
Event: 36.381 Thread 0x0000019e4756d640 Exception <a 'java/lang/ClassNotFoundException'{0x00000000873744a0}: org/jetbrains/plugins/gradle/model/scala/ScalaModelCustomizer> (0x00000000873744a0) 
thrown [s\src\hotspot\share\classfile\systemDictionary.cpp, line 256]
Event: 36.387 Thread 0x0000019e4756d640 Exception <a 'java/lang/ClassNotFoundException'{0x00000000873a8668}: org/jetbrains/plugins/gradle/model/DependencyAccessorsModelBeanInfo> (0x00000000873a8668) 
thrown [s\src\hotspot\share\classfile\systemDictionary.cpp, line 256]
Event: 36.388 Thread 0x0000019e4756d640 Exception <a 'java/lang/ClassNotFoundException'{0x00000000873b0a18}: org/jetbrains/plugins/gradle/model/DependencyAccessorsModelCustomizer> (0x00000000873b0a18) 
thrown [s\src\hotspot\share\classfile\systemDictionary.cpp, line 256]
Event: 37.131 Thread 0x0000019e4756d640 Exception <a 'java/lang/ClassNotFoundException'{0x0000000086840770}: org/gradle/api/internal/project/DefaultProject_DecoratedBeanInfo> (0x0000000086840770) 
thrown [s\src\hotspot\share\classfile\systemDictionary.cpp, line 256]
Event: 37.134 Thread 0x0000019e4756d640 Exception <a 'java/lang/ClassNotFoundException'{0x000000008684d2c8}: org/gradle/api/internal/project/DefaultProjectBeanInfo> (0x000000008684d2c8) 
thrown [s\src\hotspot\share\classfile\systemDictionary.cpp, line 256]
Event: 37.135 Thread 0x0000019e4756d640 Exception <a 'java/lang/ClassNotFoundException'{0x0000000086859e28}: org/gradle/api/internal/project/DefaultProjectCustomizer> (0x0000000086859e28) 
thrown [s\src\hotspot\share\classfile\systemDictionary.cpp, line 256]
Event: 37.140 Thread 0x0000019e4756d640 Exception <a 'java/lang/ClassNotFoundException'{0x00000000867038b0}: org/gradle/api/internal/project/DefaultProject_DecoratedCustomizer> (0x00000000867038b0) 
thrown [s\src\hotspot\share\classfile\systemDictionary.cpp, line 256]
Event: 39.755 Thread 0x0000019e4756d640 Exception <a 'java/lang/NoSuchMethodError'{0x00000000868fdbc0}: 'java.lang.Object java.lang.invoke.DirectMethodHandle$Holder.newInvokeSpecial(java.lang.Object, java.lang.Object, java.lang.Object, java.lang.Object, java.lang.Object, int)'> (0x00000000868fdbc0) 
thrown [s\src\hotspot\share\interpreter\linkResolver.cpp, line 771]
Event: 39.756 Thread 0x0000019e4756d640 Exception <a 'java/lang/NoSuchMethodError'{0x0000000086704af8}: 'java.lang.Object java.lang.invoke.DirectMethodHandle$Holder.invokeSpecial(java.lang.Object, java.lang.Object, java.lang.Object, java.lang.Object, java.lang.Object, java.lang.Object, int)'> (0x0000000086704af8) 
thrown [s\src\hotspot\share\interpreter\linkResolver.cpp, line 771]
Event: 39.776 Thread 0x0000019e4756d640 Exception <a 'java/lang/NoSuchMethodError'{0x00000000867aef10}: 'void java.lang.invoke.DirectMethodHandle$Holder.invokeStatic(java.lang.Object, java.lang.Object, java.lang.Object, int, java.lang.Object)'> (0x00000000867aef10) 
thrown [s\src\hotspot\share\interpreter\linkResolver.cpp, line 771]
Event: 40.963 Thread 0x0000019e4756d640 Implicit null exception at 0x0000019e3823ceef to 0x0000019e3823d498
Event: 42.488 Thread 0x0000019e4756d640 Implicit null exception at 0x0000019e38045111 to 0x0000019e380458c8
Event: 42.488 Thread 0x0000019e4756d640 Implicit null exception at 0x0000019e381e0ef6 to 0x0000019e381e1694
Event: 43.935 Thread 0x0000019e4756d640 Exception <a 'java/lang/NoSuchMethodError'{0x00000000872afbc8}: 'java.lang.Object java.lang.invoke.DirectMethodHandle$Holder.newInvokeSpecial(java.lang.Object, java.lang.Object, java.lang.Object, java.lang.Object, int)'> (0x00000000872afbc8) 
thrown [s\src\hotspot\share\interpreter\linkResolver.cpp, line 771]
Event: 43.940 Thread 0x0000019e4756d640 Exception <a 'java/lang/NoSuchMethodError'{0x00000000872b5250}: 'java.lang.Object java.lang.invoke.DirectMethodHandle$Holder.invokeSpecial(java.lang.Object, java.lang.Object, java.lang.Object, java.lang.Object, java.lang.Object, int)'> (0x00000000872b5250) 
thrown [s\src\hotspot\share\interpreter\linkResolver.cpp, line 771]
Event: 43.942 Thread 0x0000019e4756d640 Exception <a 'java/lang/NoSuchMethodError'{0x00000000872b9fd0}: 'java.lang.Object java.lang.invoke.Invokers$Holder.linkToTargetMethod(java.lang.Object, java.lang.Object, java.lang.Object, int, java.lang.Object)'> (0x00000000872b9fd0) 
thrown [s\src\hotspot\share\interpreter\linkResolver.cpp, line 771]

VM Operations (20 events):
Event: 40.700 Executing VM operation: ICBufferFull
Event: 40.700 Executing VM operation: ICBufferFull done
Event: 40.751 Executing VM operation: HandshakeAllThreads
Event: 40.751 Executing VM operation: HandshakeAllThreads done
Event: 40.858 Executing VM operation: G1CollectForAllocation
Event: 40.864 Executing VM operation: G1CollectForAllocation done
Event: 40.938 Executing VM operation: G1Concurrent
Event: 40.943 Executing VM operation: G1Concurrent done
Event: 40.973 Executing VM operation: G1Concurrent
Event: 40.984 Executing VM operation: G1Concurrent done
Event: 41.986 Executing VM operation: Cleanup
Event: 41.990 Executing VM operation: Cleanup done
Event: 42.497 Executing VM operation: G1TryInitiateConcMark
Event: 42.508 Executing VM operation: G1TryInitiateConcMark done
Event: 42.594 Executing VM operation: G1Concurrent
Event: 42.600 Executing VM operation: G1Concurrent done
Event: 42.632 Executing VM operation: G1Concurrent
Event: 42.632 Executing VM operation: G1Concurrent done
Event: 43.641 Executing VM operation: Cleanup
Event: 43.659 Executing VM operation: Cleanup done

Events (20 events):
Event: 41.010 Thread 0x0000019e4e1c2810 Thread added: 0x0000019e4e1c2810
Event: 41.010 Thread 0x0000019e4e1bf7f0 Thread added: 0x0000019e4e1bf7f0
Event: 41.010 Thread 0x0000019e4e1c2ce0 Thread added: 0x0000019e4e1c2ce0
Event: 41.010 Thread 0x0000019e4e1c31b0 Thread added: 0x0000019e4e1c31b0
Event: 41.010 Thread 0x0000019e4e1c5830 Thread added: 0x0000019e4e1c5830
Event: 41.011 Thread 0x0000019e4e1c7040 Thread added: 0x0000019e4e1c7040
Event: 41.011 Thread 0x0000019e473bf550 Thread added: 0x0000019e473bf550
Event: 41.011 Thread 0x0000019e473c2570 Thread added: 0x0000019e473c2570
Event: 41.011 Thread 0x0000019e473bfa20 Thread added: 0x0000019e473bfa20
Event: 41.011 Thread 0x0000019e473c03c0 Thread added: 0x0000019e473c03c0
Event: 41.012 Thread 0x0000019e473c2f10 Thread added: 0x0000019e473c2f10
Event: 41.012 Thread 0x0000019e473bfef0 Thread added: 0x0000019e473bfef0
Event: 41.012 Thread 0x0000019e473bd870 Thread added: 0x0000019e473bd870
Event: 41.013 Thread 0x0000019e473bd3a0 Thread added: 0x0000019e473bd3a0
Event: 41.015 Thread 0x0000019e473be210 Thread added: 0x0000019e473be210
Event: 41.015 Thread 0x0000019e473c33e0 Thread added: 0x0000019e473c33e0
Event: 41.015 Thread 0x0000019e473c20a0 Thread added: 0x0000019e473c20a0
Event: 41.015 Thread 0x0000019e473bced0 Thread added: 0x0000019e473bced0
Event: 41.016 Thread 0x0000019e473c0890 Thread added: 0x0000019e473c0890
Event: 41.016 Thread 0x0000019e473bdd40 Thread added: 0x0000019e473bdd40


Dynamic libraries:
0x00007ff7b4190000 - 0x00007ff7b419a000 	C:\Program Files\Android\Android Studio\jbr\bin\java.exe
0x00007ff821d30000 - 0x00007ff821f28000 	C:\windows\SYSTEM32\ntdll.dll
0x00007ff8216a0000 - 0x00007ff82175d000 	C:\windows\System32\KERNEL32.DLL
0x00007ff81f810000 - 0x00007ff81fb06000 	C:\windows\System32\KERNELBASE.dll
0x00007ff81fb10000 - 0x00007ff81fc10000 	C:\windows\System32\ucrtbase.dll
0x00007ff814570000 - 0x00007ff814587000 	C:\Program Files\Android\Android Studio\jbr\bin\jli.dll
0x00007ff820040000 - 0x00007ff8201de000 	C:\windows\System32\USER32.dll
0x00007ff81f7e0000 - 0x00007ff81f802000 	C:\windows\System32\win32u.dll
0x00007ff81fe90000 - 0x00007ff81febc000 	C:\windows\System32\GDI32.dll
0x00007ff81f6c0000 - 0x00007ff81f7da000 	C:\windows\System32\gdi32full.dll
0x00007ff81fc10000 - 0x00007ff81fcad000 	C:\windows\System32\msvcp_win.dll
0x00007ff81cc10000 - 0x00007ff81cc2b000 	C:\Program Files\Android\Android Studio\jbr\bin\VCRUNTIME140.dll
0x00007ff8041f0000 - 0x00007ff80448a000 	C:\windows\WinSxS\amd64_microsoft.windows.common-controls_6595b64144ccf1df_6.0.19041.3636_none_60b6a03d71f818d5\COMCTL32.dll
0x00007ff821220000 - 0x00007ff8212be000 	C:\windows\System32\msvcrt.dll
0x00007ff821670000 - 0x00007ff8216a0000 	C:\windows\System32\IMM32.DLL
0x00007ff81c660000 - 0x00007ff81c66c000 	C:\Program Files\Android\Android Studio\jbr\bin\vcruntime140_1.dll
0x00007ff806480000 - 0x00007ff80650d000 	C:\Program Files\Android\Android Studio\jbr\bin\msvcp140.dll
0x00007fffd0ce0000 - 0x00007fffd194e000 	C:\Program Files\Android\Android Studio\jbr\bin\server\jvm.dll
0x00007ff821c00000 - 0x00007ff821caf000 	C:\windows\System32\ADVAPI32.dll
0x00007ff81fec0000 - 0x00007ff81ff5c000 	C:\windows\System32\sechost.dll
0x00007ff821540000 - 0x00007ff821666000 	C:\windows\System32\RPCRT4.dll
0x00007ff802bc0000 - 0x00007ff802bc9000 	C:\windows\SYSTEM32\WSOCK32.dll
0x00007ff821410000 - 0x00007ff82147b000 	C:\windows\System32\WS2_32.dll
0x00007ff816d40000 - 0x00007ff816d67000 	C:\windows\SYSTEM32\WINMM.dll
0x00007ff817fc0000 - 0x00007ff817fca000 	C:\windows\SYSTEM32\VERSION.dll
0x00007ff81d260000 - 0x00007ff81d272000 	C:\windows\SYSTEM32\kernel.appcore.dll
0x00007ff81c6d0000 - 0x00007ff81c6da000 	C:\Program Files\Android\Android Studio\jbr\bin\jimage.dll
0x00007ff80ccf0000 - 0x00007ff80ced4000 	C:\windows\SYSTEM32\DBGHELP.DLL
0x00007ff80c380000 - 0x00007ff80c3b4000 	C:\windows\SYSTEM32\dbgcore.DLL
0x00007ff81f450000 - 0x00007ff81f4d2000 	C:\windows\System32\bcryptPrimitives.dll
0x00007ff81c630000 - 0x00007ff81c655000 	C:\Program Files\Android\Android Studio\jbr\bin\java.dll
0x00007ff81c600000 - 0x00007ff81c618000 	C:\Program Files\Android\Android Studio\jbr\bin\zip.dll
0x00007ff820650000 - 0x00007ff820d94000 	C:\windows\System32\SHELL32.dll
0x00007ff81d460000 - 0x00007ff81dbfb000 	C:\windows\SYSTEM32\windows.storage.dll
0x00007ff821770000 - 0x00007ff821ac4000 	C:\windows\System32\combase.dll
0x00007ff81ed50000 - 0x00007ff81ed7d000 	C:\windows\SYSTEM32\Wldp.dll
0x00007ff820f70000 - 0x00007ff82101d000 	C:\windows\System32\SHCORE.dll
0x00007ff821480000 - 0x00007ff8214d5000 	C:\windows\System32\shlwapi.dll
0x00007ff81f310000 - 0x00007ff81f335000 	C:\windows\SYSTEM32\profapi.dll
0x00007ff81c550000 - 0x00007ff81c569000 	C:\Program Files\Android\Android Studio\jbr\bin\net.dll
0x00007ff814b70000 - 0x00007ff814c7a000 	C:\windows\SYSTEM32\WINHTTP.dll
0x00007ff81eab0000 - 0x00007ff81eb1a000 	C:\windows\system32\mswsock.dll
0x00007ff81ae80000 - 0x00007ff81ae96000 	C:\Program Files\Android\Android Studio\jbr\bin\nio.dll
0x00007ff81c6b0000 - 0x00007ff81c6c0000 	C:\Program Files\Android\Android Studio\jbr\bin\verify.dll
0x00007fffec6a0000 - 0x00007fffec6c7000 	C:\Users\\.gradle\native\68d5fa5c4cc2d200863cafc0d521ce42e7d3e7ee720ec0a83991735586a16f82\windows-amd64\native-platform.dll
0x00007fffbf8b0000 - 0x00007fffbf9f4000 	C:\Users\\.gradle\native\e376f236ea51e6404a007f0833ffe2c6e607c4080706a723a18a27aeea778392\windows-amd64\native-platform-file-events.dll
0x00007ff81c5f0000 - 0x00007ff81c5f9000 	C:\Program Files\Android\Android Studio\jbr\bin\management.dll
0x00007ff81c590000 - 0x00007ff81c59b000 	C:\Program Files\Android\Android Studio\jbr\bin\management_ext.dll
0x00007ff821760000 - 0x00007ff821768000 	C:\windows\System32\PSAPI.DLL
0x00007ff81eca0000 - 0x00007ff81ecb8000 	C:\windows\SYSTEM32\CRYPTSP.dll
0x00007ff81e3b0000 - 0x00007ff81e3e4000 	C:\windows\system32\rsaenh.dll
0x00007ff81f690000 - 0x00007ff81f6b7000 	C:\windows\System32\bcrypt.dll
0x00007ff81f2d0000 - 0x00007ff81f2fe000 	C:\windows\SYSTEM32\USERENV.dll
0x00007ff81ecc0000 - 0x00007ff81eccc000 	C:\windows\SYSTEM32\CRYPTBASE.dll
0x00007ff81e780000 - 0x00007ff81e7bb000 	C:\windows\SYSTEM32\IPHLPAPI.DLL
0x00007ff821cb0000 - 0x00007ff821cb8000 	C:\windows\System32\NSI.dll
0x00007ff817cf0000 - 0x00007ff817d07000 	C:\windows\SYSTEM32\dhcpcsvc6.DLL
0x00007ff817cd0000 - 0x00007ff817ced000 	C:\windows\SYSTEM32\dhcpcsvc.DLL
0x00007ff81e7e0000 - 0x00007ff81e8aa000 	C:\windows\SYSTEM32\DNSAPI.dll
0x00007ff81c3d0000 - 0x00007ff81c3d7000 	C:\windows\system32\wshunix.dll

dbghelp: loaded successfully - version: 4.0.5 - missing functions: none
symbol engine: initialized successfully - sym options: 0x614 - pdb path: .;C:\Program Files\Android\Android Studio\jbr\bin;C:\windows\SYSTEM32;C:\windows\WinSxS\amd64_microsoft.windows.common-controls_6595b64144ccf1df_6.0.19041.3636_none_60b6a03d71f818d5;C:\Program Files\Android\Android Studio\jbr\bin\server;C:\Users\\.gradle\native\68d5fa5c4cc2d200863cafc0d521ce42e7d3e7ee720ec0a83991735586a16f82\windows-amd64;C:\Users\\.gradle\native\e376f236ea51e6404a007f0833ffe2c6e607c4080706a723a18a27aeea778392\windows-amd64

VM Arguments:
jvm_args: --add-opens=java.base/java.util=ALL-UNNAMED --add-opens=java.base/java.lang=ALL-UNNAMED --add-opens=java.base/java.lang.invoke=ALL-UNNAMED --add-opens=java.prefs/java.util.prefs=ALL-UNNAMED --add-opens=java.base/java.nio.charset=ALL-UNNAMED --add-opens=java.base/java.net=ALL-UNNAMED --add-opens=java.base/java.util.concurrent.atomic=ALL-UNNAMED -Xmx2048m -Dfile.encoding=UTF-8 -Duser.country=RU -Duser.language=ru -Duser.variant 
java_command: org.gradle.launcher.daemon.bootstrap.GradleDaemon 8.0
java_class_path (initial): C:\Users\\.gradle\wrapper\dists\gradle-8.0-bin\ca5e32bp14vu59qr306oxotwh\gradle-8.0\lib\gradle-launcher-8.0.jar
Launcher Type: SUN_STANDARD

[Global flags]
     intx CICompilerCount                          = 3                                         {product} {ergonomic}
     uint ConcGCThreads                            = 1                                         {product} {ergonomic}
     uint G1ConcRefinementThreads                  = 4                                         {product} {ergonomic}
   size_t G1HeapRegionSize                         = 1048576                                   {product} {ergonomic}
    uintx GCDrainStackTargetSize                   = 64                                        {product} {ergonomic}
   size_t InitialHeapSize                          = 100663296                                 {product} {ergonomic}
   size_t MarkStackSize                            = 4194304                                   {product} {ergonomic}
   size_t MaxHeapSize                              = 2147483648                                {product} {command line}
   size_t MaxNewSize                               = 1287651328                                {product} {ergonomic}
   size_t MinHeapDeltaBytes                        = 1048576                                   {product} {ergonomic}
   size_t MinHeapSize                              = 8388608                                   {product} {ergonomic}
    uintx NonNMethodCodeHeapSize                   = 5832780                                {pd product} {ergonomic}
    uintx NonProfiledCodeHeapSize                  = 122912730                              {pd product} {ergonomic}
    uintx ProfiledCodeHeapSize                     = 122912730                              {pd product} {ergonomic}
    uintx ReservedCodeCacheSize                    = 251658240                              {pd product} {ergonomic}
     bool SegmentedCodeCache                       = true                                      {product} {ergonomic}
   size_t SoftMaxHeapSize                          = 2147483648                             {manageable} {ergonomic}
     bool UseCompressedClassPointers               = true                           {product lp64_product} {ergonomic}
     bool UseCompressedOops                        = true                           {product lp64_product} {ergonomic}
     bool UseG1GC                                  = true                                      {product} {ergonomic}
     bool UseLargePagesIndividualAllocation        = false                                  {pd product} {ergonomic}

Logging:
Log output configuration:
 #0: stdout all=warning uptime,level,tags
 #1: stderr all=off uptime,level,tags

Environment Variables:
PATH=C:\Program Files (x86)\Common Files\Oracle\Java\javapath;C:\windows\system32;C:\windows;C:\windows\System32\Wbem;C:\windows\System32\WindowsPowerShell\v1.0\;C:\windows\System32\OpenSSH\;C:\Program Files\dotnet\;C:\Program Files\Microsoft SQL Server\150\Tools\Binn\;C:\Program Files\Microsoft SQL Server\Client SDK\ODBC\170\Tools\Binn\;C:\Program Files (x86)\Microsoft SQL Server\160\Tools\Binn\;C:\Program Files\Microsoft SQL Server\160\Tools\Binn\;C:\Program Files\Microsoft SQL Server\160\DTS\Binn\;C:\Program Files\nodejs\;C:\Program Files\PostgreSQL\15\bin;C:\Program Files\Git\cmd;C:\Users\\.cargo\bin;C:\Users\\AppData\Local\Programs\Python\Python39\Scripts\;C:\Users\\AppData\Local\Programs\Python\Python39\;C:\Users\\AppData\Local\Microsoft\WindowsApps;C:\Program Files\JetBrains\PyCharm Community Edition 2021.2.1\bin;;C:\Users\\.dotnet\tools;C:\Users\\AppData\Roaming\npm;C:\Users\57D6~1\AppData\Local\ffmpegio\ffmpeg-downloader\ffmpeg\bin;C:\Users\\.cargo\bin;C:\Users\\AppData\Local\GitHubDesktop\bin
USERNAME=
OS=Windows_NT
PROCESSOR_IDENTIFIER=AMD64 Family 23 Model 24 Stepping 1, AuthenticAMD
TMP=C:\Users\57D6~1\AppData\Local\Temp
TEMP=C:\Users\57D6~1\AppData\Local\Temp


JNI global refs:
JNI global refs: 26, weak refs: 3

JNI global refs memory usage: 843, weak refs: 841


---------------  S Y S T E M  ---------------

OS:
 Windows 10 , 64 bit Build 19041 (10.0.19041.3636)
OS uptime: 11 days 16:30 hours
Hyper-V role detected

CPU: total 4 (initial active 4) (4 cores per cpu, 2 threads per core) family 23 model 24 stepping 1 microcode 0x0, cx8, cmov, fxsr, ht, mmx, 3dnowpref, sse, sse2, sse3, ssse3, sse4a, sse4.1, sse4.2, popcnt, lzcnt, tsc, tscinvbit, avx, avx2, aes, clmul, bmi1, bmi2, adx, sha, fma, vzeroupper, clflush, clflushopt, hv

Memory: 4k page, system-wide physical 6063M (369M free)
TotalPageFile size 24495M (AvailPageFile size 0M)
current process WorkingSet (physical memory assigned to process): 224M, peak: 227M
current process commit charge ("private bytes"): 331M, peak: 331M

vm_info: OpenJDK 64-Bit Server VM (17.0.6+0-b2043.56-10027231) for windows-amd64 JRE (17.0.6+0-b2043.56-10027231), built on Apr 28 2023 00:43:19 by "androidbuild" with MS VC++ 16.10 / 16.11 (VS2019)

END.
