#
# There is insufficient memory for the Java Runtime Environment to continue.
# Native memory allocation (mmap) failed to map 68157440 bytes for G1 virtual space
# Possible reasons:
#   The system is out of physical RAM or swap space
#   The process is running with CompressedOops enabled, and the Java Heap may be blocking the growth of the native heap
# Possible solutions:
#   Reduce memory load on the system
#   Increase physical memory or swap space
#   Check if swap backing store is full
#   Decrease Java heap size (-Xmx/-Xms)
#   Decrease number of Java threads
#   Decrease Java thread stack sizes (-Xss)
#   Set larger code cache with -XX:ReservedCodeCacheSize=
#   JVM is running with Unscaled Compressed Oops mode in which the Java heap is
#     placed in the first 4GB address space. The Java Heap base address is the
#     maximum limit for the native heap growth. Please use -XX:HeapBaseMinAddress
#     to set the Java Heap base and to place the Java Heap above 4GB virtual address.
# This output file may be truncated or incomplete.
#
#  Out of Memory Error (os_windows.cpp:3769), pid=18532, tid=20732
#
# JRE version: OpenJDK Runtime Environment (17.0.6) (build 17.0.6+0-b2043.56-10027231)
# Java VM: OpenJDK 64-Bit Server VM (17.0.6+0-b2043.56-10027231, mixed mode, tiered, compressed oops, compressed class ptrs, g1 gc, windows-amd64)
# No core dump will be written. Minidumps are not enabled by default on client versions of Windows
#

---------------  S U M M A R Y ------------

Command Line: --add-opens=java.base/java.util=ALL-UNNAMED --add-opens=java.base/java.lang=ALL-UNNAMED --add-opens=java.base/java.lang.invoke=ALL-UNNAMED --add-opens=java.prefs/java.util.prefs=ALL-UNNAMED --add-opens=java.base/java.nio.charset=ALL-UNNAMED --add-opens=java.base/java.net=ALL-UNNAMED --add-opens=java.base/java.util.concurrent.atomic=ALL-UNNAMED -Xmx2048m -Dfile.encoding=UTF-8 -Duser.country=RU -Duser.language=ru -Duser.variant org.gradle.launcher.daemon.bootstrap.GradleDaemon 8.0

Host: AMD Athlon Gold 3150U with Radeon Graphics     , 4 cores, 5G,  Windows 10 , 64 bit Build 19041 (10.0.19041.3636)
Time: Sat Dec  2 18:01:22 2023 RTZ 4 (s 10 , 64 bit Build 19041 (10.0.19041.3636) elapsed time: 4249.486673 seconds (0d 1h 10m 49s)

---------------  T H R E A D  ---------------

Current thread (0x00000206992b78a0):  VMThread "VM Thread" [stack: 0x0000004297900000,0x0000004297a00000] [id=20732]

Stack: [0x0000004297900000,0x0000004297a00000]
Native frames: (J=compiled Java code, j=interpreted, Vv=VM code, C=native code)
V  [jvm.dll+0x683c9a]
V  [jvm.dll+0x8427a4]
V  [jvm.dll+0x843f9e]
V  [jvm.dll+0x844603]
V  [jvm.dll+0x249b75]
V  [jvm.dll+0x680b69]
V  [jvm.dll+0x67505a]
V  [jvm.dll+0x309acb]
V  [jvm.dll+0x310f86]
V  [jvm.dll+0x3608ee]
V  [jvm.dll+0x360b1f]
V  [jvm.dll+0x2dfbf8]
V  [jvm.dll+0x2e2ce6]
V  [jvm.dll+0x2ed478]
V  [jvm.dll+0x322150]
V  [jvm.dll+0x848ccb]
V  [jvm.dll+0x849a04]
V  [jvm.dll+0x849f1d]
V  [jvm.dll+0x84a2f4]
V  [jvm.dll+0x84a3c0]
V  [jvm.dll+0x7f274a]
V  [jvm.dll+0x682ad5]
C  [ucrtbase.dll+0x21bb2]
C  [KERNEL32.DLL+0x17344]
C  [ntdll.dll+0x526b1]

VM_Operation (0x00000042975ff570): G1Concurrent, mode: safepoint, requested by thread 0x00000206ffd39960


---------------  P R O C E S S  ---------------

Threads class SMR info:
_java_thread_list=0x00000206a430d1b0, length=95, elements={
0x00000206ffcca7a0, 0x00000206992daa20, 0x00000206992dc080, 0x00000206992f0280,
0x0000020699306420, 0x00000206993068f0, 0x00000206993071b0, 0x0000020699307da0,
0x0000020699308750, 0x0000020699d1e880, 0x0000020699e98430, 0x0000020699e9c910,
0x000002069adaa7e0, 0x000002069a9e6e10, 0x000002069c5779b0, 0x000002069b663c40,
0x000002069b664ab0, 0x000002069b662430, 0x000002069b665450, 0x000002069b662900,
0x000002069b664f80, 0x000002069cc4b3e0, 0x000002069cc483c0, 0x000002069cc4da60,
0x000002069cc49bd0, 0x000002069cc49230, 0x000002069cc4df30, 0x000002069d221830,
0x000002069d0caf80, 0x000002069d0d0150, 0x000002069d0d0620, 0x000002069d0cbdf0,
0x00000206a4326ff0, 0x00000206a4326650, 0x00000206a43274c0, 0x00000206a4323630,
0x00000206a43222f0, 0x00000206a4323b00, 0x00000206a4321e20, 0x00000206a43227c0,
0x00000206a4325310, 0x00000206a4327990, 0x00000206a4327e60, 0x00000206a4323fd0,
0x00000206a43244a0, 0x00000206a4322c90, 0x00000206a4320fb0, 0x00000206a4321480,
0x00000206a4321950, 0x00000206a4324970, 0x00000206a4323160, 0x00000206a4324e40,
0x000002069b5da920, 0x000002069b5dd470, 0x000002069b5dc600, 0x000002069b5dc130,
0x000002069b5e1300, 0x000002069b5de2e0, 0x000002069b5dcfa0, 0x000002069b5db2c0,
0x000002069b5e1ca0, 0x000002069b5df150, 0x000002069b5e0960, 0x000002069b5db790,
0x000002069b5dd940, 0x000002069b5dde10, 0x000002069b5da450, 0x000002069b5dbc60,
0x000002069b5df620, 0x000002069b5dfaf0, 0x000002069b5e0490, 0x000002069b5e0e30,
0x000002069b5dcad0, 0x000002069d222b70, 0x000002069d221360, 0x000002069d220020,
0x000002069d2204f0, 0x000002069d225b90, 0x000002069d223040, 0x000002069d21ece0,
0x000002069d223510, 0x000002069d223eb0, 0x000002069d224850, 0x000002069d224d20,
0x000002069d2256c0, 0x000002069d226060, 0x000002069d21e810, 0x000002069cc4d0c0,
0x000002069cc4af10, 0x000002069cc47ef0, 0x000002069cc48d60, 0x000002069cc49700,
0x000002069cc4a0a0, 0x000002069cc4bd80, 0x000002069cc4d590
}

Java Threads: ( => current thread )
  0x00000206ffcca7a0 JavaThread "main" [_thread_blocked, id=21288, stack(0x0000004297300000,0x0000004297400000)]
  0x00000206992daa20 JavaThread "Reference Handler" daemon [_thread_blocked, id=15272, stack(0x0000004297a00000,0x0000004297b00000)]
  0x00000206992dc080 JavaThread "Finalizer" daemon [_thread_blocked, id=3120, stack(0x0000004297b00000,0x0000004297c00000)]
  0x00000206992f0280 JavaThread "Signal Dispatcher" daemon [_thread_blocked, id=12132, stack(0x0000004297c00000,0x0000004297d00000)]
  0x0000020699306420 JavaThread "Attach Listener" daemon [_thread_blocked, id=14676, stack(0x0000004297d00000,0x0000004297e00000)]
  0x00000206993068f0 JavaThread "Service Thread" daemon [_thread_blocked, id=19396, stack(0x0000004297e00000,0x0000004297f00000)]
  0x00000206993071b0 JavaThread "Monitor Deflation Thread" daemon [_thread_blocked, id=19008, stack(0x0000004297f00000,0x0000004298000000)]
  0x0000020699307da0 JavaThread "C2 CompilerThread0" daemon [_thread_blocked, id=20596, stack(0x0000004298000000,0x0000004298100000)]
  0x0000020699308750 JavaThread "C1 CompilerThread0" daemon [_thread_blocked, id=5800, stack(0x0000004298100000,0x0000004298200000)]
  0x0000020699d1e880 JavaThread "Sweeper thread" daemon [_thread_blocked, id=12716, stack(0x0000004298200000,0x0000004298300000)]
  0x0000020699e98430 JavaThread "Common-Cleaner" daemon [_thread_blocked, id=11976, stack(0x0000004298300000,0x0000004298400000)]
  0x0000020699e9c910 JavaThread "Notification Thread" daemon [_thread_blocked, id=22296, stack(0x0000004298400000,0x0000004298500000)]
  0x000002069adaa7e0 JavaThread "Daemon health stats" [_thread_blocked, id=8252, stack(0x0000004298a00000,0x0000004298b00000)]
  0x000002069a9e6e10 JavaThread "Incoming local TCP Connector on port 54026" [_thread_in_native, id=21404, stack(0x0000004298b00000,0x0000004298c00000)]
  0x000002069c5779b0 JavaThread "Daemon periodic checks" [_thread_blocked, id=16584, stack(0x0000004298c00000,0x0000004298d00000)]
  0x000002069b663c40 JavaThread "Cache worker for journal cache (C:\Users\Вачя\.gradle\caches\journal-1)" [_thread_blocked, id=13508, stack(0x0000004299400000,0x0000004299500000)]
  0x000002069b664ab0 JavaThread "File lock request listener" [_thread_in_native, id=9328, stack(0x0000004299500000,0x0000004299600000)]
  0x000002069b662430 JavaThread "Cache worker for file hash cache (C:\Users\Вачя\.gradle\caches\8.0\fileHashes)" [_thread_blocked, id=13804, stack(0x0000004299600000,0x0000004299700000)]
  0x000002069b665450 JavaThread "File watcher server" daemon [_thread_blocked, id=6748, stack(0x0000004299700000,0x0000004299800000)]
  0x000002069b662900 JavaThread "File watcher consumer" daemon [_thread_blocked, id=8708, stack(0x0000004299800000,0x0000004299900000)]
  0x000002069b664f80 JavaThread "Cache worker for file content cache (C:\Users\Вачя\.gradle\caches\8.0\fileContent)" [_thread_blocked, id=10060, stack(0x0000004299b00000,0x0000004299c00000)]
  0x000002069cc4b3e0 JavaThread "Cache worker for execution history cache (C:\Users\Вачя\.gradle\caches\8.0\executionHistory)" [_thread_blocked, id=16748, stack(0x0000004299e00000,0x0000004299f00000)]
  0x000002069cc483c0 JavaThread "jar transforms" [_thread_blocked, id=19208, stack(0x0000004299f00000,0x000000429a000000)]
  0x000002069cc4da60 JavaThread "jar transforms Thread 2" [_thread_blocked, id=13208, stack(0x000000429a000000,0x000000429a100000)]
  0x000002069cc49bd0 JavaThread "Cache worker for kotlin-dsl (C:\Users\Вачя\.gradle\caches\8.0\kotlin-dsl)" [_thread_blocked, id=10180, stack(0x000000429a100000,0x000000429a200000)]
  0x000002069cc49230 JavaThread "jar transforms Thread 3" [_thread_blocked, id=10332, stack(0x000000429a200000,0x000000429a300000)]
  0x000002069cc4df30 JavaThread "jar transforms Thread 4" [_thread_blocked, id=11288, stack(0x000000429a300000,0x000000429a400000)]
  0x000002069d221830 JavaThread "Memory manager" [_thread_blocked, id=18144, stack(0x000000429cf00000,0x000000429d000000)]
  0x000002069d0caf80 JavaThread "RMI Scheduler(0)" daemon [_thread_blocked, id=14128, stack(0x000000429d400000,0x000000429d500000)]
  0x000002069d0d0150 JavaThread "RMI GC Daemon" daemon [_thread_blocked, id=11088, stack(0x000000429d600000,0x000000429d700000)]
  0x000002069d0d0620 JavaThread "RMI TCP Accept-0" daemon [_thread_in_native, id=17316, stack(0x000000429d700000,0x000000429d800000)]
  0x000002069d0cbdf0 JavaThread "RMI Reaper" [_thread_blocked, id=14912, stack(0x000000429d800000,0x000000429d900000)]
  0x00000206a4326ff0 JavaThread "ForkJoinPool.commonPool-worker-1" daemon [_thread_blocked, id=13008, stack(0x000000429dd00000,0x000000429de00000)]
  0x00000206a4326650 JavaThread "ForkJoinPool.commonPool-worker-3" daemon [_thread_blocked, id=7828, stack(0x000000429df00000,0x000000429e000000)]
  0x00000206a43274c0 JavaThread "Daemon Thread 3" [_thread_blocked, id=17552, stack(0x0000004297100000,0x0000004297200000)]
  0x00000206a4323630 JavaThread "Handler for socket connection from /127.0.0.1:54026 to /127.0.0.1:50796" [_thread_in_native, id=1280, stack(0x0000004297200000,0x0000004297300000)]
  0x00000206a43222f0 JavaThread "Cancel handler" [_thread_blocked, id=15448, stack(0x0000004298600000,0x0000004298700000)]
  0x00000206a4323b00 JavaThread "Daemon worker Thread 3" [_thread_blocked, id=11840, stack(0x0000004298d00000,0x0000004298e00000)]
  0x00000206a4321e20 JavaThread "Asynchronous log dispatcher for DefaultDaemonConnection: socket connection from /127.0.0.1:54026 to /127.0.0.1:50796" [_thread_blocked, id=5064, stack(0x0000004298e00000,0x0000004298f00000)]
  0x00000206a43227c0 JavaThread "Stdin handler" [_thread_blocked, id=18132, stack(0x0000004298f00000,0x0000004299000000)]
  0x00000206a4325310 JavaThread "Daemon client event forwarder" [_thread_blocked, id=17360, stack(0x0000004299000000,0x0000004299100000)]
  0x00000206a4327990 JavaThread "Cache worker for checksums cache (C:\android\RecipeBook\.gradle\8.0\checksums)" [_thread_blocked, id=17964, stack(0x0000004299100000,0x0000004299200000)]
  0x00000206a4327e60 JavaThread "Cache worker for cache directory md-rule (C:\Users\Вачя\.gradle\caches\8.0\md-rule)" [_thread_blocked, id=12016, stack(0x0000004299200000,0x0000004299300000)]
  0x00000206a4323fd0 JavaThread "Cache worker for file hash cache (C:\android\RecipeBook\.gradle\8.0\fileHashes)" [_thread_blocked, id=15984, stack(0x0000004299300000,0x0000004299400000)]
  0x00000206a43244a0 JavaThread "Cache worker for cache directory md-supplier (C:\Users\Вачя\.gradle\caches\8.0\md-supplier)" [_thread_blocked, id=15340, stack(0x0000004299900000,0x0000004299a00000)]
  0x00000206a4322c90 JavaThread "Cache worker for dependencies-accessors (C:\android\RecipeBook\.gradle\8.0\dependencies-accessors)" [_thread_blocked, id=13368, stack(0x0000004299a00000,0x0000004299b00000)]
  0x00000206a4320fb0 JavaThread "Cache worker for Build Output Cleanup Cache (C:\android\RecipeBook\.gradle\buildOutputCleanup)" [_thread_blocked, id=10592, stack(0x0000004299d00000,0x0000004299e00000)]
  0x00000206a4321480 JavaThread "Unconstrained build operations" [_thread_blocked, id=14720, stack(0x000000429a400000,0x000000429a500000)]
  0x00000206a4321950 JavaThread "Unconstrained build operations Thread 2" [_thread_blocked, id=14580, stack(0x000000429a500000,0x000000429a600000)]
  0x00000206a4324970 JavaThread "Unconstrained build operations Thread 3" [_thread_blocked, id=21176, stack(0x000000429a600000,0x000000429a700000)]
  0x00000206a4323160 JavaThread "Unconstrained build operations Thread 4" [_thread_blocked, id=3864, stack(0x000000429a700000,0x000000429a800000)]
  0x00000206a4324e40 JavaThread "Unconstrained build operations Thread 5" [_thread_blocked, id=20364, stack(0x000000429a800000,0x000000429a900000)]
  0x000002069b5da920 JavaThread "Unconstrained build operations Thread 6" [_thread_blocked, id=12912, stack(0x000000429a900000,0x000000429aa00000)]
  0x000002069b5dd470 JavaThread "Unconstrained build operations Thread 7" [_thread_blocked, id=16932, stack(0x000000429aa00000,0x000000429ab00000)]
  0x000002069b5dc600 JavaThread "Unconstrained build operations Thread 8" [_thread_blocked, id=6952, stack(0x000000429ab00000,0x000000429ac00000)]
  0x000002069b5dc130 JavaThread "Unconstrained build operations Thread 9" [_thread_blocked, id=3908, stack(0x000000429ac00000,0x000000429ad00000)]
  0x000002069b5e1300 JavaThread "Unconstrained build operations Thread 10" [_thread_blocked, id=19744, stack(0x000000429ad00000,0x000000429ae00000)]
  0x000002069b5de2e0 JavaThread "Unconstrained build operations Thread 11" [_thread_blocked, id=18616, stack(0x000000429ae00000,0x000000429af00000)]
  0x000002069b5dcfa0 JavaThread "Unconstrained build operations Thread 12" [_thread_blocked, id=21908, stack(0x000000429af00000,0x000000429b000000)]
  0x000002069b5db2c0 JavaThread "Unconstrained build operations Thread 13" [_thread_blocked, id=22428, stack(0x000000429b000000,0x000000429b100000)]
  0x000002069b5e1ca0 JavaThread "Unconstrained build operations Thread 14" [_thread_blocked, id=9640, stack(0x000000429b100000,0x000000429b200000)]
  0x000002069b5df150 JavaThread "Unconstrained build operations Thread 15" [_thread_blocked, id=11224, stack(0x000000429b200000,0x000000429b300000)]
  0x000002069b5e0960 JavaThread "Unconstrained build operations Thread 16" [_thread_blocked, id=14476, stack(0x000000429b300000,0x000000429b400000)]
  0x000002069b5db790 JavaThread "Unconstrained build operations Thread 17" [_thread_blocked, id=3596, stack(0x000000429b400000,0x000000429b500000)]
  0x000002069b5dd940 JavaThread "Unconstrained build operations Thread 18" [_thread_blocked, id=21456, stack(0x000000429b500000,0x000000429b600000)]
  0x000002069b5dde10 JavaThread "Unconstrained build operations Thread 19" [_thread_blocked, id=15336, stack(0x000000429b600000,0x000000429b700000)]
  0x000002069b5da450 JavaThread "Unconstrained build operations Thread 20" [_thread_blocked, id=18676, stack(0x000000429b700000,0x000000429b800000)]
  0x000002069b5dbc60 JavaThread "Unconstrained build operations Thread 21" [_thread_blocked, id=18348, stack(0x000000429b800000,0x000000429b900000)]
  0x000002069b5df620 JavaThread "Unconstrained build operations Thread 22" [_thread_blocked, id=12244, stack(0x000000429b900000,0x000000429ba00000)]
  0x000002069b5dfaf0 JavaThread "Unconstrained build operations Thread 23" [_thread_blocked, id=21192, stack(0x000000429ba00000,0x000000429bb00000)]
  0x000002069b5e0490 JavaThread "Unconstrained build operations Thread 24" [_thread_blocked, id=8096, stack(0x000000429bb00000,0x000000429bc00000)]
  0x000002069b5e0e30 JavaThread "Unconstrained build operations Thread 25" [_thread_blocked, id=5036, stack(0x000000429bc00000,0x000000429bd00000)]
  0x000002069b5dcad0 JavaThread "Unconstrained build operations Thread 26" [_thread_blocked, id=4880, stack(0x000000429bd00000,0x000000429be00000)]
  0x000002069d222b70 JavaThread "Unconstrained build operations Thread 27" [_thread_blocked, id=17424, stack(0x000000429be00000,0x000000429bf00000)]
  0x000002069d221360 JavaThread "Unconstrained build operations Thread 28" [_thread_blocked, id=12736, stack(0x000000429bf00000,0x000000429c000000)]
  0x000002069d220020 JavaThread "Unconstrained build operations Thread 29" [_thread_blocked, id=10112, stack(0x000000429c000000,0x000000429c100000)]
  0x000002069d2204f0 JavaThread "Unconstrained build operations Thread 30" [_thread_blocked, id=2400, stack(0x000000429c100000,0x000000429c200000)]
  0x000002069d225b90 JavaThread "Unconstrained build operations Thread 31" [_thread_blocked, id=17640, stack(0x000000429c200000,0x000000429c300000)]
  0x000002069d223040 JavaThread "Unconstrained build operations Thread 32" [_thread_blocked, id=18484, stack(0x000000429c300000,0x000000429c400000)]
  0x000002069d21ece0 JavaThread "Unconstrained build operations Thread 33" [_thread_blocked, id=16532, stack(0x000000429c400000,0x000000429c500000)]
  0x000002069d223510 JavaThread "Unconstrained build operations Thread 34" [_thread_blocked, id=2492, stack(0x000000429c500000,0x000000429c600000)]
  0x000002069d223eb0 JavaThread "Unconstrained build operations Thread 35" [_thread_blocked, id=21076, stack(0x000000429c600000,0x000000429c700000)]
  0x000002069d224850 JavaThread "Unconstrained build operations Thread 36" [_thread_blocked, id=6744, stack(0x000000429c700000,0x000000429c800000)]
  0x000002069d224d20 JavaThread "Unconstrained build operations Thread 37" [_thread_blocked, id=10812, stack(0x000000429c800000,0x000000429c900000)]
  0x000002069d2256c0 JavaThread "Unconstrained build operations Thread 38" [_thread_blocked, id=14784, stack(0x000000429c900000,0x000000429ca00000)]
  0x000002069d226060 JavaThread "Unconstrained build operations Thread 39" [_thread_blocked, id=18992, stack(0x000000429ca00000,0x000000429cb00000)]
  0x000002069d21e810 JavaThread "Unconstrained build operations Thread 40" [_thread_blocked, id=17980, stack(0x000000429cb00000,0x000000429cc00000)]
  0x000002069cc4d0c0 JavaThread "build event listener" [_thread_blocked, id=10496, stack(0x000000429cc00000,0x000000429cd00000)]
  0x000002069cc4af10 JavaThread "included builds" [_thread_blocked, id=22456, stack(0x000000429cd00000,0x000000429ce00000)]
  0x000002069cc47ef0 JavaThread "Execution worker" [_thread_blocked, id=6472, stack(0x000000429ce00000,0x000000429cf00000)]
  0x000002069cc48d60 JavaThread "Execution worker Thread 2" [_thread_blocked, id=20744, stack(0x000000429d000000,0x000000429d100000)]
  0x000002069cc49700 JavaThread "Execution worker Thread 3" [_thread_blocked, id=17764, stack(0x000000429d100000,0x000000429d200000)]
  0x000002069cc4a0a0 JavaThread "Cache worker for execution history cache (C:\android\RecipeBook\.gradle\8.0\executionHistory)" [_thread_blocked, id=21536, stack(0x000000429d200000,0x000000429d300000)]
  0x000002069cc4bd80 JavaThread "WorkerExecutor Queue" [_thread_blocked, id=316, stack(0x000000429d300000,0x000000429d400000)]
  0x000002069cc4d590 JavaThread "ForkJoinPool.commonPool-worker-4" daemon [_thread_blocked, id=21848, stack(0x000000429d500000,0x000000429d600000)]

Other Threads:
=>0x00000206992b78a0 VMThread "VM Thread" [stack: 0x0000004297900000,0x0000004297a00000] [id=20732]
  0x0000020699e9edf0 WatcherThread [stack: 0x0000004298500000,0x0000004298600000] [id=16492]
  0x00000206ffd28b10 GCTaskThread "GC Thread#0" [stack: 0x0000004297400000,0x0000004297500000] [id=17852]
  0x000002069a1f12c0 GCTaskThread "GC Thread#1" [stack: 0x0000004298700000,0x0000004298800000] [id=16336]
  0x000002069a1f2840 GCTaskThread "GC Thread#2" [stack: 0x0000004298800000,0x0000004298900000] [id=22188]
  0x000002069a1f1820 GCTaskThread "GC Thread#3" [stack: 0x0000004298900000,0x0000004298a00000] [id=21424]
  0x00000206ffd39960 ConcurrentGCThread "G1 Main Marker" [stack: 0x0000004297500000,0x0000004297600000] [id=11880]
  0x00000206ffd3a280 ConcurrentGCThread "G1 Conc#0" [stack: 0x0000004297600000,0x0000004297700000] [id=4232]
  0x00000206ffd98f80 ConcurrentGCThread "G1 Refine#0" [stack: 0x0000004297700000,0x0000004297800000] [id=22260]
  0x000002069d289b30 ConcurrentGCThread "G1 Refine#1" [stack: 0x0000004299c00000,0x0000004299d00000] [id=13476]
  0x00000206ffd9a8c0 ConcurrentGCThread "G1 Service" [stack: 0x0000004297800000,0x0000004297900000] [id=20096]

Threads with active compile tasks:

VM state: at safepoint (normal execution)

VM Mutex/Monitor currently owned by a thread:  ([mutex/lock_event])
[0x00000206ffcc6630] Threads_lock - owner thread: 0x00000206992b78a0
[0x00000206ffcc6d80] Heap_lock - owner thread: 0x00000206ffd39960

Heap address: 0x0000000080000000, size: 2048 MB, Compressed Oops mode: 32-bit

CDS archive(s) not mapped
Compressed class space mapped at: 0x0000000100000000-0x0000000140000000, reserved size: 1073741824
Narrow klass base: 0x0000000000000000, Narrow klass shift: 3, Narrow klass range: 0x140000000

GC Precious Log:
 CPUs: 4 total, 4 available
 Memory: 6063M
 Large Page Support: Disabled
 NUMA Support: Disabled
 Compressed Oops: Enabled (32-bit)
 Heap Region Size: 1M
 Heap Min Capacity: 8M
 Heap Initial Capacity: 96M
 Heap Max Capacity: 2G
 Pre-touch: Disabled
 Parallel Workers: 4
 Concurrent Workers: 1
 Concurrent Refinement Workers: 4
 Periodic GC: Disabled

Heap:
 garbage-first heap   total 203776K, used 159289K [0x0000000080000000, 0x0000000100000000)
  region size 1024K, 3 young (3072K), 1 survivors (1024K)
 Metaspace       used 121729K, committed 122624K, reserved 1163264K
  class space    used 16598K, committed 17024K, reserved 1048576K

Heap Regions: E=young(eden), S=young(survivor), O=old, HS=humongous(starts), HC=humongous(continues), CS=collection set, F=free, OA=open archive, CA=closed archive, TAMS=top-at-mark-start (previous, next)
|   0|0x0000000080000000, 0x0000000080100000, 0x0000000080100000|100%|HS|  |TAMS 0x0000000080100000, 0x0000000080000000| Complete 
|   1|0x0000000080100000, 0x0000000080200000, 0x0000000080200000|100%|HC|  |TAMS 0x0000000080200000, 0x0000000080100000| Complete 
|   2|0x0000000080200000, 0x0000000080300000, 0x0000000080300000|100%|HC|  |TAMS 0x0000000080300000, 0x0000000080200000| Complete 
|   3|0x0000000080300000, 0x0000000080400000, 0x0000000080400000|100%|HC|  |TAMS 0x0000000080400000, 0x0000000080300000| Complete 
|   4|0x0000000080400000, 0x0000000080500000, 0x0000000080500000|100%| O|  |TAMS 0x0000000080500000, 0x0000000080400000| Untracked 
|   5|0x0000000080500000, 0x0000000080600000, 0x0000000080600000|100%| O|  |TAMS 0x0000000080600000, 0x0000000080500000| Untracked 
|   6|0x0000000080600000, 0x0000000080700000, 0x0000000080700000|100%| O|  |TAMS 0x0000000080700000, 0x0000000080600000| Untracked 
|   7|0x0000000080700000, 0x0000000080800000, 0x0000000080800000|100%| O|  |TAMS 0x0000000080800000, 0x0000000080700000| Untracked 
|   8|0x0000000080800000, 0x0000000080900000, 0x0000000080900000|100%| O|  |TAMS 0x0000000080900000, 0x0000000080800000| Untracked 
|   9|0x0000000080900000, 0x0000000080a00000, 0x0000000080a00000|100%| O|  |TAMS 0x0000000080a00000, 0x0000000080900000| Untracked 
|  10|0x0000000080a00000, 0x0000000080b00000, 0x0000000080b00000|100%| O|  |TAMS 0x0000000080b00000, 0x0000000080a00000| Updating 
|  11|0x0000000080b00000, 0x0000000080c00000, 0x0000000080c00000|100%| O|  |TAMS 0x0000000080c00000, 0x0000000080b00000| Untracked 
|  12|0x0000000080c00000, 0x0000000080d00000, 0x0000000080d00000|100%| O|  |TAMS 0x0000000080d00000, 0x0000000080c00000| Updating 
|  13|0x0000000080d00000, 0x0000000080e00000, 0x0000000080e00000|100%| O|  |TAMS 0x0000000080e00000, 0x0000000080d00000| Untracked 
|  14|0x0000000080e00000, 0x0000000080f00000, 0x0000000080f00000|100%| O|  |TAMS 0x0000000080f00000, 0x0000000080e00000| Untracked 
|  15|0x0000000080f00000, 0x0000000081000000, 0x0000000081000000|100%| O|  |TAMS 0x0000000081000000, 0x0000000080f00000| Untracked 
|  16|0x0000000081000000, 0x0000000081100000, 0x0000000081100000|100%| O|  |TAMS 0x0000000081100000, 0x0000000081000000| Untracked 
|  17|0x0000000081100000, 0x0000000081200000, 0x0000000081200000|100%| O|  |TAMS 0x0000000081200000, 0x0000000081100000| Untracked 
|  18|0x0000000081200000, 0x0000000081300000, 0x0000000081300000|100%| O|  |TAMS 0x0000000081300000, 0x0000000081200000| Updating 
|  19|0x0000000081300000, 0x0000000081400000, 0x0000000081400000|100%| O|  |TAMS 0x0000000081400000, 0x0000000081300000| Updating 
|  20|0x0000000081400000, 0x0000000081500000, 0x0000000081500000|100%| O|  |TAMS 0x0000000081500000, 0x0000000081400000| Updating 
|  21|0x0000000081500000, 0x0000000081600000, 0x0000000081600000|100%| O|  |TAMS 0x0000000081600000, 0x0000000081500000| Updating 
|  22|0x0000000081600000, 0x0000000081700000, 0x0000000081700000|100%| O|  |TAMS 0x0000000081700000, 0x0000000081600000| Updating 
|  23|0x0000000081700000, 0x0000000081800000, 0x0000000081800000|100%| O|  |TAMS 0x0000000081800000, 0x0000000081700000| Updating 
|  24|0x0000000081800000, 0x0000000081900000, 0x0000000081900000|100%| O|  |TAMS 0x0000000081900000, 0x0000000081800000| Updating 
|  25|0x0000000081900000, 0x0000000081a00000, 0x0000000081a00000|100%| O|  |TAMS 0x0000000081a00000, 0x0000000081900000| Updating 
|  26|0x0000000081a00000, 0x0000000081b00000, 0x0000000081b00000|100%| O|  |TAMS 0x0000000081b00000, 0x0000000081a00000| Untracked 
|  27|0x0000000081b00000, 0x0000000081c00000, 0x0000000081c00000|100%| O|  |TAMS 0x0000000081c00000, 0x0000000081b00000| Updating 
|  28|0x0000000081c00000, 0x0000000081d00000, 0x0000000081d00000|100%| O|  |TAMS 0x0000000081d00000, 0x0000000081c00000| Updating 
|  29|0x0000000081d00000, 0x0000000081e00000, 0x0000000081e00000|100%| O|  |TAMS 0x0000000081e00000, 0x0000000081d00000| Updating 
|  30|0x0000000081e00000, 0x0000000081f00000, 0x0000000081f00000|100%| O|  |TAMS 0x0000000081f00000, 0x0000000081e00000| Updating 
|  31|0x0000000081f00000, 0x0000000082000000, 0x0000000082000000|100%| O|  |TAMS 0x0000000082000000, 0x0000000081f00000| Updating 
|  32|0x0000000082000000, 0x0000000082100000, 0x0000000082100000|100%| O|  |TAMS 0x0000000082100000, 0x0000000082000000| Updating 
|  33|0x0000000082100000, 0x0000000082200000, 0x0000000082200000|100%| O|  |TAMS 0x0000000082200000, 0x0000000082100000| Untracked 
|  34|0x0000000082200000, 0x0000000082300000, 0x0000000082300000|100%| O|  |TAMS 0x0000000082300000, 0x0000000082200000| Updating 
|  35|0x0000000082300000, 0x0000000082400000, 0x0000000082400000|100%| O|  |TAMS 0x0000000082400000, 0x0000000082300000| Untracked 
|  36|0x0000000082400000, 0x0000000082500000, 0x0000000082500000|100%| O|  |TAMS 0x0000000082500000, 0x0000000082400000| Updating 
|  37|0x0000000082500000, 0x0000000082600000, 0x0000000082600000|100%|HS|  |TAMS 0x0000000082600000, 0x0000000082500000| Complete 
|  38|0x0000000082600000, 0x0000000082700000, 0x0000000082700000|100%|HS|  |TAMS 0x0000000082700000, 0x0000000082600000| Complete 
|  39|0x0000000082700000, 0x0000000082800000, 0x0000000082800000|100%|HS|  |TAMS 0x0000000082800000, 0x0000000082700000| Complete 
|  40|0x0000000082800000, 0x0000000082900000, 0x0000000082900000|100%|HC|  |TAMS 0x0000000082900000, 0x0000000082800000| Complete 
|  41|0x0000000082900000, 0x0000000082a00000, 0x0000000082a00000|100%|HS|  |TAMS 0x0000000082a00000, 0x0000000082900000| Complete 
|  42|0x0000000082a00000, 0x0000000082b00000, 0x0000000082b00000|100%|HS|  |TAMS 0x0000000082b00000, 0x0000000082a00000| Complete 
|  43|0x0000000082b00000, 0x0000000082c00000, 0x0000000082c00000|100%|HC|  |TAMS 0x0000000082c00000, 0x0000000082b00000| Complete 
|  44|0x0000000082c00000, 0x0000000082d00000, 0x0000000082d00000|100%|HC|  |TAMS 0x0000000082d00000, 0x0000000082c00000| Complete 
|  45|0x0000000082d00000, 0x0000000082e00000, 0x0000000082e00000|100%|HC|  |TAMS 0x0000000082e00000, 0x0000000082d00000| Complete 
|  46|0x0000000082e00000, 0x0000000082f00000, 0x0000000082f00000|100%| O|  |TAMS 0x0000000082f00000, 0x0000000082e00000| Untracked 
|  47|0x0000000082f00000, 0x0000000083000000, 0x0000000083000000|100%| O|  |TAMS 0x0000000083000000, 0x0000000082f00000| Untracked 
|  48|0x0000000083000000, 0x0000000083100000, 0x0000000083100000|100%| O|  |TAMS 0x0000000083100000, 0x0000000083000000| Updating 
|  49|0x0000000083100000, 0x0000000083200000, 0x0000000083200000|100%| O|  |TAMS 0x0000000083200000, 0x0000000083100000| Untracked 
|  50|0x0000000083200000, 0x0000000083300000, 0x0000000083300000|100%| O|  |TAMS 0x0000000083300000, 0x0000000083200000| Updating 
|  51|0x0000000083300000, 0x0000000083400000, 0x0000000083400000|100%| O|  |TAMS 0x0000000083400000, 0x0000000083300000| Untracked 
|  52|0x0000000083400000, 0x0000000083500000, 0x0000000083500000|100%| O|  |TAMS 0x0000000083500000, 0x0000000083400000| Untracked 
|  53|0x0000000083500000, 0x0000000083600000, 0x0000000083600000|100%| O|  |TAMS 0x0000000083600000, 0x0000000083500000| Updating 
|  54|0x0000000083600000, 0x0000000083700000, 0x0000000083700000|100%| O|  |TAMS 0x0000000083700000, 0x0000000083600000| Untracked 
|  55|0x0000000083700000, 0x0000000083800000, 0x0000000083800000|100%| O|  |TAMS 0x0000000083800000, 0x0000000083700000| Updating 
|  56|0x0000000083800000, 0x0000000083900000, 0x0000000083900000|100%| O|  |TAMS 0x0000000083900000, 0x0000000083800000| Updating 
|  57|0x0000000083900000, 0x0000000083a00000, 0x0000000083a00000|100%| O|  |TAMS 0x0000000083a00000, 0x0000000083900000| Updating 
|  58|0x0000000083a00000, 0x0000000083b00000, 0x0000000083b00000|100%| O|  |TAMS 0x0000000083b00000, 0x0000000083a00000| Untracked 
|  59|0x0000000083b00000, 0x0000000083c00000, 0x0000000083c00000|100%| O|  |TAMS 0x0000000083c00000, 0x0000000083b00000| Updating 
|  60|0x0000000083c00000, 0x0000000083d00000, 0x0000000083d00000|100%| O|  |TAMS 0x0000000083d00000, 0x0000000083c00000| Updating 
|  61|0x0000000083d00000, 0x0000000083e00000, 0x0000000083e00000|100%| O|  |TAMS 0x0000000083e00000, 0x0000000083d00000| Untracked 
|  62|0x0000000083e00000, 0x0000000083f00000, 0x0000000083f00000|100%| O|  |TAMS 0x0000000083f00000, 0x0000000083e00000| Untracked 
|  63|0x0000000083f00000, 0x0000000084000000, 0x0000000084000000|100%| O|  |TAMS 0x0000000084000000, 0x0000000083f00000| Updating 
|  64|0x0000000084000000, 0x0000000084100000, 0x0000000084100000|100%| O|  |TAMS 0x0000000084100000, 0x0000000084000000| Updating 
|  65|0x0000000084100000, 0x0000000084200000, 0x0000000084200000|100%| O|  |TAMS 0x0000000084200000, 0x0000000084100000| Untracked 
|  66|0x0000000084200000, 0x0000000084300000, 0x0000000084300000|100%| O|  |TAMS 0x0000000084300000, 0x0000000084200000| Updating 
|  67|0x0000000084300000, 0x0000000084400000, 0x0000000084400000|100%| O|  |TAMS 0x0000000084400000, 0x0000000084300000| Updating 
|  68|0x0000000084400000, 0x0000000084500000, 0x0000000084500000|100%|HS|  |TAMS 0x0000000084400000, 0x0000000084400000| Complete 
|  69|0x0000000084500000, 0x0000000084600000, 0x0000000084600000|100%|HC|  |TAMS 0x0000000084500000, 0x0000000084500000| Complete 
|  70|0x0000000084600000, 0x0000000084700000, 0x0000000084700000|100%| O|  |TAMS 0x0000000084700000, 0x0000000084600000| Untracked 
|  71|0x0000000084700000, 0x0000000084800000, 0x0000000084800000|100%| O|  |TAMS 0x0000000084800000, 0x0000000084700000| Updating 
|  72|0x0000000084800000, 0x0000000084900000, 0x0000000084900000|100%| O|  |TAMS 0x0000000084900000, 0x0000000084800000| Untracked 
|  73|0x0000000084900000, 0x0000000084a00000, 0x0000000084a00000|100%| O|  |TAMS 0x0000000084a00000, 0x0000000084900000| Updating 
|  74|0x0000000084a00000, 0x0000000084b00000, 0x0000000084b00000|100%| O|  |TAMS 0x0000000084b00000, 0x0000000084a00000| Updating 
|  75|0x0000000084b00000, 0x0000000084c00000, 0x0000000084c00000|100%| O|  |TAMS 0x0000000084c00000, 0x0000000084b00000| Updating 
|  76|0x0000000084c00000, 0x0000000084d00000, 0x0000000084d00000|100%| O|  |TAMS 0x0000000084d00000, 0x0000000084c00000| Untracked 
|  77|0x0000000084d00000, 0x0000000084e00000, 0x0000000084e00000|100%| O|  |TAMS 0x0000000084e00000, 0x0000000084d00000| Updating 
|  78|0x0000000084e00000, 0x0000000084f00000, 0x0000000084f00000|100%| O|  |TAMS 0x0000000084f00000, 0x0000000084e00000| Untracked 
|  79|0x0000000084f00000, 0x0000000085000000, 0x0000000085000000|100%| O|  |TAMS 0x0000000085000000, 0x0000000084f00000| Untracked 
|  80|0x0000000085000000, 0x0000000085100000, 0x0000000085100000|100%|HS|  |TAMS 0x0000000085000000, 0x0000000085000000| Complete 
|  81|0x0000000085100000, 0x0000000085200000, 0x0000000085200000|100%|HC|  |TAMS 0x0000000085100000, 0x0000000085100000| Complete 
|  82|0x0000000085200000, 0x0000000085300000, 0x0000000085300000|100%| O|  |TAMS 0x0000000085300000, 0x0000000085200000| Updating 
|  83|0x0000000085300000, 0x0000000085400000, 0x0000000085400000|100%| O|  |TAMS 0x0000000085400000, 0x0000000085300000| Updating 
|  84|0x0000000085400000, 0x0000000085500000, 0x0000000085500000|100%| O|  |TAMS 0x0000000085500000, 0x0000000085400000| Untracked 
|  85|0x0000000085500000, 0x0000000085600000, 0x0000000085600000|100%| O|  |TAMS 0x0000000085600000, 0x0000000085500000| Updating 
|  86|0x0000000085600000, 0x0000000085700000, 0x0000000085700000|100%| O|  |TAMS 0x0000000085700000, 0x0000000085600000| Updating 
|  87|0x0000000085700000, 0x0000000085800000, 0x0000000085800000|100%| O|  |TAMS 0x0000000085800000, 0x0000000085700000| Updating 
|  88|0x0000000085800000, 0x0000000085900000, 0x0000000085900000|100%| O|  |TAMS 0x0000000085900000, 0x0000000085800000| Updating 
|  89|0x0000000085900000, 0x0000000085a00000, 0x0000000085a00000|100%| O|  |TAMS 0x0000000085a00000, 0x0000000085900000| Updating 
|  90|0x0000000085a00000, 0x0000000085b00000, 0x0000000085b00000|100%| O|  |TAMS 0x0000000085b00000, 0x0000000085a00000| Untracked 
|  91|0x0000000085b00000, 0x0000000085c00000, 0x0000000085c00000|100%| O|  |TAMS 0x0000000085c00000, 0x0000000085b00000| Untracked 
|  92|0x0000000085c00000, 0x0000000085c34600, 0x0000000085d00000| 20%| O|  |TAMS 0x0000000085c34600, 0x0000000085c00000| Updating 
|  93|0x0000000085d00000, 0x0000000085d00000, 0x0000000085e00000|  0%| F|  |TAMS 0x0000000085d00000, 0x0000000085d00000| Untracked 
|  94|0x0000000085e00000, 0x0000000085f00000, 0x0000000085f00000|100%| O|  |TAMS 0x0000000085f00000, 0x0000000085e00000| Updating 
|  95|0x0000000085f00000, 0x0000000086000000, 0x0000000086000000|100%| O|  |TAMS 0x0000000086000000, 0x0000000085f00000| Updating 
|  96|0x0000000086000000, 0x0000000086100000, 0x0000000086100000|100%| O|  |TAMS 0x0000000086100000, 0x0000000086000000| Updating 
|  97|0x0000000086100000, 0x0000000086200000, 0x0000000086200000|100%| O|  |TAMS 0x0000000086200000, 0x0000000086100000| Updating 
|  98|0x0000000086200000, 0x0000000086300000, 0x0000000086300000|100%| O|  |TAMS 0x0000000086300000, 0x0000000086200000| Updating 
|  99|0x0000000086300000, 0x0000000086400000, 0x0000000086400000|100%| O|  |TAMS 0x0000000086400000, 0x0000000086300000| Updating 
| 100|0x0000000086400000, 0x0000000086500000, 0x0000000086500000|100%| O|  |TAMS 0x0000000086500000, 0x0000000086400000| Updating 
| 101|0x0000000086500000, 0x0000000086600000, 0x0000000086600000|100%| O|  |TAMS 0x0000000086600000, 0x0000000086500000| Updating 
| 102|0x0000000086600000, 0x0000000086700000, 0x0000000086700000|100%| O|  |TAMS 0x0000000086700000, 0x0000000086600000| Updating 
| 103|0x0000000086700000, 0x0000000086700000, 0x0000000086800000|  0%| F|  |TAMS 0x0000000086700000, 0x0000000086700000| Untracked 
| 104|0x0000000086800000, 0x0000000086900000, 0x0000000086900000|100%| O|  |TAMS 0x0000000086900000, 0x0000000086800000| Updating 
| 105|0x0000000086900000, 0x0000000086a00000, 0x0000000086a00000|100%| O|  |TAMS 0x0000000086a00000, 0x0000000086900000| Updating 
| 106|0x0000000086a00000, 0x0000000086b00000, 0x0000000086b00000|100%| O|  |TAMS 0x0000000086b00000, 0x0000000086a00000| Updating 
| 107|0x0000000086b00000, 0x0000000086c00000, 0x0000000086c00000|100%| O|  |TAMS 0x0000000086c00000, 0x0000000086b00000| Untracked 
| 108|0x0000000086c00000, 0x0000000086d00000, 0x0000000086d00000|100%| O|  |TAMS 0x0000000086d00000, 0x0000000086c00000| Untracked 
| 109|0x0000000086d00000, 0x0000000086e00000, 0x0000000086e00000|100%| O|  |TAMS 0x0000000086e00000, 0x0000000086d00000| Untracked 
| 110|0x0000000086e00000, 0x0000000086f00000, 0x0000000086f00000|100%| O|  |TAMS 0x0000000086f00000, 0x0000000086e00000| Untracked 
| 111|0x0000000086f00000, 0x0000000087000000, 0x0000000087000000|100%| O|  |TAMS 0x0000000087000000, 0x0000000086f00000| Untracked 
| 112|0x0000000087000000, 0x0000000087100000, 0x0000000087100000|100%| O|  |TAMS 0x0000000087100000, 0x0000000087000000| Untracked 
| 113|0x0000000087100000, 0x0000000087200000, 0x0000000087200000|100%| O|  |TAMS 0x0000000087200000, 0x0000000087100000| Untracked 
| 114|0x0000000087200000, 0x0000000087300000, 0x0000000087300000|100%| O|  |TAMS 0x0000000087300000, 0x0000000087200000| Untracked 
| 115|0x0000000087300000, 0x0000000087400000, 0x0000000087400000|100%| O|  |TAMS 0x0000000087400000, 0x0000000087300000| Updating 
| 116|0x0000000087400000, 0x0000000087500000, 0x0000000087500000|100%| O|  |TAMS 0x0000000087500000, 0x0000000087400000| Updating 
| 117|0x0000000087500000, 0x0000000087600000, 0x0000000087600000|100%| O|  |TAMS 0x0000000087600000, 0x0000000087500000| Untracked 
| 118|0x0000000087600000, 0x0000000087700000, 0x0000000087700000|100%| O|  |TAMS 0x0000000087700000, 0x0000000087600000| Untracked 
| 119|0x0000000087700000, 0x0000000087800000, 0x0000000087800000|100%|HS|  |TAMS 0x0000000087800000, 0x0000000087700000| Complete 
| 120|0x0000000087800000, 0x0000000087900000, 0x0000000087900000|100%|HC|  |TAMS 0x0000000087900000, 0x0000000087800000| Complete 
| 121|0x0000000087900000, 0x0000000087a00000, 0x0000000087a00000|100%|HC|  |TAMS 0x0000000087a00000, 0x0000000087900000| Complete 
| 122|0x0000000087a00000, 0x0000000087b00000, 0x0000000087b00000|100%|HC|  |TAMS 0x0000000087b00000, 0x0000000087a00000| Complete 
| 123|0x0000000087b00000, 0x0000000087c00000, 0x0000000087c00000|100%|HC|  |TAMS 0x0000000087c00000, 0x0000000087b00000| Complete 
| 124|0x0000000087c00000, 0x0000000087d00000, 0x0000000087d00000|100%|HC|  |TAMS 0x0000000087d00000, 0x0000000087c00000| Complete 
| 125|0x0000000087d00000, 0x0000000087e00000, 0x0000000087e00000|100%|HC|  |TAMS 0x0000000087e00000, 0x0000000087d00000| Complete 
| 126|0x0000000087e00000, 0x0000000087f00000, 0x0000000087f00000|100%|HC|  |TAMS 0x0000000087f00000, 0x0000000087e00000| Complete 
| 127|0x0000000087f00000, 0x0000000088000000, 0x0000000088000000|100%|HC|  |TAMS 0x0000000088000000, 0x0000000087f00000| Complete 
| 128|0x0000000088000000, 0x0000000088100000, 0x0000000088100000|100%|HC|  |TAMS 0x0000000088100000, 0x0000000088000000| Complete 
| 129|0x0000000088100000, 0x0000000088200000, 0x0000000088200000|100%|HC|  |TAMS 0x0000000088200000, 0x0000000088100000| Complete 
| 130|0x0000000088200000, 0x0000000088300000, 0x0000000088300000|100%|HC|  |TAMS 0x0000000088300000, 0x0000000088200000| Complete 
| 131|0x0000000088300000, 0x0000000088400000, 0x0000000088400000|100%|HC|  |TAMS 0x0000000088400000, 0x0000000088300000| Complete 
| 132|0x0000000088400000, 0x0000000088500000, 0x0000000088500000|100%|HC|  |TAMS 0x0000000088500000, 0x0000000088400000| Complete 
| 133|0x0000000088500000, 0x0000000088600000, 0x0000000088600000|100%|HC|  |TAMS 0x0000000088600000, 0x0000000088500000| Complete 
| 134|0x0000000088600000, 0x0000000088700000, 0x0000000088700000|100%|HS|  |TAMS 0x0000000088600000, 0x0000000088600000| Complete 
| 135|0x0000000088700000, 0x0000000088800000, 0x0000000088800000|100%|HC|  |TAMS 0x0000000088700000, 0x0000000088700000| Complete 
| 136|0x0000000088800000, 0x0000000088900000, 0x0000000088900000|100%|HC|  |TAMS 0x0000000088800000, 0x0000000088800000| Complete 
| 137|0x0000000088900000, 0x0000000088a00000, 0x0000000088a00000|100%|HC|  |TAMS 0x0000000088900000, 0x0000000088900000| Complete 
| 138|0x0000000088a00000, 0x0000000088b00000, 0x0000000088b00000|100%|HC|  |TAMS 0x0000000088a00000, 0x0000000088a00000| Complete 
| 139|0x0000000088b00000, 0x0000000088c00000, 0x0000000088c00000|100%|HC|  |TAMS 0x0000000088b00000, 0x0000000088b00000| Complete 
| 140|0x0000000088c00000, 0x0000000088d00000, 0x0000000088d00000|100%|HC|  |TAMS 0x0000000088c00000, 0x0000000088c00000| Complete 
| 141|0x0000000088d00000, 0x0000000088e00000, 0x0000000088e00000|100%|HC|  |TAMS 0x0000000088d00000, 0x0000000088d00000| Complete 
| 142|0x0000000088e00000, 0x0000000088f00000, 0x0000000088f00000|100%|HC|  |TAMS 0x0000000088e00000, 0x0000000088e00000| Complete 
| 143|0x0000000088f00000, 0x0000000089000000, 0x0000000089000000|100%|HC|  |TAMS 0x0000000088f00000, 0x0000000088f00000| Complete 
| 144|0x0000000089000000, 0x0000000089100000, 0x0000000089100000|100%|HC|  |TAMS 0x0000000089000000, 0x0000000089000000| Complete 
| 145|0x0000000089100000, 0x0000000089200000, 0x0000000089200000|100%|HC|  |TAMS 0x0000000089100000, 0x0000000089100000| Complete 
| 146|0x0000000089200000, 0x0000000089300000, 0x0000000089300000|100%|HC|  |TAMS 0x0000000089200000, 0x0000000089200000| Complete 
| 147|0x0000000089300000, 0x0000000089400000, 0x0000000089400000|100%|HC|  |TAMS 0x0000000089300000, 0x0000000089300000| Complete 
| 148|0x0000000089400000, 0x0000000089500000, 0x0000000089500000|100%|HC|  |TAMS 0x0000000089400000, 0x0000000089400000| Complete 
| 149|0x0000000089500000, 0x0000000089600000, 0x0000000089600000|100%|HS|  |TAMS 0x0000000089500000, 0x0000000089500000| Complete 
| 150|0x0000000089600000, 0x0000000089700000, 0x0000000089700000|100%|HC|  |TAMS 0x0000000089600000, 0x0000000089600000| Complete 
| 151|0x0000000089700000, 0x0000000089800000, 0x0000000089800000|100%|HS|  |TAMS 0x0000000089700000, 0x0000000089700000| Complete 
| 152|0x0000000089800000, 0x0000000089900000, 0x0000000089900000|100%|HC|  |TAMS 0x0000000089800000, 0x0000000089800000| Complete 
| 153|0x0000000089900000, 0x0000000089a00000, 0x0000000089a00000|100%|HS|  |TAMS 0x0000000089900000, 0x0000000089900000| Complete 
| 154|0x0000000089a00000, 0x0000000089b00000, 0x0000000089b00000|100%|HC|  |TAMS 0x0000000089a00000, 0x0000000089a00000| Complete 
| 155|0x0000000089b00000, 0x0000000089c00000, 0x0000000089c00000|100%|HS|  |TAMS 0x0000000089b00000, 0x0000000089b00000| Complete 
| 156|0x0000000089c00000, 0x0000000089d00000, 0x0000000089d00000|100%|HC|  |TAMS 0x0000000089c00000, 0x0000000089c00000| Complete 
| 157|0x0000000089d00000, 0x0000000089d00000, 0x0000000089e00000|  0%| F|  |TAMS 0x0000000089d00000, 0x0000000089d00000| Untracked 
| 158|0x0000000089e00000, 0x0000000089e00000, 0x0000000089f00000|  0%| F|  |TAMS 0x0000000089e00000, 0x0000000089e00000| Untracked 
| 159|0x0000000089f00000, 0x0000000089f00000, 0x000000008a000000|  0%| F|  |TAMS 0x0000000089f00000, 0x0000000089f00000| Untracked 
| 160|0x000000008a000000, 0x000000008a000000, 0x000000008a100000|  0%| F|  |TAMS 0x000000008a000000, 0x000000008a000000| Untracked 
| 161|0x000000008a100000, 0x000000008a100000, 0x000000008a200000|  0%| F|  |TAMS 0x000000008a100000, 0x000000008a100000| Untracked 
| 162|0x000000008a200000, 0x000000008a200000, 0x000000008a300000|  0%| F|  |TAMS 0x000000008a200000, 0x000000008a200000| Untracked 
| 163|0x000000008a300000, 0x000000008a300000, 0x000000008a400000|  0%| F|  |TAMS 0x000000008a300000, 0x000000008a300000| Untracked 
| 164|0x000000008a400000, 0x000000008a400000, 0x000000008a500000|  0%| F|  |TAMS 0x000000008a400000, 0x000000008a400000| Untracked 
| 165|0x000000008a500000, 0x000000008a500000, 0x000000008a600000|  0%| F|  |TAMS 0x000000008a500000, 0x000000008a500000| Untracked 
| 166|0x000000008a600000, 0x000000008a600000, 0x000000008a700000|  0%| F|  |TAMS 0x000000008a600000, 0x000000008a600000| Untracked 
| 167|0x000000008a700000, 0x000000008a700000, 0x000000008a800000|  0%| F|  |TAMS 0x000000008a700000, 0x000000008a700000| Untracked 
| 168|0x000000008a800000, 0x000000008a800000, 0x000000008a900000|  0%| F|  |TAMS 0x000000008a800000, 0x000000008a800000| Untracked 
| 169|0x000000008a900000, 0x000000008a900000, 0x000000008aa00000|  0%| F|  |TAMS 0x000000008a900000, 0x000000008a900000| Untracked 
| 170|0x000000008aa00000, 0x000000008aa00000, 0x000000008ab00000|  0%| F|  |TAMS 0x000000008aa00000, 0x000000008aa00000| Untracked 
| 171|0x000000008ab00000, 0x000000008ab00000, 0x000000008ac00000|  0%| F|  |TAMS 0x000000008ab00000, 0x000000008ab00000| Untracked 
| 172|0x000000008ac00000, 0x000000008ac00000, 0x000000008ad00000|  0%| F|  |TAMS 0x000000008ac00000, 0x000000008ac00000| Untracked 
| 173|0x000000008ad00000, 0x000000008ad00000, 0x000000008ae00000|  0%| F|  |TAMS 0x000000008ad00000, 0x000000008ad00000| Untracked 
| 174|0x000000008ae00000, 0x000000008ae00000, 0x000000008af00000|  0%| F|  |TAMS 0x000000008ae00000, 0x000000008ae00000| Untracked 
| 175|0x000000008af00000, 0x000000008af00000, 0x000000008b000000|  0%| F|  |TAMS 0x000000008af00000, 0x000000008af00000| Untracked 
| 176|0x000000008b000000, 0x000000008b000000, 0x000000008b100000|  0%| F|  |TAMS 0x000000008b000000, 0x000000008b000000| Untracked 
| 177|0x000000008b100000, 0x000000008b100000, 0x000000008b200000|  0%| F|  |TAMS 0x000000008b100000, 0x000000008b100000| Untracked 
| 178|0x000000008b200000, 0x000000008b200000, 0x000000008b300000|  0%| F|  |TAMS 0x000000008b200000, 0x000000008b200000| Untracked 
| 179|0x000000008b300000, 0x000000008b300000, 0x000000008b400000|  0%| F|  |TAMS 0x000000008b300000, 0x000000008b300000| Untracked 
| 180|0x000000008b400000, 0x000000008b400000, 0x000000008b500000|  0%| F|  |TAMS 0x000000008b400000, 0x000000008b400000| Untracked 
| 181|0x000000008b500000, 0x000000008b500000, 0x000000008b600000|  0%| F|  |TAMS 0x000000008b500000, 0x000000008b500000| Untracked 
| 182|0x000000008b600000, 0x000000008b600000, 0x000000008b700000|  0%| F|  |TAMS 0x000000008b600000, 0x000000008b600000| Untracked 
| 183|0x000000008b700000, 0x000000008b700000, 0x000000008b800000|  0%| F|  |TAMS 0x000000008b700000, 0x000000008b700000| Untracked 
| 184|0x000000008b800000, 0x000000008b800000, 0x000000008b900000|  0%| F|  |TAMS 0x000000008b800000, 0x000000008b800000| Untracked 
| 185|0x000000008b900000, 0x000000008b900000, 0x000000008ba00000|  0%| F|  |TAMS 0x000000008b900000, 0x000000008b900000| Untracked 
| 186|0x000000008ba00000, 0x000000008ba00000, 0x000000008bb00000|  0%| F|  |TAMS 0x000000008ba00000, 0x000000008ba00000| Untracked 
| 187|0x000000008bb00000, 0x000000008bb00000, 0x000000008bc00000|  0%| F|  |TAMS 0x000000008bb00000, 0x000000008bb00000| Untracked 
| 188|0x000000008bc00000, 0x000000008bc00000, 0x000000008bd00000|  0%| F|  |TAMS 0x000000008bc00000, 0x000000008bc00000| Untracked 
| 189|0x000000008bd00000, 0x000000008bd00000, 0x000000008be00000|  0%| F|  |TAMS 0x000000008bd00000, 0x000000008bd00000| Untracked 
| 190|0x000000008be00000, 0x000000008be00000, 0x000000008bf00000|  0%| F|  |TAMS 0x000000008be00000, 0x000000008be00000| Untracked 
| 191|0x000000008bf00000, 0x000000008bf00000, 0x000000008c000000|  0%| F|  |TAMS 0x000000008bf00000, 0x000000008bf00000| Untracked 
| 192|0x000000008c000000, 0x000000008c000000, 0x000000008c100000|  0%| F|  |TAMS 0x000000008c000000, 0x000000008c000000| Untracked 
| 193|0x000000008c100000, 0x000000008c100000, 0x000000008c200000|  0%| F|  |TAMS 0x000000008c100000, 0x000000008c100000| Untracked 
| 194|0x000000008c200000, 0x000000008c200000, 0x000000008c300000|  0%| F|  |TAMS 0x000000008c200000, 0x000000008c200000| Untracked 
| 195|0x000000008c300000, 0x000000008c300000, 0x000000008c400000|  0%| F|  |TAMS 0x000000008c300000, 0x000000008c300000| Untracked 
| 196|0x000000008c400000, 0x000000008c4ed8b0, 0x000000008c500000| 92%| E|  |TAMS 0x000000008c400000, 0x000000008c400000| Complete 
| 197|0x000000008c500000, 0x000000008c559f00, 0x000000008c600000| 35%| S|CS|TAMS 0x000000008c500000, 0x000000008c500000| Complete 
| 198|0x000000008c600000, 0x000000008c700000, 0x000000008c700000|100%| E|CS|TAMS 0x000000008c600000, 0x000000008c600000| Complete 

Card table byte_map: [0x0000020692800000,0x0000020692c00000] _byte_map_base: 0x0000020692400000

Marking Bits (Prev, Next): (CMBitMap*) 0x00000206ffd29070, (CMBitMap*) 0x00000206ffd29030
 Prev Bits: [0x0000020695000000, 0x0000020697000000)
 Next Bits: [0x0000020693000000, 0x0000020695000000)

Polling page: 0x00000206fdc30000

Metaspace:

Usage:
  Non-class:    102.67 MB used.
      Class:     16.21 MB used.
       Both:    118.88 MB used.

Virtual space:
  Non-class space:      112.00 MB reserved,     103.12 MB ( 92%) committed,  14 nodes.
      Class space:        1.00 GB reserved,      16.62 MB (  2%) committed,  1 nodes.
             Both:        1.11 GB reserved,     119.75 MB ( 11%) committed. 

Chunk freelists:
   Non-Class:  3.97 MB
       Class:  3.33 MB
        Both:  7.30 MB

MaxMetaspaceSize: unlimited
CompressedClassSpaceSize: 1.00 GB
Initial GC threshold: 21.00 MB
Current GC threshold: 186.88 MB
CDS: off
MetaspaceReclaimPolicy: balanced
 - commit_granule_bytes: 65536.
 - commit_granule_words: 8192.
 - virtual_space_node_default_size: 1048576.
 - enlarge_chunks_in_place: 1.
 - new_chunks_are_fully_committed: 0.
 - uncommit_free_chunks: 1.
 - use_allocation_guard: 0.
 - handle_deallocations: 1.


Internal statistics:

num_allocs_failed_limit: 8.
num_arena_births: 1770.
num_arena_deaths: 288.
num_vsnodes_births: 15.
num_vsnodes_deaths: 0.
num_space_committed: 1915.
num_space_uncommitted: 0.
num_chunks_returned_to_freelist: 360.
num_chunks_taken_from_freelist: 6552.
num_chunk_merges: 140.
num_chunk_splits: 4211.
num_chunks_enlarged: 2743.
num_purges: 4.
num_inconsistent_stats: 0.

CodeHeap 'non-profiled nmethods': size=120000Kb used=8990Kb max_used=8990Kb free=111009Kb
 bounds [0x000002068aed0000, 0x000002068b7a0000, 0x0000020692400000]
CodeHeap 'profiled nmethods': size=120000Kb used=29908Kb max_used=29908Kb free=90092Kb
 bounds [0x0000020683400000, 0x0000020685140000, 0x000002068a930000]
CodeHeap 'non-nmethods': size=5760Kb used=2456Kb max_used=2560Kb free=3303Kb
 bounds [0x000002068a930000, 0x000002068abc0000, 0x000002068aed0000]
 total_blobs=16628 nmethods=15628 adapters=911
 compilation: enabled
              stopped_count=0, restarted_count=0
 full_count=0

Compilation events (20 events):
Event: 4249.031 Thread 0x0000020699308750 nmethod 18145 0x000002068b796290 code [0x000002068b796420, 0x000002068b7964f8]
Event: 4249.031 Thread 0x0000020699308750 18147       3       org.gradle.internal.fingerprint.impl.DefaultFileSystemLocationFingerprint::getType (32 bytes)
Event: 4249.031 Thread 0x0000020699308750 nmethod 18147 0x0000020685131b10 code [0x0000020685131cc0, 0x0000020685131eb8]
Event: 4249.031 Thread 0x0000020699308750 18148       1       org.gradle.internal.snapshot.RegularFileSnapshot::getMetadata (5 bytes)
Event: 4249.031 Thread 0x0000020699308750 nmethod 18148 0x000002068b796590 code [0x000002068b796720, 0x000002068b7967f8]
Event: 4249.031 Thread 0x0000020699308750 18149       3       org.gradle.internal.logging.slf4j.OutputEventListenerBackedLogger::info (8 bytes)
Event: 4249.031 Thread 0x0000020699308750 nmethod 18149 0x0000020685131f90 code [0x0000020685132120, 0x0000020685132268]
Event: 4249.031 Thread 0x0000020699308750 18150       3       org.gradle.internal.logging.slf4j.BuildOperationAwareLogger::info (19 bytes)
Event: 4249.032 Thread 0x0000020699308750 nmethod 18150 0x0000020685132310 code [0x00000206851324e0, 0x0000020685132818]
Event: 4249.032 Thread 0x0000020699308750 18151       3       org.gradle.tooling.internal.provider.runner.ClientBuildEventGenerator$EnabledOperation::generateStartEvent (26 bytes)
Event: 4249.032 Thread 0x0000020699308750 nmethod 18151 0x0000020685132990 code [0x0000020685132b80, 0x0000020685133128]
Event: 4249.032 Thread 0x0000020699308750 18152       3       org.gradle.tooling.internal.provider.runner.ProgressEventConsumer::started (32 bytes)
Event: 4249.033 Thread 0x0000020699308750 nmethod 18152 0x0000020685133390 code [0x0000020685133560, 0x0000020685133998]
Event: 4249.041 Thread 0x0000020699307da0 nmethod 18146 0x000002068b796890 code [0x000002068b796a40, 0x000002068b7974f8]
Event: 4249.064 Thread 0x0000020699308750 18153       3       org.gradle.tooling.internal.provider.runner.ClientBuildEventGenerator$EnabledOperation::generateFinishEvent (26 bytes)
Event: 4249.067 Thread 0x0000020699308750 nmethod 18153 0x0000020685133b10 code [0x0000020685133d00, 0x0000020685134288]
Event: 4249.067 Thread 0x0000020699308750 18154       3       org.gradle.internal.build.event.types.AbstractResult::<init> (21 bytes)
Event: 4249.067 Thread 0x0000020699308750 nmethod 18154 0x0000020685134490 code [0x0000020685134620, 0x00000206851347d8]
Event: 4249.067 Thread 0x0000020699308750 18155       3       org.gradle.tooling.internal.provider.runner.ProgressEventConsumer::finished (32 bytes)
Event: 4249.067 Thread 0x0000020699308750 nmethod 18155 0x0000020685134890 code [0x0000020685134a60, 0x0000020685134e78]

GC Heap History (20 events):
Event: 4100.737 GC heap before
{Heap before GC invocations=56 (full 0):
 garbage-first heap   total 173056K, used 104891K [0x0000000080000000, 0x0000000100000000)
  region size 1024K, 8 young (8192K), 6 survivors (6144K)
 Metaspace       used 97612K, committed 98240K, reserved 1138688K
  class space    used 13153K, committed 13504K, reserved 1048576K
}
Event: 4100.803 GC heap after
{Heap after GC invocations=57 (full 0):
 garbage-first heap   total 173056K, used 99530K [0x0000000080000000, 0x0000000100000000)
  region size 1024K, 1 young (1024K), 1 survivors (1024K)
 Metaspace       used 97612K, committed 98240K, reserved 1138688K
  class space    used 13153K, committed 13504K, reserved 1048576K
}
Event: 4103.709 GC heap before
{Heap before GC invocations=57 (full 0):
 garbage-first heap   total 173056K, used 143562K [0x0000000080000000, 0x0000000100000000)
  region size 1024K, 45 young (46080K), 1 survivors (1024K)
 Metaspace       used 98720K, committed 99328K, reserved 1138688K
  class space    used 13291K, committed 13568K, reserved 1048576K
}
Event: 4103.723 GC heap after
{Heap after GC invocations=58 (full 0):
 garbage-first heap   total 173056K, used 104406K [0x0000000080000000, 0x0000000100000000)
  region size 1024K, 6 young (6144K), 6 survivors (6144K)
 Metaspace       used 98720K, committed 99328K, reserved 1138688K
  class space    used 13291K, committed 13568K, reserved 1048576K
}
Event: 4119.955 GC heap before
{Heap before GC invocations=58 (full 0):
 garbage-first heap   total 173056K, used 143318K [0x0000000080000000, 0x0000000100000000)
  region size 1024K, 45 young (46080K), 6 survivors (6144K)
 Metaspace       used 102572K, committed 103360K, reserved 1138688K
  class space    used 13834K, committed 14208K, reserved 1048576K
}
Event: 4120.003 GC heap after
{Heap after GC invocations=59 (full 0):
 garbage-first heap   total 173056K, used 108544K [0x0000000080000000, 0x0000000100000000)
  region size 1024K, 4 young (4096K), 4 survivors (4096K)
 Metaspace       used 102572K, committed 103360K, reserved 1138688K
  class space    used 13834K, committed 14208K, reserved 1048576K
}
Event: 4123.795 GC heap before
{Heap before GC invocations=59 (full 0):
 garbage-first heap   total 173056K, used 145408K [0x0000000080000000, 0x0000000100000000)
  region size 1024K, 40 young (40960K), 4 survivors (4096K)
 Metaspace       used 111305K, committed 112064K, reserved 1146880K
  class space    used 14996K, committed 15360K, reserved 1048576K
}
Event: 4123.813 GC heap after
{Heap after GC invocations=60 (full 0):
 garbage-first heap   total 173056K, used 110995K [0x0000000080000000, 0x0000000100000000)
  region size 1024K, 3 young (3072K), 3 survivors (3072K)
 Metaspace       used 111305K, committed 112064K, reserved 1146880K
  class space    used 14996K, committed 15360K, reserved 1048576K
}
Event: 4125.260 GC heap before
{Heap before GC invocations=61 (full 0):
 garbage-first heap   total 203776K, used 142739K [0x0000000080000000, 0x0000000100000000)
  region size 1024K, 35 young (35840K), 3 survivors (3072K)
 Metaspace       used 117156K, committed 118016K, reserved 1155072K
  class space    used 15936K, committed 16384K, reserved 1048576K
}
Event: 4125.274 GC heap after
{Heap after GC invocations=62 (full 0):
 garbage-first heap   total 203776K, used 112012K [0x0000000080000000, 0x0000000100000000)
  region size 1024K, 4 young (4096K), 4 survivors (4096K)
 Metaspace       used 117156K, committed 118016K, reserved 1155072K
  class space    used 15936K, committed 16384K, reserved 1048576K
}
Event: 4126.089 GC heap before
{Heap before GC invocations=62 (full 0):
 garbage-first heap   total 203776K, used 116108K [0x0000000080000000, 0x0000000100000000)
  region size 1024K, 9 young (9216K), 4 survivors (4096K)
 Metaspace       used 117312K, committed 118144K, reserved 1155072K
  class space    used 15944K, committed 16384K, reserved 1048576K
}
Event: 4126.139 GC heap after
{Heap after GC invocations=63 (full 0):
 garbage-first heap   total 203776K, used 102253K [0x0000000080000000, 0x0000000100000000)
  region size 1024K, 1 young (1024K), 1 survivors (1024K)
 Metaspace       used 117312K, committed 118144K, reserved 1155072K
  class space    used 15944K, committed 16384K, reserved 1048576K
}
Event: 4237.955 GC heap before
{Heap before GC invocations=63 (full 0):
 garbage-first heap   total 203776K, used 177005K [0x0000000080000000, 0x0000000100000000)
  region size 1024K, 62 young (63488K), 1 survivors (1024K)
 Metaspace       used 121012K, committed 121920K, reserved 1155072K
  class space    used 16527K, committed 16960K, reserved 1048576K
}
Event: 4238.062 GC heap after
{Heap after GC invocations=64 (full 0):
 garbage-first heap   total 203776K, used 107162K [0x0000000080000000, 0x0000000100000000)
  region size 1024K, 6 young (6144K), 6 survivors (6144K)
 Metaspace       used 121012K, committed 121920K, reserved 1155072K
  class space    used 16527K, committed 16960K, reserved 1048576K
}
Event: 4246.755 GC heap before
{Heap before GC invocations=64 (full 0):
 garbage-first heap   total 203776K, used 165530K [0x0000000080000000, 0x0000000100000000)
  region size 1024K, 64 young (65536K), 6 survivors (6144K)
 Metaspace       used 121425K, committed 122304K, reserved 1155072K
  class space    used 16560K, committed 17024K, reserved 1048576K
}
Event: 4246.810 GC heap after
{Heap after GC invocations=65 (full 0):
 garbage-first heap   total 203776K, used 114738K [0x0000000080000000, 0x0000000100000000)
  region size 1024K, 8 young (8192K), 8 survivors (8192K)
 Metaspace       used 121425K, committed 122304K, reserved 1155072K
  class space    used 16560K, committed 17024K, reserved 1048576K
}
Event: 4248.315 GC heap before
{Heap before GC invocations=65 (full 0):
 garbage-first heap   total 203776K, used 120882K [0x0000000080000000, 0x0000000100000000)
  region size 1024K, 12 young (12288K), 8 survivors (8192K)
 Metaspace       used 121553K, committed 122496K, reserved 1155072K
  class space    used 16579K, committed 17024K, reserved 1048576K
}
Event: 4248.346 GC heap after
{Heap after GC invocations=66 (full 0):
 garbage-first heap   total 203776K, used 116260K [0x0000000080000000, 0x0000000100000000)
  region size 1024K, 2 young (2048K), 2 survivors (2048K)
 Metaspace       used 121553K, committed 122496K, reserved 1155072K
  class space    used 16579K, committed 17024K, reserved 1048576K
}
Event: 4248.398 GC heap before
{Heap before GC invocations=66 (full 0):
 garbage-first heap   total 203776K, used 131620K [0x0000000080000000, 0x0000000100000000)
  region size 1024K, 3 young (3072K), 2 survivors (2048K)
 Metaspace       used 121553K, committed 122496K, reserved 1155072K
  class space    used 16579K, committed 17024K, reserved 1048576K
}
Event: 4248.400 GC heap after
{Heap after GC invocations=67 (full 0):
 garbage-first heap   total 203776K, used 130617K [0x0000000080000000, 0x0000000100000000)
  region size 1024K, 1 young (1024K), 1 survivors (1024K)
 Metaspace       used 121553K, committed 122496K, reserved 1155072K
  class space    used 16579K, committed 17024K, reserved 1048576K
}

Dll operation events (2 events):
Event: 0.066 Loaded shared library C:\Program Files\Android\Android Studio\jbr\bin\java.dll
Event: 1.873 Loaded shared library C:\Program Files\Android\Android Studio\jbr\bin\verify.dll

Deoptimization events (20 events):
Event: 4248.861 Thread 0x000002069cc4bd80 DEOPT PACKING pc=0x00000206840a76b0 sp=0x000000429d3fce30
Event: 4248.861 Thread 0x000002069cc4bd80 DEOPT UNPACKING pc=0x000002068a987143 sp=0x000000429d3fc2c8 mode 0
Event: 4248.864 Thread 0x000002069cc4bd80 DEOPT PACKING pc=0x00000206840a76b0 sp=0x000000429d3fce30
Event: 4248.864 Thread 0x000002069cc4bd80 DEOPT UNPACKING pc=0x000002068a987143 sp=0x000000429d3fc2c8 mode 0
Event: 4248.865 Thread 0x000002069cc4bd80 DEOPT PACKING pc=0x00000206840a76b0 sp=0x000000429d3fce30
Event: 4248.865 Thread 0x000002069cc4bd80 DEOPT UNPACKING pc=0x000002068a987143 sp=0x000000429d3fc2c8 mode 0
Event: 4248.866 Thread 0x000002069cc4bd80 DEOPT PACKING pc=0x00000206840a76b0 sp=0x000000429d3fce30
Event: 4248.866 Thread 0x000002069cc4bd80 DEOPT UNPACKING pc=0x000002068a987143 sp=0x000000429d3fc2c8 mode 0
Event: 4248.867 Thread 0x000002069cc4bd80 DEOPT PACKING pc=0x00000206840a76b0 sp=0x000000429d3fce30
Event: 4248.867 Thread 0x000002069cc4bd80 DEOPT UNPACKING pc=0x000002068a987143 sp=0x000000429d3fc2c8 mode 0
Event: 4248.868 Thread 0x000002069cc4bd80 DEOPT PACKING pc=0x00000206840a76b0 sp=0x000000429d3fce30
Event: 4248.868 Thread 0x000002069cc4bd80 DEOPT UNPACKING pc=0x000002068a987143 sp=0x000000429d3fc2c8 mode 0
Event: 4248.869 Thread 0x000002069cc4bd80 DEOPT PACKING pc=0x00000206840a76b0 sp=0x000000429d3fce30
Event: 4248.869 Thread 0x000002069cc4bd80 DEOPT UNPACKING pc=0x000002068a987143 sp=0x000000429d3fc2c8 mode 0
Event: 4248.870 Thread 0x000002069cc4bd80 DEOPT PACKING pc=0x00000206840aef0c sp=0x000000429d3fcde0
Event: 4248.870 Thread 0x000002069cc4bd80 DEOPT UNPACKING pc=0x000002068a987143 sp=0x000000429d3fc260 mode 0
Event: 4248.871 Thread 0x000002069cc4bd80 DEOPT PACKING pc=0x00000206840a76b0 sp=0x000000429d3fce30
Event: 4248.871 Thread 0x000002069cc4bd80 DEOPT UNPACKING pc=0x000002068a987143 sp=0x000000429d3fc2c8 mode 0
Event: 4248.871 Thread 0x000002069cc4bd80 DEOPT PACKING pc=0x00000206840aef0c sp=0x000000429d3fccf0
Event: 4248.871 Thread 0x000002069cc4bd80 DEOPT UNPACKING pc=0x000002068a987143 sp=0x000000429d3fc170 mode 0

Classes unloaded (20 events):
Event: 4096.997 Thread 0x00000206992b78a0 Unloading class 0x000000010028d800 'java/lang/invoke/LambdaForm$MH+0x000000010028d800'
Event: 4096.997 Thread 0x00000206992b78a0 Unloading class 0x000000010028c800 'java/lang/invoke/LambdaForm$MH+0x000000010028c800'
Event: 4096.997 Thread 0x00000206992b78a0 Unloading class 0x000000010028c400 'java/lang/invoke/LambdaForm$BMH+0x000000010028c400'
Event: 4096.997 Thread 0x00000206992b78a0 Unloading class 0x0000000100200400 'java/lang/invoke/LambdaForm$DMH+0x0000000100200400'
Event: 4096.997 Thread 0x00000206992b78a0 Unloading class 0x00000001001bdc00 'java/lang/invoke/LambdaForm$DMH+0x00000001001bdc00'
Event: 4096.997 Thread 0x00000206992b78a0 Unloading class 0x00000001001bd800 'java/lang/invoke/LambdaForm$MH+0x00000001001bd800'
Event: 4096.997 Thread 0x00000206992b78a0 Unloading class 0x00000001001bd400 'java/lang/invoke/LambdaForm$MH+0x00000001001bd400'
Event: 4096.997 Thread 0x00000206992b78a0 Unloading class 0x00000001001bd000 'java/lang/invoke/LambdaForm$MH+0x00000001001bd000'
Event: 4096.997 Thread 0x00000206992b78a0 Unloading class 0x00000001001bcc00 'java/lang/invoke/LambdaForm$MH+0x00000001001bcc00'
Event: 4096.997 Thread 0x00000206992b78a0 Unloading class 0x0000000100192800 'java/lang/invoke/LambdaForm$MH+0x0000000100192800'
Event: 4096.997 Thread 0x00000206992b78a0 Unloading class 0x0000000100192000 'java/lang/invoke/LambdaForm$MH+0x0000000100192000'
Event: 4096.998 Thread 0x00000206992b78a0 Unloading class 0x0000000100191c00 'java/lang/invoke/LambdaForm$MH+0x0000000100191c00'
Event: 4096.998 Thread 0x00000206992b78a0 Unloading class 0x0000000100191800 'java/lang/invoke/LambdaForm$MH+0x0000000100191800'
Event: 4096.998 Thread 0x00000206992b78a0 Unloading class 0x0000000100191400 'java/lang/invoke/LambdaForm$MH+0x0000000100191400'
Event: 4096.998 Thread 0x00000206992b78a0 Unloading class 0x0000000100190c00 'java/lang/invoke/LambdaForm$MH+0x0000000100190c00'
Event: 4096.998 Thread 0x00000206992b78a0 Unloading class 0x00000001000e6c00 'java/lang/invoke/LambdaForm$MH+0x00000001000e6c00'
Event: 4096.998 Thread 0x00000206992b78a0 Unloading class 0x00000001000e6800 'java/lang/invoke/LambdaForm$MH+0x00000001000e6800'
Event: 4096.998 Thread 0x00000206992b78a0 Unloading class 0x00000001000e4400 'java/lang/invoke/LambdaForm$MH+0x00000001000e4400'
Event: 4249.077 Thread 0x00000206992b78a0 Unloading class 0x0000000100e9c000 'java/lang/invoke/LambdaForm$DMH+0x0000000100e9c000'
Event: 4249.077 Thread 0x00000206992b78a0 Unloading class 0x0000000100e8c400 'java/lang/invoke/LambdaForm$DMH+0x0000000100e8c400'

Classes redefined (0 events):
No events

Internal exceptions (20 events):
Event: 4238.873 Thread 0x00000206a4323b00 Exception <a 'sun/nio/fs/WindowsException'{0x000000008b919860}> (0x000000008b919860) 
thrown [s\src\hotspot\share\prims\jni.cpp, line 517]
Event: 4242.622 Thread 0x00000206a4323b00 Exception <a 'sun/nio/fs/WindowsException'{0x000000008ab480c0}> (0x000000008ab480c0) 
thrown [s\src\hotspot\share\prims\jni.cpp, line 517]
Event: 4242.672 Thread 0x00000206a4323b00 Exception <a 'sun/nio/fs/WindowsException'{0x000000008abe4160}> (0x000000008abe4160) 
thrown [s\src\hotspot\share\prims\jni.cpp, line 517]
Event: 4242.673 Thread 0x00000206a4323b00 Exception <a 'sun/nio/fs/WindowsException'{0x000000008abe5458}> (0x000000008abe5458) 
thrown [s\src\hotspot\share\prims\jni.cpp, line 517]
Event: 4242.673 Thread 0x00000206a4323b00 Exception <a 'sun/nio/fs/WindowsException'{0x000000008abe67a0}> (0x000000008abe67a0) 
thrown [s\src\hotspot\share\prims\jni.cpp, line 517]
Event: 4242.673 Thread 0x00000206a4323b00 Exception <a 'sun/nio/fs/WindowsException'{0x000000008abe7ae8}> (0x000000008abe7ae8) 
thrown [s\src\hotspot\share\prims\jni.cpp, line 517]
Event: 4243.414 Thread 0x000002069cc4af10 Exception <a 'sun/nio/fs/WindowsException'{0x000000008a69a060}> (0x000000008a69a060) 
thrown [s\src\hotspot\share\prims\jni.cpp, line 517]
Event: 4245.707 Thread 0x000002069cc47ef0 Exception <a 'sun/nio/fs/WindowsException'{0x000000008949fa98}> (0x000000008949fa98) 
thrown [s\src\hotspot\share\prims\jni.cpp, line 517]
Event: 4245.708 Thread 0x000002069cc47ef0 Exception <a 'sun/nio/fs/WindowsException'{0x00000000894a1370}> (0x00000000894a1370) 
thrown [s\src\hotspot\share\prims\jni.cpp, line 517]
Event: 4245.708 Thread 0x000002069cc47ef0 Exception <a 'sun/nio/fs/WindowsException'{0x00000000894a2b50}> (0x00000000894a2b50) 
thrown [s\src\hotspot\share\prims\jni.cpp, line 517]
Event: 4245.725 Thread 0x000002069cc47ef0 Exception <a 'sun/nio/fs/WindowsException'{0x00000000894d07f8}> (0x00000000894d07f8) 
thrown [s\src\hotspot\share\prims\jni.cpp, line 517]
Event: 4246.397 Thread 0x000002069cc49700 Exception <a 'sun/nio/fs/WindowsException'{0x0000000088e6acc8}> (0x0000000088e6acc8) 
thrown [s\src\hotspot\share\prims\jni.cpp, line 517]
Event: 4246.419 Thread 0x000002069cc49700 Exception <a 'sun/nio/fs/WindowsException'{0x0000000088d23a48}> (0x0000000088d23a48) 
thrown [s\src\hotspot\share\prims\jni.cpp, line 517]
Event: 4246.719 Thread 0x000002069cc49700 Exception <a 'sun/nio/fs/WindowsException'{0x0000000088dc34b8}> (0x0000000088dc34b8) 
thrown [s\src\hotspot\share\prims\jni.cpp, line 517]
Event: 4246.719 Thread 0x000002069cc49700 Exception <a 'sun/nio/fs/WindowsException'{0x0000000088dc4308}> (0x0000000088dc4308) 
thrown [s\src\hotspot\share\prims\jni.cpp, line 517]
Event: 4246.720 Thread 0x000002069cc49700 Exception <a 'sun/nio/fs/WindowsException'{0x0000000088dc4378}> (0x0000000088dc4378) 
thrown [s\src\hotspot\share\prims\jni.cpp, line 517]
Event: 4246.720 Thread 0x000002069cc49700 Exception <a 'sun/nio/fs/WindowsException'{0x0000000088dc4678}> (0x0000000088dc4678) 
thrown [s\src\hotspot\share\prims\jni.cpp, line 517]
Event: 4247.214 Thread 0x000002069cc4bd80 Exception <a 'sun/nio/fs/WindowsException'{0x000000008c48d8a0}> (0x000000008c48d8a0) 
thrown [s\src\hotspot\share\prims\jni.cpp, line 517]
Event: 4247.217 Thread 0x000002069cc4bd80 Exception <a 'sun/nio/fs/WindowsException'{0x000000008c48db90}> (0x000000008c48db90) 
thrown [s\src\hotspot\share\prims\jni.cpp, line 517]
Event: 4247.258 Thread 0x000002069cc4bd80 Exception <a 'java/lang/NoSuchMethodError'{0x000000008c4e03c0}: 'java.lang.Object java.lang.invoke.Invokers$Holder.invoke_MT(java.lang.Object, java.lang.Object, java.lang.Object)'> (0x000000008c4e03c0) 
thrown [s\src\hotspot\share\interpreter\linkResolver.cpp, line 771]

VM Operations (20 events):
Event: 4241.364 Executing VM operation: Cleanup done
Event: 4242.365 Executing VM operation: Cleanup
Event: 4242.365 Executing VM operation: Cleanup done
Event: 4243.366 Executing VM operation: Cleanup
Event: 4243.380 Executing VM operation: Cleanup done
Event: 4244.380 Executing VM operation: Cleanup
Event: 4244.382 Executing VM operation: Cleanup done
Event: 4245.582 Executing VM operation: ICBufferFull
Event: 4245.583 Executing VM operation: ICBufferFull done
Event: 4246.650 Executing VM operation: HandshakeAllThreads
Event: 4246.651 Executing VM operation: HandshakeAllThreads done
Event: 4246.651 Executing VM operation: Cleanup
Event: 4246.651 Executing VM operation: Cleanup done
Event: 4246.755 Executing VM operation: G1CollectForAllocation
Event: 4246.812 Executing VM operation: G1CollectForAllocation done
Event: 4248.315 Executing VM operation: G1TryInitiateConcMark
Event: 4248.347 Executing VM operation: G1TryInitiateConcMark done
Event: 4248.398 Executing VM operation: G1TryInitiateConcMark
Event: 4248.401 Executing VM operation: G1TryInitiateConcMark done
Event: 4249.073 Executing VM operation: G1Concurrent

Events (20 events):
Event: 4241.809 Thread 0x000002069d004df0 Thread exited: 0x000002069d004df0
Event: 4243.134 Thread 0x000002069cc4af10 Thread added: 0x000002069cc4af10
Event: 4243.138 Thread 0x000002069cc47ef0 Thread added: 0x000002069cc47ef0
Event: 4243.138 Thread 0x000002069cc48d60 Thread added: 0x000002069cc48d60
Event: 4243.139 Thread 0x000002069cc49700 Thread added: 0x000002069cc49700
Event: 4243.177 Thread 0x000002069cc4a0a0 Thread added: 0x000002069cc4a0a0
Event: 4246.827 Thread 0x000002069cc4bd80 Thread added: 0x000002069cc4bd80
Event: 4247.231 Thread 0x000002069cc4d590 Thread added: 0x000002069cc4d590
Event: 4247.246 loading class java/nio/channels/FileChannel$MapMode
Event: 4247.250 loading class java/nio/channels/FileChannel$MapMode done
Event: 4247.250 loading class jdk/internal/misc/ExtendedMapMode
Event: 4247.255 loading class jdk/internal/misc/ExtendedMapMode done
Event: 4247.267 loading class sun/nio/ch/FileChannelImpl$DefaultUnmapper
Event: 4247.268 loading class sun/nio/ch/FileChannelImpl$Unmapper
Event: 4247.269 loading class jdk/internal/access/foreign/UnmapperProxy
Event: 4247.270 loading class jdk/internal/access/foreign/UnmapperProxy done
Event: 4247.270 loading class sun/nio/ch/FileChannelImpl$Unmapper done
Event: 4247.270 loading class sun/nio/ch/FileChannelImpl$DefaultUnmapper done
Event: 4247.272 loading class sun/nio/ch/Util$4
Event: 4247.274 loading class sun/nio/ch/Util$4 done


Dynamic libraries:
0x00007ff7b4190000 - 0x00007ff7b419a000 	C:\Program Files\Android\Android Studio\jbr\bin\java.exe
0x00007ff821d30000 - 0x00007ff821f28000 	C:\windows\SYSTEM32\ntdll.dll
0x00007ff8216a0000 - 0x00007ff82175d000 	C:\windows\System32\KERNEL32.DLL
0x00007ff81f810000 - 0x00007ff81fb06000 	C:\windows\System32\KERNELBASE.dll
0x00007ff81fb10000 - 0x00007ff81fc10000 	C:\windows\System32\ucrtbase.dll
0x00007ff814570000 - 0x00007ff814587000 	C:\Program Files\Android\Android Studio\jbr\bin\jli.dll
0x00007ff820040000 - 0x00007ff8201de000 	C:\windows\System32\USER32.dll
0x00007ff81f7e0000 - 0x00007ff81f802000 	C:\windows\System32\win32u.dll
0x00007ff81fe90000 - 0x00007ff81febc000 	C:\windows\System32\GDI32.dll
0x00007ff81f6c0000 - 0x00007ff81f7da000 	C:\windows\System32\gdi32full.dll
0x00007ff81fc10000 - 0x00007ff81fcad000 	C:\windows\System32\msvcp_win.dll
0x00007ff81cc10000 - 0x00007ff81cc2b000 	C:\Program Files\Android\Android Studio\jbr\bin\VCRUNTIME140.dll
0x00007ff8041f0000 - 0x00007ff80448a000 	C:\windows\WinSxS\amd64_microsoft.windows.common-controls_6595b64144ccf1df_6.0.19041.3636_none_60b6a03d71f818d5\COMCTL32.dll
0x00007ff821220000 - 0x00007ff8212be000 	C:\windows\System32\msvcrt.dll
0x00007ff821670000 - 0x00007ff8216a0000 	C:\windows\System32\IMM32.DLL
0x00007ff81c660000 - 0x00007ff81c66c000 	C:\Program Files\Android\Android Studio\jbr\bin\vcruntime140_1.dll
0x00007ff806480000 - 0x00007ff80650d000 	C:\Program Files\Android\Android Studio\jbr\bin\msvcp140.dll
0x00007fffd0ce0000 - 0x00007fffd194e000 	C:\Program Files\Android\Android Studio\jbr\bin\server\jvm.dll
0x00007ff821c00000 - 0x00007ff821caf000 	C:\windows\System32\ADVAPI32.dll
0x00007ff81fec0000 - 0x00007ff81ff5c000 	C:\windows\System32\sechost.dll
0x00007ff821540000 - 0x00007ff821666000 	C:\windows\System32\RPCRT4.dll
0x00007ff802bc0000 - 0x00007ff802bc9000 	C:\windows\SYSTEM32\WSOCK32.dll
0x00007ff821410000 - 0x00007ff82147b000 	C:\windows\System32\WS2_32.dll
0x00007ff816d40000 - 0x00007ff816d67000 	C:\windows\SYSTEM32\WINMM.dll
0x00007ff817fc0000 - 0x00007ff817fca000 	C:\windows\SYSTEM32\VERSION.dll
0x00007ff81d260000 - 0x00007ff81d272000 	C:\windows\SYSTEM32\kernel.appcore.dll
0x00007ff81c6d0000 - 0x00007ff81c6da000 	C:\Program Files\Android\Android Studio\jbr\bin\jimage.dll
0x00007ff80ccf0000 - 0x00007ff80ced4000 	C:\windows\SYSTEM32\DBGHELP.DLL
0x00007ff80c380000 - 0x00007ff80c3b4000 	C:\windows\SYSTEM32\dbgcore.DLL
0x00007ff81f450000 - 0x00007ff81f4d2000 	C:\windows\System32\bcryptPrimitives.dll
0x00007ff81c630000 - 0x00007ff81c655000 	C:\Program Files\Android\Android Studio\jbr\bin\java.dll
0x00007ff81c600000 - 0x00007ff81c618000 	C:\Program Files\Android\Android Studio\jbr\bin\zip.dll
0x00007ff820650000 - 0x00007ff820d94000 	C:\windows\System32\SHELL32.dll
0x00007ff81d460000 - 0x00007ff81dbfb000 	C:\windows\SYSTEM32\windows.storage.dll
0x00007ff821770000 - 0x00007ff821ac4000 	C:\windows\System32\combase.dll
0x00007ff81ed50000 - 0x00007ff81ed7d000 	C:\windows\SYSTEM32\Wldp.dll
0x00007ff820f70000 - 0x00007ff82101d000 	C:\windows\System32\SHCORE.dll
0x00007ff821480000 - 0x00007ff8214d5000 	C:\windows\System32\shlwapi.dll
0x00007ff81f310000 - 0x00007ff81f335000 	C:\windows\SYSTEM32\profapi.dll
0x00007ff81c550000 - 0x00007ff81c569000 	C:\Program Files\Android\Android Studio\jbr\bin\net.dll
0x00007ff814b70000 - 0x00007ff814c7a000 	C:\windows\SYSTEM32\WINHTTP.dll
0x00007ff81eab0000 - 0x00007ff81eb1a000 	C:\windows\system32\mswsock.dll
0x00007ff81ae80000 - 0x00007ff81ae96000 	C:\Program Files\Android\Android Studio\jbr\bin\nio.dll
0x00007ff81c6b0000 - 0x00007ff81c6c0000 	C:\Program Files\Android\Android Studio\jbr\bin\verify.dll
0x00007ff81c390000 - 0x00007ff81c3b7000 	C:\Users\\.gradle\native\68d5fa5c4cc2d200863cafc0d521ce42e7d3e7ee720ec0a83991735586a16f82\windows-amd64\native-platform.dll
0x00007fffe70b0000 - 0x00007fffe71f4000 	C:\Users\\.gradle\native\e376f236ea51e6404a007f0833ffe2c6e607c4080706a723a18a27aeea778392\windows-amd64\native-platform-file-events.dll
0x00007ff81c5f0000 - 0x00007ff81c5f9000 	C:\Program Files\Android\Android Studio\jbr\bin\management.dll
0x00007ff81c590000 - 0x00007ff81c59b000 	C:\Program Files\Android\Android Studio\jbr\bin\management_ext.dll
0x00007ff821760000 - 0x00007ff821768000 	C:\windows\System32\PSAPI.DLL
0x00007ff81eca0000 - 0x00007ff81ecb8000 	C:\windows\SYSTEM32\CRYPTSP.dll
0x00007ff81e3b0000 - 0x00007ff81e3e4000 	C:\windows\system32\rsaenh.dll
0x00007ff81f690000 - 0x00007ff81f6b7000 	C:\windows\System32\bcrypt.dll
0x00007ff81f2d0000 - 0x00007ff81f2fe000 	C:\windows\SYSTEM32\USERENV.dll
0x00007ff81ecc0000 - 0x00007ff81eccc000 	C:\windows\SYSTEM32\CRYPTBASE.dll
0x00007ff81e780000 - 0x00007ff81e7bb000 	C:\windows\SYSTEM32\IPHLPAPI.DLL
0x00007ff821cb0000 - 0x00007ff821cb8000 	C:\windows\System32\NSI.dll
0x00007ff817cf0000 - 0x00007ff817d07000 	C:\windows\SYSTEM32\dhcpcsvc6.DLL
0x00007ff817cd0000 - 0x00007ff817ced000 	C:\windows\SYSTEM32\dhcpcsvc.DLL
0x00007ff81e7e0000 - 0x00007ff81e8aa000 	C:\windows\SYSTEM32\DNSAPI.dll
0x00007ff81cc30000 - 0x00007ff81cc37000 	C:\windows\system32\wshunix.dll
0x00007fff6e470000 - 0x00007fff6e487000 	C:\windows\system32\napinsp.dll
0x00007fff6e490000 - 0x00007fff6e4ab000 	C:\windows\system32\pnrpnsp.dll
0x00007ff81a120000 - 0x00007ff81a135000 	C:\windows\system32\wshbth.dll
0x00007ff817d80000 - 0x00007ff817d9d000 	C:\windows\system32\NLAapi.dll
0x00007fff6e4b0000 - 0x00007fff6e4c2000 	C:\windows\System32\winrnr.dll
0x00007ff80df40000 - 0x00007ff80df4a000 	C:\Windows\System32\rasadhlp.dll
0x00007ff80e3c0000 - 0x00007ff80e440000 	C:\windows\System32\fwpuclnt.dll
0x00007ff80ca90000 - 0x00007ff80ca97000 	C:\Program Files\Android\Android Studio\jbr\bin\rmi.dll

dbghelp: loaded successfully - version: 4.0.5 - missing functions: none
symbol engine: initialized successfully - sym options: 0x614 - pdb path: .;C:\Program Files\Android\Android Studio\jbr\bin;C:\windows\SYSTEM32;C:\windows\WinSxS\amd64_microsoft.windows.common-controls_6595b64144ccf1df_6.0.19041.3636_none_60b6a03d71f818d5;C:\Program Files\Android\Android Studio\jbr\bin\server;C:\Users\\.gradle\native\68d5fa5c4cc2d200863cafc0d521ce42e7d3e7ee720ec0a83991735586a16f82\windows-amd64;C:\Users\\.gradle\native\e376f236ea51e6404a007f0833ffe2c6e607c4080706a723a18a27aeea778392\windows-amd64

VM Arguments:
jvm_args: --add-opens=java.base/java.util=ALL-UNNAMED --add-opens=java.base/java.lang=ALL-UNNAMED --add-opens=java.base/java.lang.invoke=ALL-UNNAMED --add-opens=java.prefs/java.util.prefs=ALL-UNNAMED --add-opens=java.base/java.nio.charset=ALL-UNNAMED --add-opens=java.base/java.net=ALL-UNNAMED --add-opens=java.base/java.util.concurrent.atomic=ALL-UNNAMED -Xmx2048m -Dfile.encoding=UTF-8 -Duser.country=RU -Duser.language=ru -Duser.variant 
java_command: org.gradle.launcher.daemon.bootstrap.GradleDaemon 8.0
java_class_path (initial): C:\Users\\.gradle\wrapper\dists\gradle-8.0-bin\ca5e32bp14vu59qr306oxotwh\gradle-8.0\lib\gradle-launcher-8.0.jar
Launcher Type: SUN_STANDARD

[Global flags]
     intx CICompilerCount                          = 3                                         {product} {ergonomic}
     uint ConcGCThreads                            = 1                                         {product} {ergonomic}
     uint G1ConcRefinementThreads                  = 4                                         {product} {ergonomic}
   size_t G1HeapRegionSize                         = 1048576                                   {product} {ergonomic}
    uintx GCDrainStackTargetSize                   = 64                                        {product} {ergonomic}
   size_t InitialHeapSize                          = 100663296                                 {product} {ergonomic}
   size_t MarkStackSize                            = 4194304                                   {product} {ergonomic}
   size_t MaxHeapSize                              = 2147483648                                {product} {command line}
   size_t MaxNewSize                               = 1287651328                                {product} {ergonomic}
   size_t MinHeapDeltaBytes                        = 1048576                                   {product} {ergonomic}
   size_t MinHeapSize                              = 8388608                                   {product} {ergonomic}
    uintx NonNMethodCodeHeapSize                   = 5832780                                {pd product} {ergonomic}
    uintx NonProfiledCodeHeapSize                  = 122912730                              {pd product} {ergonomic}
    uintx ProfiledCodeHeapSize                     = 122912730                              {pd product} {ergonomic}
    uintx ReservedCodeCacheSize                    = 251658240                              {pd product} {ergonomic}
     bool SegmentedCodeCache                       = true                                      {product} {ergonomic}
   size_t SoftMaxHeapSize                          = 2147483648                             {manageable} {ergonomic}
     bool UseCompressedClassPointers               = true                           {product lp64_product} {ergonomic}
     bool UseCompressedOops                        = true                           {product lp64_product} {ergonomic}
     bool UseG1GC                                  = true                                      {product} {ergonomic}
     bool UseLargePagesIndividualAllocation        = false                                  {pd product} {ergonomic}

Logging:
Log output configuration:
 #0: stdout all=warning uptime,level,tags
 #1: stderr all=off uptime,level,tags

Environment Variables:
PATH=C:\Program Files (x86)\Common Files\Oracle\Java\javapath;C:\windows\system32;C:\windows;C:\windows\System32\Wbem;C:\windows\System32\WindowsPowerShell\v1.0\;C:\windows\System32\OpenSSH\;C:\Program Files\dotnet\;C:\Program Files\Microsoft SQL Server\150\Tools\Binn\;C:\Program Files\Microsoft SQL Server\Client SDK\ODBC\170\Tools\Binn\;C:\Program Files (x86)\Microsoft SQL Server\160\Tools\Binn\;C:\Program Files\Microsoft SQL Server\160\Tools\Binn\;C:\Program Files\Microsoft SQL Server\160\DTS\Binn\;C:\Program Files\nodejs\;C:\Program Files\PostgreSQL\15\bin;C:\Program Files\Git\cmd;C:\Users\\.cargo\bin;C:\Users\\AppData\Local\Programs\Python\Python39\Scripts\;C:\Users\\AppData\Local\Programs\Python\Python39\;C:\Users\\AppData\Local\Microsoft\WindowsApps;C:\Program Files\JetBrains\PyCharm Community Edition 2021.2.1\bin;;C:\Users\\.dotnet\tools;C:\Users\\AppData\Roaming\npm;C:\Users\57D6~1\AppData\Local\ffmpegio\ffmpeg-downloader\ffmpeg\bin;C:\Users\\.cargo\bin;C:\Users\\AppData\Local\GitHubDesktop\bin
USERNAME=
OS=Windows_NT
PROCESSOR_IDENTIFIER=AMD64 Family 23 Model 24 Stepping 1, AuthenticAMD
TMP=C:\Users\57D6~1\AppData\Local\Temp
TEMP=C:\Users\57D6~1\AppData\Local\Temp


JNI global refs:
JNI global refs: 26, weak refs: 0

JNI global refs memory usage: 843, weak refs: 841


---------------  S Y S T E M  ---------------

OS:
 Windows 10 , 64 bit Build 19041 (10.0.19041.3636)
OS uptime: 11 days 10:44 hours
Hyper-V role detected

CPU: total 4 (initial active 4) (4 cores per cpu, 2 threads per core) family 23 model 24 stepping 1 microcode 0x0, cx8, cmov, fxsr, ht, mmx, 3dnowpref, sse, sse2, sse3, ssse3, sse4a, sse4.1, sse4.2, popcnt, lzcnt, tsc, tscinvbit, avx, avx2, aes, clmul, bmi1, bmi2, adx, sha, fma, vzeroupper, clflush, clflushopt, hv

Memory: 4k page, system-wide physical 6063M (250M free)
TotalPageFile size 24495M (AvailPageFile size 62M)
current process WorkingSet (physical memory assigned to process): 312M, peak: 416M
current process commit charge ("private bytes"): 515M, peak: 580M

vm_info: OpenJDK 64-Bit Server VM (17.0.6+0-b2043.56-10027231) for windows-amd64 JRE (17.0.6+0-b2043.56-10027231), built on Apr 28 2023 00:43:19 by "androidbuild" with MS VC++ 16.10 / 16.11 (VS2019)

END.
