#
# There is insufficient memory for the Java Runtime Environment to continue.
# Native memory allocation (malloc) failed to allocate 358352 bytes for Chunk::new
# Possible reasons:
#   The system is out of physical RAM or swap space
#   The process is running with CompressedOops enabled, and the Java Heap may be blocking the growth of the native heap
# Possible solutions:
#   Reduce memory load on the system
#   Increase physical memory or swap space
#   Check if swap backing store is full
#   Decrease Java heap size (-Xmx/-Xms)
#   Decrease number of Java threads
#   Decrease Java thread stack sizes (-Xss)
#   Set larger code cache with -XX:ReservedCodeCacheSize=
#   JVM is running with Unscaled Compressed Oops mode in which the Java heap is
#     placed in the first 4GB address space. The Java Heap base address is the
#     maximum limit for the native heap growth. Please use -XX:HeapBaseMinAddress
#     to set the Java Heap base and to place the Java Heap above 4GB virtual address.
# This output file may be truncated or incomplete.
#
#  Out of Memory Error (arena.cpp:189), pid=20076, tid=15888
#
# JRE version: OpenJDK Runtime Environment (17.0.6) (build 17.0.6+0-b2043.56-10027231)
# Java VM: OpenJDK 64-Bit Server VM (17.0.6+0-b2043.56-10027231, mixed mode, tiered, compressed oops, compressed class ptrs, g1 gc, windows-amd64)
# No core dump will be written. Minidumps are not enabled by default on client versions of Windows
#

---------------  S U M M A R Y ------------

Command Line: org.jetbrains.kotlin.cli.jvm.K2JVMCompiler @C:\android\RecipeBook\app\build\20231203_9114545283663559847.compiler.options

Host: AMD Athlon Gold 3150U with Radeon Graphics     , 4 cores, 5G,  Windows 10 , 64 bit Build 19041 (10.0.19041.3636)
Time: Sun Dec  3 03:25:22 2023 RTZ 4 (s 10 , 64 bit Build 19041 (10.0.19041.3636) elapsed time: 2.953639 seconds (0d 0h 0m 2s)

---------------  T H R E A D  ---------------

Current thread (0x0000029cfb0600c0):  JavaThread "C2 CompilerThread0" daemon [_thread_in_native, id=15888, stack(0x000000f1a5c00000,0x000000f1a5d00000)]


Current CompileTask:
C2:   2953 1643 % !   4       java.util.concurrent.ConcurrentHashMap::transfer @ 96 (849 bytes)

Stack: [0x000000f1a5c00000,0x000000f1a5d00000]
Native frames: (J=compiled Java code, j=interpreted, Vv=VM code, C=native code)
V  [jvm.dll+0x683c9a]
V  [jvm.dll+0x8427a4]
V  [jvm.dll+0x843f9e]
V  [jvm.dll+0x844603]
V  [jvm.dll+0x249b75]
V  [jvm.dll+0xabcac]
V  [jvm.dll+0xac27c]
V  [jvm.dll+0x368857]
V  [jvm.dll+0x332f31]
V  [jvm.dll+0x3323da]
V  [jvm.dll+0x21c201]
V  [jvm.dll+0x21b621]
V  [jvm.dll+0x1a4fdd]
V  [jvm.dll+0x22b098]
V  [jvm.dll+0x229159]
V  [jvm.dll+0x7f81ec]
V  [jvm.dll+0x7f274a]
V  [jvm.dll+0x682ad5]
C  [ucrtbase.dll+0x21bb2]
C  [KERNEL32.DLL+0x17344]
C  [ntdll.dll+0x526b1]


---------------  P R O C E S S  ---------------

Threads class SMR info:
_java_thread_list=0x0000029cfbd77110, length=12, elements={
0x0000029cf1e0a5a0, 0x0000029cfaff6bd0, 0x0000029cfaff7a90, 0x0000029cfb03f2e0,
0x0000029cfb03fba0, 0x0000029cfb042470, 0x0000029cfb044140, 0x0000029cfb0600c0,
0x0000029cfb061ca0, 0x0000029cfb0629b0, 0x0000029cfbd75500, 0x0000029cfbd7a080
}

Java Threads: ( => current thread )
  0x0000029cf1e0a5a0 JavaThread "main" [_thread_in_vm, id=9280, stack(0x000000f1a4f00000,0x000000f1a5000000)]
  0x0000029cfaff6bd0 JavaThread "Reference Handler" daemon [_thread_blocked, id=5232, stack(0x000000f1a5600000,0x000000f1a5700000)]
  0x0000029cfaff7a90 JavaThread "Finalizer" daemon [_thread_blocked, id=14344, stack(0x000000f1a5700000,0x000000f1a5800000)]
  0x0000029cfb03f2e0 JavaThread "Signal Dispatcher" daemon [_thread_blocked, id=10968, stack(0x000000f1a5800000,0x000000f1a5900000)]
  0x0000029cfb03fba0 JavaThread "Attach Listener" daemon [_thread_blocked, id=15784, stack(0x000000f1a5900000,0x000000f1a5a00000)]
  0x0000029cfb042470 JavaThread "Service Thread" daemon [_thread_blocked, id=17668, stack(0x000000f1a5a00000,0x000000f1a5b00000)]
  0x0000029cfb044140 JavaThread "Monitor Deflation Thread" daemon [_thread_blocked, id=13820, stack(0x000000f1a5b00000,0x000000f1a5c00000)]
=>0x0000029cfb0600c0 JavaThread "C2 CompilerThread0" daemon [_thread_in_native, id=15888, stack(0x000000f1a5c00000,0x000000f1a5d00000)]
  0x0000029cfb061ca0 JavaThread "C1 CompilerThread0" daemon [_thread_blocked, id=14704, stack(0x000000f1a5d00000,0x000000f1a5e00000)]
  0x0000029cfb0629b0 JavaThread "Sweeper thread" daemon [_thread_blocked, id=15192, stack(0x000000f1a5e00000,0x000000f1a5f00000)]
  0x0000029cfbd75500 JavaThread "Notification Thread" daemon [_thread_blocked, id=19788, stack(0x000000f1a5f00000,0x000000f1a6000000)]
  0x0000029cfbd7a080 JavaThread "Common-Cleaner" daemon [_thread_blocked, id=5160, stack(0x000000f1a6100000,0x000000f1a6200000)]

Other Threads:
  0x0000029cfafee520 VMThread "VM Thread" [stack: 0x000000f1a5500000,0x000000f1a5600000] [id=3812]
  0x0000029cfbd759d0 WatcherThread [stack: 0x000000f1a6000000,0x000000f1a6100000] [id=21212]
  0x0000029cf1e58eb0 GCTaskThread "GC Thread#0" [stack: 0x000000f1a5000000,0x000000f1a5100000] [id=2168]
  0x0000029cfc13a660 GCTaskThread "GC Thread#1" [stack: 0x000000f1a6200000,0x000000f1a6300000] [id=15452]
  0x0000029cfc1bb450 GCTaskThread "GC Thread#2" [stack: 0x000000f1a6300000,0x000000f1a6400000] [id=13764]
  0x0000029cfc1bb700 GCTaskThread "GC Thread#3" [stack: 0x000000f1a6400000,0x000000f1a6500000] [id=20376]
  0x0000029cf1e65a80 ConcurrentGCThread "G1 Main Marker" [stack: 0x000000f1a5100000,0x000000f1a5200000] [id=3152]
  0x0000029cf1e663a0 ConcurrentGCThread "G1 Conc#0" [stack: 0x000000f1a5200000,0x000000f1a5300000] [id=20824]
  0x0000029cf1ec8d60 ConcurrentGCThread "G1 Refine#0" [stack: 0x000000f1a5300000,0x000000f1a5400000] [id=8876]
  0x0000029cf1ec9690 ConcurrentGCThread "G1 Service" [stack: 0x000000f1a5400000,0x000000f1a5500000] [id=7908]

Threads with active compile tasks:
C2 CompilerThread0     2976 1643 % !   4       java.util.concurrent.ConcurrentHashMap::transfer @ 96 (849 bytes)

VM state: not at safepoint (normal execution)

VM Mutex/Monitor currently owned by a thread: None

Heap address: 0x00000000a1400000, size: 1516 MB, Compressed Oops mode: 32-bit

CDS archive(s) not mapped
Compressed class space mapped at: 0x0000000100000000-0x0000000140000000, reserved size: 1073741824
Narrow klass base: 0x0000000000000000, Narrow klass shift: 3, Narrow klass range: 0x140000000

GC Precious Log:
 CPUs: 4 total, 4 available
 Memory: 6063M
 Large Page Support: Disabled
 NUMA Support: Disabled
 Compressed Oops: Enabled (32-bit)
 Heap Region Size: 1M
 Heap Min Capacity: 8M
 Heap Initial Capacity: 96M
 Heap Max Capacity: 1516M
 Pre-touch: Disabled
 Parallel Workers: 4
 Concurrent Workers: 1
 Concurrent Refinement Workers: 4
 Periodic GC: Disabled

Heap:
 garbage-first heap   total 98304K, used 23114K [0x00000000a1400000, 0x0000000100000000)
  region size 1024K, 18 young (18432K), 2 survivors (2048K)
 Metaspace       used 18250K, committed 18432K, reserved 1073152K
  class space    used 1866K, committed 1984K, reserved 1048576K

Heap Regions: E=young(eden), S=young(survivor), O=old, HS=humongous(starts), HC=humongous(continues), CS=collection set, F=free, OA=open archive, CA=closed archive, TAMS=top-at-mark-start (previous, next)
|   0|0x00000000a1400000, 0x00000000a1500000, 0x00000000a1500000|100%|HS|  |TAMS 0x00000000a1400000, 0x00000000a1400000| Complete 
|   1|0x00000000a1500000, 0x00000000a1600000, 0x00000000a1600000|100%|HC|  |TAMS 0x00000000a1500000, 0x00000000a1500000| Complete 
|   2|0x00000000a1600000, 0x00000000a1700000, 0x00000000a1700000|100%|HC|  |TAMS 0x00000000a1600000, 0x00000000a1600000| Complete 
|   3|0x00000000a1700000, 0x00000000a1800000, 0x00000000a1800000|100%|HC|  |TAMS 0x00000000a1700000, 0x00000000a1700000| Complete 
|   4|0x00000000a1800000, 0x00000000a1900000, 0x00000000a1900000|100%| O|  |TAMS 0x00000000a1800000, 0x00000000a1800000| Untracked 
|   5|0x00000000a1900000, 0x00000000a1a00000, 0x00000000a1a00000|100%| O|  |TAMS 0x00000000a1900000, 0x00000000a1900000| Untracked 
|   6|0x00000000a1a00000, 0x00000000a1a19a00, 0x00000000a1b00000| 10%| O|  |TAMS 0x00000000a1a00000, 0x00000000a1a00000| Untracked 
|   7|0x00000000a1b00000, 0x00000000a1b00000, 0x00000000a1c00000|  0%| F|  |TAMS 0x00000000a1b00000, 0x00000000a1b00000| Untracked 
|   8|0x00000000a1c00000, 0x00000000a1c00000, 0x00000000a1d00000|  0%| F|  |TAMS 0x00000000a1c00000, 0x00000000a1c00000| Untracked 
|   9|0x00000000a1d00000, 0x00000000a1d00000, 0x00000000a1e00000|  0%| F|  |TAMS 0x00000000a1d00000, 0x00000000a1d00000| Untracked 
|  10|0x00000000a1e00000, 0x00000000a1e00000, 0x00000000a1f00000|  0%| F|  |TAMS 0x00000000a1e00000, 0x00000000a1e00000| Untracked 
|  11|0x00000000a1f00000, 0x00000000a1f00000, 0x00000000a2000000|  0%| F|  |TAMS 0x00000000a1f00000, 0x00000000a1f00000| Untracked 
|  12|0x00000000a2000000, 0x00000000a2000000, 0x00000000a2100000|  0%| F|  |TAMS 0x00000000a2000000, 0x00000000a2000000| Untracked 
|  13|0x00000000a2100000, 0x00000000a2100000, 0x00000000a2200000|  0%| F|  |TAMS 0x00000000a2100000, 0x00000000a2100000| Untracked 
|  14|0x00000000a2200000, 0x00000000a2200000, 0x00000000a2300000|  0%| F|  |TAMS 0x00000000a2200000, 0x00000000a2200000| Untracked 
|  15|0x00000000a2300000, 0x00000000a2300000, 0x00000000a2400000|  0%| F|  |TAMS 0x00000000a2300000, 0x00000000a2300000| Untracked 
|  16|0x00000000a2400000, 0x00000000a2400000, 0x00000000a2500000|  0%| F|  |TAMS 0x00000000a2400000, 0x00000000a2400000| Untracked 
|  17|0x00000000a2500000, 0x00000000a2500000, 0x00000000a2600000|  0%| F|  |TAMS 0x00000000a2500000, 0x00000000a2500000| Untracked 
|  18|0x00000000a2600000, 0x00000000a2600000, 0x00000000a2700000|  0%| F|  |TAMS 0x00000000a2600000, 0x00000000a2600000| Untracked 
|  19|0x00000000a2700000, 0x00000000a2700000, 0x00000000a2800000|  0%| F|  |TAMS 0x00000000a2700000, 0x00000000a2700000| Untracked 
|  20|0x00000000a2800000, 0x00000000a2800000, 0x00000000a2900000|  0%| F|  |TAMS 0x00000000a2800000, 0x00000000a2800000| Untracked 
|  21|0x00000000a2900000, 0x00000000a2900000, 0x00000000a2a00000|  0%| F|  |TAMS 0x00000000a2900000, 0x00000000a2900000| Untracked 
|  22|0x00000000a2a00000, 0x00000000a2a00000, 0x00000000a2b00000|  0%| F|  |TAMS 0x00000000a2a00000, 0x00000000a2a00000| Untracked 
|  23|0x00000000a2b00000, 0x00000000a2b00000, 0x00000000a2c00000|  0%| F|  |TAMS 0x00000000a2b00000, 0x00000000a2b00000| Untracked 
|  24|0x00000000a2c00000, 0x00000000a2c00000, 0x00000000a2d00000|  0%| F|  |TAMS 0x00000000a2c00000, 0x00000000a2c00000| Untracked 
|  25|0x00000000a2d00000, 0x00000000a2d00000, 0x00000000a2e00000|  0%| F|  |TAMS 0x00000000a2d00000, 0x00000000a2d00000| Untracked 
|  26|0x00000000a2e00000, 0x00000000a2e00000, 0x00000000a2f00000|  0%| F|  |TAMS 0x00000000a2e00000, 0x00000000a2e00000| Untracked 
|  27|0x00000000a2f00000, 0x00000000a2f00000, 0x00000000a3000000|  0%| F|  |TAMS 0x00000000a2f00000, 0x00000000a2f00000| Untracked 
|  28|0x00000000a3000000, 0x00000000a3000000, 0x00000000a3100000|  0%| F|  |TAMS 0x00000000a3000000, 0x00000000a3000000| Untracked 
|  29|0x00000000a3100000, 0x00000000a3100000, 0x00000000a3200000|  0%| F|  |TAMS 0x00000000a3100000, 0x00000000a3100000| Untracked 
|  30|0x00000000a3200000, 0x00000000a3200000, 0x00000000a3300000|  0%| F|  |TAMS 0x00000000a3200000, 0x00000000a3200000| Untracked 
|  31|0x00000000a3300000, 0x00000000a3300000, 0x00000000a3400000|  0%| F|  |TAMS 0x00000000a3300000, 0x00000000a3300000| Untracked 
|  32|0x00000000a3400000, 0x00000000a3400000, 0x00000000a3500000|  0%| F|  |TAMS 0x00000000a3400000, 0x00000000a3400000| Untracked 
|  33|0x00000000a3500000, 0x00000000a3500000, 0x00000000a3600000|  0%| F|  |TAMS 0x00000000a3500000, 0x00000000a3500000| Untracked 
|  34|0x00000000a3600000, 0x00000000a3600000, 0x00000000a3700000|  0%| F|  |TAMS 0x00000000a3600000, 0x00000000a3600000| Untracked 
|  35|0x00000000a3700000, 0x00000000a3700000, 0x00000000a3800000|  0%| F|  |TAMS 0x00000000a3700000, 0x00000000a3700000| Untracked 
|  36|0x00000000a3800000, 0x00000000a3800000, 0x00000000a3900000|  0%| F|  |TAMS 0x00000000a3800000, 0x00000000a3800000| Untracked 
|  37|0x00000000a3900000, 0x00000000a3900000, 0x00000000a3a00000|  0%| F|  |TAMS 0x00000000a3900000, 0x00000000a3900000| Untracked 
|  38|0x00000000a3a00000, 0x00000000a3a00000, 0x00000000a3b00000|  0%| F|  |TAMS 0x00000000a3a00000, 0x00000000a3a00000| Untracked 
|  39|0x00000000a3b00000, 0x00000000a3b00000, 0x00000000a3c00000|  0%| F|  |TAMS 0x00000000a3b00000, 0x00000000a3b00000| Untracked 
|  40|0x00000000a3c00000, 0x00000000a3c00000, 0x00000000a3d00000|  0%| F|  |TAMS 0x00000000a3c00000, 0x00000000a3c00000| Untracked 
|  41|0x00000000a3d00000, 0x00000000a3d00000, 0x00000000a3e00000|  0%| F|  |TAMS 0x00000000a3d00000, 0x00000000a3d00000| Untracked 
|  42|0x00000000a3e00000, 0x00000000a3e00000, 0x00000000a3f00000|  0%| F|  |TAMS 0x00000000a3e00000, 0x00000000a3e00000| Untracked 
|  43|0x00000000a3f00000, 0x00000000a3f00000, 0x00000000a4000000|  0%| F|  |TAMS 0x00000000a3f00000, 0x00000000a3f00000| Untracked 
|  44|0x00000000a4000000, 0x00000000a4000000, 0x00000000a4100000|  0%| F|  |TAMS 0x00000000a4000000, 0x00000000a4000000| Untracked 
|  45|0x00000000a4100000, 0x00000000a4100000, 0x00000000a4200000|  0%| F|  |TAMS 0x00000000a4100000, 0x00000000a4100000| Untracked 
|  46|0x00000000a4200000, 0x00000000a4200000, 0x00000000a4300000|  0%| F|  |TAMS 0x00000000a4200000, 0x00000000a4200000| Untracked 
|  47|0x00000000a4300000, 0x00000000a4300000, 0x00000000a4400000|  0%| F|  |TAMS 0x00000000a4300000, 0x00000000a4300000| Untracked 
|  48|0x00000000a4400000, 0x00000000a4400000, 0x00000000a4500000|  0%| F|  |TAMS 0x00000000a4400000, 0x00000000a4400000| Untracked 
|  49|0x00000000a4500000, 0x00000000a4500000, 0x00000000a4600000|  0%| F|  |TAMS 0x00000000a4500000, 0x00000000a4500000| Untracked 
|  50|0x00000000a4600000, 0x00000000a4600000, 0x00000000a4700000|  0%| F|  |TAMS 0x00000000a4600000, 0x00000000a4600000| Untracked 
|  51|0x00000000a4700000, 0x00000000a4700000, 0x00000000a4800000|  0%| F|  |TAMS 0x00000000a4700000, 0x00000000a4700000| Untracked 
|  52|0x00000000a4800000, 0x00000000a4800000, 0x00000000a4900000|  0%| F|  |TAMS 0x00000000a4800000, 0x00000000a4800000| Untracked 
|  53|0x00000000a4900000, 0x00000000a4900000, 0x00000000a4a00000|  0%| F|  |TAMS 0x00000000a4900000, 0x00000000a4900000| Untracked 
|  54|0x00000000a4a00000, 0x00000000a4a00000, 0x00000000a4b00000|  0%| F|  |TAMS 0x00000000a4a00000, 0x00000000a4a00000| Untracked 
|  55|0x00000000a4b00000, 0x00000000a4b00000, 0x00000000a4c00000|  0%| F|  |TAMS 0x00000000a4b00000, 0x00000000a4b00000| Untracked 
|  56|0x00000000a4c00000, 0x00000000a4c00000, 0x00000000a4d00000|  0%| F|  |TAMS 0x00000000a4c00000, 0x00000000a4c00000| Untracked 
|  57|0x00000000a4d00000, 0x00000000a4d00000, 0x00000000a4e00000|  0%| F|  |TAMS 0x00000000a4d00000, 0x00000000a4d00000| Untracked 
|  58|0x00000000a4e00000, 0x00000000a4e00000, 0x00000000a4f00000|  0%| F|  |TAMS 0x00000000a4e00000, 0x00000000a4e00000| Untracked 
|  59|0x00000000a4f00000, 0x00000000a4f00000, 0x00000000a5000000|  0%| F|  |TAMS 0x00000000a4f00000, 0x00000000a4f00000| Untracked 
|  60|0x00000000a5000000, 0x00000000a5000000, 0x00000000a5100000|  0%| F|  |TAMS 0x00000000a5000000, 0x00000000a5000000| Untracked 
|  61|0x00000000a5100000, 0x00000000a5100000, 0x00000000a5200000|  0%| F|  |TAMS 0x00000000a5100000, 0x00000000a5100000| Untracked 
|  62|0x00000000a5200000, 0x00000000a5200000, 0x00000000a5300000|  0%| F|  |TAMS 0x00000000a5200000, 0x00000000a5200000| Untracked 
|  63|0x00000000a5300000, 0x00000000a5300000, 0x00000000a5400000|  0%| F|  |TAMS 0x00000000a5300000, 0x00000000a5300000| Untracked 
|  64|0x00000000a5400000, 0x00000000a5400000, 0x00000000a5500000|  0%| F|  |TAMS 0x00000000a5400000, 0x00000000a5400000| Untracked 
|  65|0x00000000a5500000, 0x00000000a5500000, 0x00000000a5600000|  0%| F|  |TAMS 0x00000000a5500000, 0x00000000a5500000| Untracked 
|  66|0x00000000a5600000, 0x00000000a5600000, 0x00000000a5700000|  0%| F|  |TAMS 0x00000000a5600000, 0x00000000a5600000| Untracked 
|  67|0x00000000a5700000, 0x00000000a5700000, 0x00000000a5800000|  0%| F|  |TAMS 0x00000000a5700000, 0x00000000a5700000| Untracked 
|  68|0x00000000a5800000, 0x00000000a5800000, 0x00000000a5900000|  0%| F|  |TAMS 0x00000000a5800000, 0x00000000a5800000| Untracked 
|  69|0x00000000a5900000, 0x00000000a5900000, 0x00000000a5a00000|  0%| F|  |TAMS 0x00000000a5900000, 0x00000000a5900000| Untracked 
|  70|0x00000000a5a00000, 0x00000000a5a00000, 0x00000000a5b00000|  0%| F|  |TAMS 0x00000000a5a00000, 0x00000000a5a00000| Untracked 
|  71|0x00000000a5b00000, 0x00000000a5b00000, 0x00000000a5c00000|  0%| F|  |TAMS 0x00000000a5b00000, 0x00000000a5b00000| Untracked 
|  72|0x00000000a5c00000, 0x00000000a5c00000, 0x00000000a5d00000|  0%| F|  |TAMS 0x00000000a5c00000, 0x00000000a5c00000| Untracked 
|  73|0x00000000a5d00000, 0x00000000a5d00000, 0x00000000a5e00000|  0%| F|  |TAMS 0x00000000a5d00000, 0x00000000a5d00000| Untracked 
|  74|0x00000000a5e00000, 0x00000000a5e00000, 0x00000000a5f00000|  0%| F|  |TAMS 0x00000000a5e00000, 0x00000000a5e00000| Untracked 
|  75|0x00000000a5f00000, 0x00000000a5f00000, 0x00000000a6000000|  0%| F|  |TAMS 0x00000000a5f00000, 0x00000000a5f00000| Untracked 
|  76|0x00000000a6000000, 0x00000000a6078e60, 0x00000000a6100000| 47%| S|CS|TAMS 0x00000000a6000000, 0x00000000a6000000| Complete 
|  77|0x00000000a6100000, 0x00000000a6200000, 0x00000000a6200000|100%| S|CS|TAMS 0x00000000a6100000, 0x00000000a6100000| Complete 
|  78|0x00000000a6200000, 0x00000000a6200000, 0x00000000a6300000|  0%| F|  |TAMS 0x00000000a6200000, 0x00000000a6200000| Untracked 
|  79|0x00000000a6300000, 0x00000000a6300000, 0x00000000a6400000|  0%| F|  |TAMS 0x00000000a6300000, 0x00000000a6300000| Untracked 
|  80|0x00000000a6400000, 0x00000000a6480800, 0x00000000a6500000| 50%| E|  |TAMS 0x00000000a6400000, 0x00000000a6400000| Complete 
|  81|0x00000000a6500000, 0x00000000a6600000, 0x00000000a6600000|100%| E|CS|TAMS 0x00000000a6500000, 0x00000000a6500000| Complete 
|  82|0x00000000a6600000, 0x00000000a6700000, 0x00000000a6700000|100%| E|CS|TAMS 0x00000000a6600000, 0x00000000a6600000| Complete 
|  83|0x00000000a6700000, 0x00000000a6800000, 0x00000000a6800000|100%| E|CS|TAMS 0x00000000a6700000, 0x00000000a6700000| Complete 
|  84|0x00000000a6800000, 0x00000000a6900000, 0x00000000a6900000|100%| E|CS|TAMS 0x00000000a6800000, 0x00000000a6800000| Complete 
|  85|0x00000000a6900000, 0x00000000a6a00000, 0x00000000a6a00000|100%| E|CS|TAMS 0x00000000a6900000, 0x00000000a6900000| Complete 
|  86|0x00000000a6a00000, 0x00000000a6b00000, 0x00000000a6b00000|100%| E|CS|TAMS 0x00000000a6a00000, 0x00000000a6a00000| Complete 
|  87|0x00000000a6b00000, 0x00000000a6c00000, 0x00000000a6c00000|100%| E|CS|TAMS 0x00000000a6b00000, 0x00000000a6b00000| Complete 
|  88|0x00000000a6c00000, 0x00000000a6d00000, 0x00000000a6d00000|100%| E|CS|TAMS 0x00000000a6c00000, 0x00000000a6c00000| Complete 
|  89|0x00000000a6d00000, 0x00000000a6e00000, 0x00000000a6e00000|100%| E|CS|TAMS 0x00000000a6d00000, 0x00000000a6d00000| Complete 
|  90|0x00000000a6e00000, 0x00000000a6f00000, 0x00000000a6f00000|100%| E|CS|TAMS 0x00000000a6e00000, 0x00000000a6e00000| Complete 
|  91|0x00000000a6f00000, 0x00000000a7000000, 0x00000000a7000000|100%| E|CS|TAMS 0x00000000a6f00000, 0x00000000a6f00000| Complete 
|  92|0x00000000a7000000, 0x00000000a7100000, 0x00000000a7100000|100%| E|CS|TAMS 0x00000000a7000000, 0x00000000a7000000| Complete 
|  93|0x00000000a7100000, 0x00000000a7200000, 0x00000000a7200000|100%| E|CS|TAMS 0x00000000a7100000, 0x00000000a7100000| Complete 
|  94|0x00000000a7200000, 0x00000000a7300000, 0x00000000a7300000|100%| E|CS|TAMS 0x00000000a7200000, 0x00000000a7200000| Complete 
|  95|0x00000000a7300000, 0x00000000a7400000, 0x00000000a7400000|100%| E|CS|TAMS 0x00000000a7300000, 0x00000000a7300000| Complete 

Card table byte_map: [0x0000029cf55e0000,0x0000029cf58e0000] _byte_map_base: 0x0000029cf50d6000

Marking Bits (Prev, Next): (CMBitMap*) 0x0000029cf1e593d0, (CMBitMap*) 0x0000029cf1e59410
 Prev Bits: [0x0000029cf5be0000, 0x0000029cf7390000)
 Next Bits: [0x0000029cf7390000, 0x0000029cf8b40000)

Polling page: 0x0000029cefcd0000

Metaspace:

Usage:
  Non-class:     16.03 MB used.
      Class:      1.83 MB used.
       Both:     17.86 MB used.

Virtual space:
  Non-class space:       24.00 MB reserved,      16.12 MB ( 67%) committed,  3 nodes.
      Class space:        1.00 GB reserved,       1.94 MB ( <1%) committed,  1 nodes.
             Both:        1.02 GB reserved,      18.06 MB (  2%) committed. 

Chunk freelists:
   Non-Class:  3.78 MB
       Class:  1.95 MB
        Both:  5.73 MB

MaxMetaspaceSize: unlimited
CompressedClassSpaceSize: 1.00 GB
Initial GC threshold: 21.00 MB
Current GC threshold: 21.00 MB
CDS: off
MetaspaceReclaimPolicy: balanced
 - commit_granule_bytes: 65536.
 - commit_granule_words: 8192.
 - virtual_space_node_default_size: 1048576.
 - enlarge_chunks_in_place: 1.
 - new_chunks_are_fully_committed: 0.
 - uncommit_free_chunks: 1.
 - use_allocation_guard: 0.
 - handle_deallocations: 1.


Internal statistics:

num_allocs_failed_limit: 0.
num_arena_births: 118.
num_arena_deaths: 0.
num_vsnodes_births: 4.
num_vsnodes_deaths: 0.
num_space_committed: 289.
num_space_uncommitted: 0.
num_chunks_returned_to_freelist: 0.
num_chunks_taken_from_freelist: 470.
num_chunk_merges: 0.
num_chunk_splits: 372.
num_chunks_enlarged: 315.
num_purges: 0.
num_inconsistent_stats: 0.

CodeHeap 'non-profiled nmethods': size=120000Kb used=488Kb max_used=488Kb free=119511Kb
 bounds [0x0000029c87ad0000, 0x0000029c87d40000, 0x0000029c8f000000]
CodeHeap 'profiled nmethods': size=120000Kb used=3244Kb max_used=3244Kb free=116755Kb
 bounds [0x0000029c80000000, 0x0000029c80330000, 0x0000029c87530000]
CodeHeap 'non-nmethods': size=5760Kb used=1187Kb max_used=1191Kb free=4572Kb
 bounds [0x0000029c87530000, 0x0000029c877a0000, 0x0000029c87ad0000]
 total_blobs=2140 nmethods=1663 adapters=389
 compilation: enabled
              stopped_count=0, restarted_count=0
 full_count=0

Compilation events (20 events):
Event: 2.906 Thread 0x0000029cfb061ca0 1638       3       java.lang.invoke.Invokers::maybeCustomize (5 bytes)
Event: 2.906 Thread 0x0000029cfb061ca0 nmethod 1638 0x0000029c8031e410 code [0x0000029c8031e5a0, 0x0000029c8031e748]
Event: 2.906 Thread 0x0000029cfb061ca0 1639       3       java.lang.invoke.InvokerBytecodeGenerator::emitPushArgument (150 bytes)
Event: 2.907 Thread 0x0000029cfb061ca0 nmethod 1639 0x0000029c8031e810 code [0x0000029c8031eae0, 0x0000029c8031f968]
Event: 2.915 Thread 0x0000029cfb061ca0 1640       3       java.lang.StringBuilder::<init> (6 bytes)
Event: 2.915 Thread 0x0000029cfb061ca0 nmethod 1640 0x0000029c8031fd90 code [0x0000029c8031ff20, 0x0000029c80320068]
Event: 2.916 Thread 0x0000029cfb061ca0 1641       3       java.security.CodeSource::getCertificates (98 bytes)
Event: 2.917 Thread 0x0000029cfb061ca0 nmethod 1641 0x0000029c80320110 code [0x0000029c80320380, 0x0000029c80320ff8]
Event: 2.930 Thread 0x0000029cfb061ca0 1642   !   3       java.lang.ClassLoader::addClass (27 bytes)
Event: 2.930 Thread 0x0000029cfb061ca0 nmethod 1642 0x0000029c80321310 code [0x0000029c803214e0, 0x0000029c80321ae8]
Event: 2.935 Thread 0x0000029cfb0600c0 1643 % !   4       java.util.concurrent.ConcurrentHashMap::transfer @ 96 (849 bytes)
Event: 2.939 Thread 0x0000029cfb061ca0 1645  s!   3       jdk.internal.loader.URLClassPath::getLoader (194 bytes)
Event: 2.940 Thread 0x0000029cfb061ca0 nmethod 1645 0x0000029c80321e10 code [0x0000029c80322100, 0x0000029c80323588]
Event: 2.949 Thread 0x0000029cfb061ca0 1646       3       java.lang.invoke.Invokers::checkExactType (17 bytes)
Event: 2.949 Thread 0x0000029cfb061ca0 nmethod 1646 0x0000029c80323d10 code [0x0000029c80323ec0, 0x0000029c803240c8]
Event: 2.950 Thread 0x0000029cfb061ca0 1648       3       java.lang.invoke.MethodType::toMethodDescriptorString (28 bytes)
Event: 2.950 Thread 0x0000029cfb061ca0 nmethod 1648 0x0000029c80324210 code [0x0000029c803243c0, 0x0000029c803245a8]
Event: 2.950 Thread 0x0000029cfb061ca0 1649   !   3       org.jetbrains.kotlin.com.intellij.util.containers.ConcurrentIntObjectHashMap::tabAt (33 bytes)
Event: 2.951 Thread 0x0000029cfb061ca0 nmethod 1649 0x0000029c80324690 code [0x0000029c803248c0, 0x0000029c80325608]
Event: 2.951 Thread 0x0000029cfb061ca0 1650       3       java.lang.invoke.LambdaForm$MH/0x00000001001ac000::invokeExact_MT (25 bytes)

GC Heap History (4 events):
Event: 1.321 GC heap before
{Heap before GC invocations=0 (full 0):
 garbage-first heap   total 98304K, used 17408K [0x00000000a1400000, 0x0000000100000000)
  region size 1024K, 13 young (13312K), 0 survivors (0K)
 Metaspace       used 10457K, committed 10624K, reserved 1064960K
  class space    used 903K, committed 960K, reserved 1048576K
}
Event: 1.328 GC heap after
{Heap after GC invocations=1 (full 0):
 garbage-first heap   total 98304K, used 6316K [0x00000000a1400000, 0x0000000100000000)
  region size 1024K, 2 young (2048K), 2 survivors (2048K)
 Metaspace       used 10457K, committed 10624K, reserved 1064960K
  class space    used 903K, committed 960K, reserved 1048576K
}
Event: 2.166 GC heap before
{Heap before GC invocations=1 (full 0):
 garbage-first heap   total 98304K, used 21676K [0x00000000a1400000, 0x0000000100000000)
  region size 1024K, 18 young (18432K), 2 survivors (2048K)
 Metaspace       used 14574K, committed 14720K, reserved 1064960K
  class space    used 1449K, committed 1536K, reserved 1048576K
}
Event: 2.172 GC heap after
{Heap after GC invocations=2 (full 0):
 garbage-first heap   total 98304K, used 7754K [0x00000000a1400000, 0x0000000100000000)
  region size 1024K, 2 young (2048K), 2 survivors (2048K)
 Metaspace       used 14574K, committed 14720K, reserved 1064960K
  class space    used 1449K, committed 1536K, reserved 1048576K
}

Dll operation events (1 events):
Event: 0.032 Loaded shared library C:\Program Files\Android\Android Studio\jbr\bin\java.dll

Deoptimization events (20 events):
Event: 2.078 Thread 0x0000029cf1e0a5a0 DEOPT PACKING pc=0x0000029c87b02870 sp=0x000000f1a4ffbca0
Event: 2.078 Thread 0x0000029cf1e0a5a0 DEOPT UNPACKING pc=0x0000029c875869a3 sp=0x000000f1a4ffbb88 mode 2
Event: 2.110 Thread 0x0000029cf1e0a5a0 Uncommon trap: trap_request=0xffffff45 fr.pc=0x0000029c87afc2ec relative=0x00000000000003ac
Event: 2.110 Thread 0x0000029cf1e0a5a0 Uncommon trap: reason=unstable_if action=reinterpret pc=0x0000029c87afc2ec method=java.util.concurrent.ConcurrentHashMap.get(Ljava/lang/Object;)Ljava/lang/Object; @ 76 c2
Event: 2.110 Thread 0x0000029cf1e0a5a0 DEOPT PACKING pc=0x0000029c87afc2ec sp=0x000000f1a4ffc170
Event: 2.110 Thread 0x0000029cf1e0a5a0 DEOPT UNPACKING pc=0x0000029c875869a3 sp=0x000000f1a4ffc0f8 mode 2
Event: 2.238 Thread 0x0000029cf1e0a5a0 Uncommon trap: trap_request=0xffffff45 fr.pc=0x0000029c87b0a424 relative=0x00000000000004e4
Event: 2.238 Thread 0x0000029cf1e0a5a0 Uncommon trap: reason=unstable_if action=reinterpret pc=0x0000029c87b0a424 method=java.util.ArrayList.grow(I)[Ljava/lang/Object; @ 17 c2
Event: 2.238 Thread 0x0000029cf1e0a5a0 DEOPT PACKING pc=0x0000029c87b0a424 sp=0x000000f1a4ffd9a0
Event: 2.238 Thread 0x0000029cf1e0a5a0 DEOPT UNPACKING pc=0x0000029c875869a3 sp=0x000000f1a4ffd828 mode 2
Event: 2.355 Thread 0x0000029cf1e0a5a0 Uncommon trap: trap_request=0xffffffc6 fr.pc=0x0000029c87b02870 relative=0x00000000000004f0
Event: 2.355 Thread 0x0000029cf1e0a5a0 Uncommon trap: reason=bimorphic_or_optimized_type_check action=maybe_recompile pc=0x0000029c87b02870 method=kotlin.reflect.jvm.internal.impl.protobuf.CodedInputStream.tryRefillBuffer(I)Z @ 175 c2
Event: 2.355 Thread 0x0000029cf1e0a5a0 DEOPT PACKING pc=0x0000029c87b02870 sp=0x000000f1a4ffb920
Event: 2.355 Thread 0x0000029cf1e0a5a0 DEOPT UNPACKING pc=0x0000029c875869a3 sp=0x000000f1a4ffb808 mode 2
Event: 2.502 Thread 0x0000029cf1e0a5a0 Uncommon trap: trap_request=0xffffff45 fr.pc=0x0000029c87af351c relative=0x000000000000027c
Event: 2.502 Thread 0x0000029cf1e0a5a0 Uncommon trap: reason=unstable_if action=reinterpret pc=0x0000029c87af351c method=java.lang.String.startsWith(Ljava/lang/String;I)Z @ 14 c2
Event: 2.502 Thread 0x0000029cf1e0a5a0 DEOPT PACKING pc=0x0000029c87af351c sp=0x000000f1a4ffc940
Event: 2.502 Thread 0x0000029cf1e0a5a0 DEOPT UNPACKING pc=0x0000029c875869a3 sp=0x000000f1a4ffc8a0 mode 2
Event: 2.651 Thread 0x0000029cf1e0a5a0 DEOPT PACKING pc=0x0000029c80296ab4 sp=0x000000f1a4ffdd40
Event: 2.651 Thread 0x0000029cf1e0a5a0 DEOPT UNPACKING pc=0x0000029c87587143 sp=0x000000f1a4ffd310 mode 0

Classes unloaded (0 events):
No events

Classes redefined (0 events):
No events

Internal exceptions (11 events):
Event: 2.569 Thread 0x0000029cf1e0a5a0 Exception <a 'java/lang/NoSuchMethodError'{0x00000000a6ce5458}: 'java.lang.Object java.lang.invoke.DirectMethodHandle$Holder.newInvokeSpecial(java.lang.Object, java.lang.Object, java.lang.Object, java.lang.Object, java.lang.Object)'> (0x00000000a6ce5458) 
thrown [s\src\hotspot\share\interpreter\linkResolver.cpp, line 771]
Event: 2.798 Thread 0x0000029cf1e0a5a0 Exception <a 'java/lang/NoSuchMethodError'{0x00000000a68b1c30}: 'int java.lang.invoke.DelegatingMethodHandle$Holder.reinvoke_L(java.lang.Object, java.lang.Object, java.lang.Object, long, int, int)'> (0x00000000a68b1c30) 
thrown [s\src\hotspot\share\interpreter\linkResolver.cpp, line 771]
Event: 2.805 Thread 0x0000029cf1e0a5a0 Exception <a 'java/lang/NoSuchMethodError'{0x00000000a68c1038}: 'int java.lang.invoke.DelegatingMethodHandle$Holder.reinvoke_L(java.lang.Object, java.lang.Object, java.lang.Object, long, long, long)'> (0x00000000a68c1038) 
thrown [s\src\hotspot\share\interpreter\linkResolver.cpp, line 771]
Event: 2.810 Thread 0x0000029cf1e0a5a0 Exception <a 'java/lang/NoSuchMethodError'{0x00000000a68cfc78}: 'int java.lang.invoke.DelegatingMethodHandle$Holder.reinvoke_L(java.lang.Object, java.lang.Object, java.lang.Object, long, java.lang.Object, java.lang.Object)'> (0x00000000a68cfc78) 
thrown [s\src\hotspot\share\interpreter\linkResolver.cpp, line 771]
Event: 2.813 Thread 0x0000029cf1e0a5a0 Exception <a 'java/lang/NoSuchMethodError'{0x00000000a68de7f8}: 'void java.lang.invoke.DelegatingMethodHandle$Holder.reinvoke_L(java.lang.Object, java.lang.Object, java.lang.Object, long, java.lang.Object)'> (0x00000000a68de7f8) 
thrown [s\src\hotspot\share\interpreter\linkResolver.cpp, line 771]
Event: 2.814 Thread 0x0000029cf1e0a5a0 Exception <a 'java/lang/NoSuchMethodError'{0x00000000a68e6430}: 'java.lang.Object java.lang.invoke.DirectMethodHandle$Holder.invokeSpecial(java.lang.Object, java.lang.Object, java.lang.Object, java.lang.Object, long)'> (0x00000000a68e6430) 
thrown [s\src\hotspot\share\interpreter\linkResolver.cpp, line 771]
Event: 2.818 Thread 0x0000029cf1e0a5a0 Exception <a 'java/lang/NoSuchMethodError'{0x00000000a68fed80}: 'long java.lang.invoke.Invokers$Holder.invoke_MT(java.lang.Object, java.lang.Object, java.lang.Object, java.lang.Object)'> (0x00000000a68fed80) 
thrown [s\src\hotspot\share\interpreter\linkResolver.cpp, line 771]
Event: 2.822 Thread 0x0000029cf1e0a5a0 Exception <a 'java/lang/NoSuchMethodError'{0x00000000a670aa48}: 'int java.lang.invoke.DirectMethodHandle$Holder.invokeSpecial(java.lang.Object, java.lang.Object, java.lang.Object)'> (0x00000000a670aa48) 
thrown [s\src\hotspot\share\interpreter\linkResolver.cpp, line 771]
Event: 2.823 Thread 0x0000029cf1e0a5a0 Exception <a 'java/lang/NoSuchMethodError'{0x00000000a670ea78}: 'int java.lang.invoke.DirectMethodHandle$Holder.invokeSpecial(java.lang.Object, java.lang.Object, java.lang.Object, java.lang.Object)'> (0x00000000a670ea78) 
thrown [s\src\hotspot\share\interpreter\linkResolver.cpp, line 771]
Event: 2.824 Thread 0x0000029cf1e0a5a0 Exception <a 'java/lang/NoSuchMethodError'{0x00000000a67120e0}: 'int java.lang.invoke.Invokers$Holder.invoke_MT(java.lang.Object, java.lang.Object, java.lang.Object, java.lang.Object)'> (0x00000000a67120e0) 
thrown [s\src\hotspot\share\interpreter\linkResolver.cpp, line 771]
Event: 2.827 Thread 0x0000029cf1e0a5a0 Exception <a 'java/lang/NoSuchMethodError'{0x00000000a6721d00}: 'int java.lang.invoke.DelegatingMethodHandle$Holder.reinvoke_L(java.lang.Object, java.lang.Object, java.lang.Object, long, int)'> (0x00000000a6721d00) 
thrown [s\src\hotspot\share\interpreter\linkResolver.cpp, line 771]

VM Operations (20 events):
Event: 0.711 Executing VM operation: HandshakeAllThreads
Event: 0.711 Executing VM operation: HandshakeAllThreads done
Event: 0.990 Executing VM operation: HandshakeAllThreads
Event: 0.990 Executing VM operation: HandshakeAllThreads done
Event: 1.305 Executing VM operation: HandshakeAllThreads
Event: 1.305 Executing VM operation: HandshakeAllThreads done
Event: 1.305 Executing VM operation: Cleanup
Event: 1.305 Executing VM operation: Cleanup done
Event: 1.321 Executing VM operation: G1CollectForAllocation
Event: 1.328 Executing VM operation: G1CollectForAllocation done
Event: 2.094 Executing VM operation: HandshakeAllThreads
Event: 2.094 Executing VM operation: HandshakeAllThreads done
Event: 2.165 Executing VM operation: G1CollectForAllocation
Event: 2.173 Executing VM operation: G1CollectForAllocation done
Event: 2.619 Executing VM operation: ICBufferFull
Event: 2.619 Executing VM operation: ICBufferFull done
Event: 2.651 Executing VM operation: HandshakeAllThreads
Event: 2.651 Executing VM operation: HandshakeAllThreads done
Event: 2.910 Executing VM operation: HandshakeAllThreads
Event: 2.910 Executing VM operation: HandshakeAllThreads done

Events (20 events):
Event: 2.890 loading class java/util/logging/LogManager$4
Event: 2.890 loading class java/util/logging/LogManager$4 done
Event: 2.890 loading class java/util/logging/Logger$SystemLoggerHelper
Event: 2.890 loading class java/util/logging/Logger$SystemLoggerHelper done
Event: 2.890 loading class java/util/logging/Logger$SystemLoggerHelper$1
Event: 2.891 loading class java/util/logging/Logger$SystemLoggerHelper$1 done
Event: 2.891 loading class jdk/internal/logger/DefaultLoggerFinder$1
Event: 2.891 loading class jdk/internal/logger/DefaultLoggerFinder$1 done
Event: 2.906 loading class java/lang/invoke/MethodHandle$1
Event: 2.906 loading class java/lang/invoke/MethodHandle$1 done
Event: 2.910 loading class java/util/Stack
Event: 2.910 loading class java/util/Vector
Event: 2.910 loading class java/util/Vector done
Event: 2.910 loading class java/util/Stack done
Event: 2.911 loading class java/math/BigInteger
Event: 2.912 loading class java/math/BigInteger done
Event: 2.913 loading class java/lang/StrictMath
Event: 2.913 loading class java/lang/StrictMath done
Event: 2.913 loading class java/math/MutableBigInteger
Event: 2.914 loading class java/math/MutableBigInteger done


Dynamic libraries:
0x00007ff7b4190000 - 0x00007ff7b419a000 	C:\Program Files\Android\Android Studio\jbr\bin\java.exe
0x00007ff821d30000 - 0x00007ff821f28000 	C:\windows\SYSTEM32\ntdll.dll
0x00007ff8216a0000 - 0x00007ff82175d000 	C:\windows\System32\KERNEL32.DLL
0x00007ff81f810000 - 0x00007ff81fb06000 	C:\windows\System32\KERNELBASE.dll
0x00007ff81fb10000 - 0x00007ff81fc10000 	C:\windows\System32\ucrtbase.dll
0x00007ff814570000 - 0x00007ff814587000 	C:\Program Files\Android\Android Studio\jbr\bin\jli.dll
0x00007ff81cc10000 - 0x00007ff81cc2b000 	C:\Program Files\Android\Android Studio\jbr\bin\VCRUNTIME140.dll
0x00007ff820040000 - 0x00007ff8201de000 	C:\windows\System32\USER32.dll
0x00007ff8041f0000 - 0x00007ff80448a000 	C:\windows\WinSxS\amd64_microsoft.windows.common-controls_6595b64144ccf1df_6.0.19041.3636_none_60b6a03d71f818d5\COMCTL32.dll
0x00007ff81f7e0000 - 0x00007ff81f802000 	C:\windows\System32\win32u.dll
0x00007ff821220000 - 0x00007ff8212be000 	C:\windows\System32\msvcrt.dll
0x00007ff81fe90000 - 0x00007ff81febc000 	C:\windows\System32\GDI32.dll
0x00007ff81f6c0000 - 0x00007ff81f7da000 	C:\windows\System32\gdi32full.dll
0x00007ff81fc10000 - 0x00007ff81fcad000 	C:\windows\System32\msvcp_win.dll
0x00007ff821670000 - 0x00007ff8216a0000 	C:\windows\System32\IMM32.DLL
0x00007ff81c660000 - 0x00007ff81c66c000 	C:\Program Files\Android\Android Studio\jbr\bin\vcruntime140_1.dll
0x00007ff806480000 - 0x00007ff80650d000 	C:\Program Files\Android\Android Studio\jbr\bin\msvcp140.dll
0x00007fffd0ce0000 - 0x00007fffd194e000 	C:\Program Files\Android\Android Studio\jbr\bin\server\jvm.dll
0x00007ff821c00000 - 0x00007ff821caf000 	C:\windows\System32\ADVAPI32.dll
0x00007ff81fec0000 - 0x00007ff81ff5c000 	C:\windows\System32\sechost.dll
0x00007ff821540000 - 0x00007ff821666000 	C:\windows\System32\RPCRT4.dll
0x00007ff816d40000 - 0x00007ff816d67000 	C:\windows\SYSTEM32\WINMM.dll
0x00007ff802bc0000 - 0x00007ff802bc9000 	C:\windows\SYSTEM32\WSOCK32.dll
0x00007ff817fc0000 - 0x00007ff817fca000 	C:\windows\SYSTEM32\VERSION.dll
0x00007ff821410000 - 0x00007ff82147b000 	C:\windows\System32\WS2_32.dll
0x00007ff81d260000 - 0x00007ff81d272000 	C:\windows\SYSTEM32\kernel.appcore.dll
0x00007ff81c6d0000 - 0x00007ff81c6da000 	C:\Program Files\Android\Android Studio\jbr\bin\jimage.dll
0x00007ff80ccf0000 - 0x00007ff80ced4000 	C:\windows\SYSTEM32\DBGHELP.DLL
0x00007ff80c380000 - 0x00007ff80c3b4000 	C:\windows\SYSTEM32\dbgcore.DLL
0x00007ff81f450000 - 0x00007ff81f4d2000 	C:\windows\System32\bcryptPrimitives.dll
0x00007ff81c630000 - 0x00007ff81c655000 	C:\Program Files\Android\Android Studio\jbr\bin\java.dll
0x00007ff81c600000 - 0x00007ff81c618000 	C:\Program Files\Android\Android Studio\jbr\bin\zip.dll
0x00007ff820650000 - 0x00007ff820d94000 	C:\windows\System32\SHELL32.dll
0x00007ff81d460000 - 0x00007ff81dbfb000 	C:\windows\SYSTEM32\windows.storage.dll
0x00007ff821770000 - 0x00007ff821ac4000 	C:\windows\System32\combase.dll
0x00007ff81ed50000 - 0x00007ff81ed7d000 	C:\windows\SYSTEM32\Wldp.dll
0x00007ff820f70000 - 0x00007ff82101d000 	C:\windows\System32\SHCORE.dll
0x00007ff821480000 - 0x00007ff8214d5000 	C:\windows\System32\shlwapi.dll
0x00007ff81f310000 - 0x00007ff81f335000 	C:\windows\SYSTEM32\profapi.dll
0x00007ff81c550000 - 0x00007ff81c569000 	C:\Program Files\Android\Android Studio\jbr\bin\net.dll
0x00007ff814b70000 - 0x00007ff814c7a000 	C:\windows\SYSTEM32\WINHTTP.dll
0x00007ff81eab0000 - 0x00007ff81eb1a000 	C:\windows\system32\mswsock.dll
0x00007ff81ae80000 - 0x00007ff81ae96000 	C:\Program Files\Android\Android Studio\jbr\bin\nio.dll

dbghelp: loaded successfully - version: 4.0.5 - missing functions: none
symbol engine: initialized successfully - sym options: 0x614 - pdb path: .;C:\Program Files\Android\Android Studio\jbr\bin;C:\windows\SYSTEM32;C:\windows\WinSxS\amd64_microsoft.windows.common-controls_6595b64144ccf1df_6.0.19041.3636_none_60b6a03d71f818d5;C:\Program Files\Android\Android Studio\jbr\bin\server

VM Arguments:
java_command: org.jetbrains.kotlin.cli.jvm.K2JVMCompiler @C:\android\RecipeBook\app\build\20231203_9114545283663559847.compiler.options
java_class_path (initial): C:\Users\Âà÷ÿ\.gradle\caches\modules-2\files-2.1\org.jetbrains.kotlin\kotlin-compiler-embeddable\1.8.10\b0757fd774344d54ce93f5ad6c30ba1c1731c8ff\kotlin-compiler-embeddable-1.8.10.jar;C:\Users\Âà÷ÿ\.gradle\caches\modules-2\files-2.1\org.jetbrains.kotlin\kotlin-stdlib\1.8.10\6d5560a229477df9406943d5feda5618e98eb64c\kotlin-stdlib-1.8.10.jar;C:\Users\Âà÷ÿ\.gradle\caches\modules-2\files-2.1\org.jetbrains.kotlin\kotlin-script-runtime\1.8.10\b13ea9c7e46d589139e56086a878763290e20bd5\kotlin-script-runtime-1.8.10.jar;C:\Users\Âà÷ÿ\.gradle\caches\modules-2\files-2.1\org.jetbrains.kotlin\kotlin-reflect\1.6.10\1cbe9c92c12a94eea200d23c2bbaedaf3daf5132\kotlin-reflect-1.6.10.jar;C:\Users\Âà÷ÿ\.gradle\caches\modules-2\files-2.1\org.jetbrains.kotlin\kotlin-daemon-embeddable\1.8.10\ad8541d9bc1cf9e52c3204161247910c2cf601d4\kotlin-daemon-embeddable-1.8.10.jar;C:\Users\Âà÷ÿ\.gradle\caches\modules-2\files-2.1\org.jetbrains.intellij.deps\trove4j\1.0.20200330\3afb14d5f9ceb459d724e907a21145e8ff394f02\trove4j-1.0.20200330.jar;C:\Users\Âà÷ÿ\.gradle\caches\modules-2\files-2.1\net.java.dev.jna\jna\5.6.0\330f2244e9030119ab3030fc3fededc86713d9cc\jna-5.6.0.jar;C:\Users\Âà÷ÿ\.gradle\caches\modules-2\files-2.1\org.jetbrains.kotlin\kotlin-stdlib-common\1.8.10\a61b182458550492c12aee66157d7b524a63a5ec\kotlin-stdlib-common-1.8.10.jar;C:\Users\Âà÷ÿ\.gradle\caches\modules-2\files-2.1\org.jetbrains\annotations\13.0\919f0dfe192fb4e063e7dacadee7f8bb9a2672a9\annotations-13.0.jar
Launcher Type: SUN_STANDARD

[Global flags]
     intx CICompilerCount                          = 3                                         {product} {ergonomic}
     uint ConcGCThreads                            = 1                                         {product} {ergonomic}
     uint G1ConcRefinementThreads                  = 4                                         {product} {ergonomic}
   size_t G1HeapRegionSize                         = 1048576                                   {product} {ergonomic}
    uintx GCDrainStackTargetSize                   = 64                                        {product} {ergonomic}
   size_t InitialHeapSize                          = 100663296                                 {product} {ergonomic}
   size_t MarkStackSize                            = 4194304                                   {product} {ergonomic}
   size_t MaxHeapSize                              = 1589641216                                {product} {ergonomic}
   size_t MaxNewSize                               = 953155584                                 {product} {ergonomic}
   size_t MinHeapDeltaBytes                        = 1048576                                   {product} {ergonomic}
   size_t MinHeapSize                              = 8388608                                   {product} {ergonomic}
    uintx NonNMethodCodeHeapSize                   = 5832780                                {pd product} {ergonomic}
    uintx NonProfiledCodeHeapSize                  = 122912730                              {pd product} {ergonomic}
    uintx ProfiledCodeHeapSize                     = 122912730                              {pd product} {ergonomic}
    uintx ReservedCodeCacheSize                    = 251658240                              {pd product} {ergonomic}
     bool SegmentedCodeCache                       = true                                      {product} {ergonomic}
   size_t SoftMaxHeapSize                          = 1589641216                             {manageable} {ergonomic}
     bool UseCompressedClassPointers               = true                           {product lp64_product} {ergonomic}
     bool UseCompressedOops                        = true                           {product lp64_product} {ergonomic}
     bool UseG1GC                                  = true                                      {product} {ergonomic}
     bool UseLargePagesIndividualAllocation        = false                                  {pd product} {ergonomic}

Logging:
Log output configuration:
 #0: stdout all=warning uptime,level,tags
 #1: stderr all=off uptime,level,tags

Environment Variables:
PATH=C:\Program Files (x86)\Common Files\Oracle\Java\javapath;C:\windows\system32;C:\windows;C:\windows\System32\Wbem;C:\windows\System32\WindowsPowerShell\v1.0\;C:\windows\System32\OpenSSH\;C:\Program Files\dotnet\;C:\Program Files\Microsoft SQL Server\150\Tools\Binn\;C:\Program Files\Microsoft SQL Server\Client SDK\ODBC\170\Tools\Binn\;C:\Program Files (x86)\Microsoft SQL Server\160\Tools\Binn\;C:\Program Files\Microsoft SQL Server\160\Tools\Binn\;C:\Program Files\Microsoft SQL Server\160\DTS\Binn\;C:\Program Files\nodejs\;C:\Program Files\PostgreSQL\15\bin;C:\Program Files\Git\cmd;C:\Users\Âà÷ÿ\.cargo\bin;C:\Users\Âà÷ÿ\AppData\Local\Programs\Python\Python39\Scripts\;C:\Users\Âà÷ÿ\AppData\Local\Programs\Python\Python39\;C:\Users\Âà÷ÿ\AppData\Local\Microsoft\WindowsApps;C:\Program Files\JetBrains\PyCharm Community Edition 2021.2.1\bin;;C:\Users\Âà÷ÿ\.dotnet\tools;C:\Users\Âà÷ÿ\AppData\Roaming\npm;C:\Users\57D6~1\AppData\Local\ffmpegio\ffmpeg-downloader\ffmpeg\bin;C:\Users\Âà÷ÿ\.cargo\bin;C:\Users\Âà÷ÿ\AppData\Local\GitHubDesktop\bin
USERNAME=Âà÷ÿ
OS=Windows_NT
PROCESSOR_IDENTIFIER=AMD64 Family 23 Model 24 Stepping 1, AuthenticAMD
TMP=C:\Users\57D6~1\AppData\Local\Temp
TEMP=C:\Users\57D6~1\AppData\Local\Temp


JNI global refs:
JNI global refs: 8, weak refs: 0

JNI global refs memory usage: 843, weak refs: 841


---------------  S Y S T E M  ---------------

OS:
 Windows 10 , 64 bit Build 19041 (10.0.19041.3636)
OS uptime: 11 days 20:08 hours
Hyper-V role detected

CPU: total 4 (initial active 4) (4 cores per cpu, 2 threads per core) family 23 model 24 stepping 1 microcode 0x0, cx8, cmov, fxsr, ht, mmx, 3dnowpref, sse, sse2, sse3, ssse3, sse4a, sse4.1, sse4.2, popcnt, lzcnt, tsc, tscinvbit, avx, avx2, aes, clmul, bmi1, bmi2, adx, sha, fma, vzeroupper, clflush, clflushopt, hv

Memory: 4k page, system-wide physical 6063M (135M free)
TotalPageFile size 24495M (AvailPageFile size 0M)
current process WorkingSet (physical memory assigned to process): 82M, peak: 82M
current process commit charge ("private bytes"): 185M, peak: 185M

vm_info: OpenJDK 64-Bit Server VM (17.0.6+0-b2043.56-10027231) for windows-amd64 JRE (17.0.6+0-b2043.56-10027231), built on Apr 28 2023 00:43:19 by "androidbuild" with MS VC++ 16.10 / 16.11 (VS2019)

END.
